	87
000	5
00000	2
00623	1
00637	1
00802	1
00850	1
01010	1
01012	1
01014	1
01230	1
01258	1
01266	1
01300	1
01520	2
01581	1
01610	1
01702	1
01757	1
01810	1
01833	1
01840	1
01845	1
01852	1
01921	1
01923	2
02061	1
02062	1
02081	1
02090	1
02116	3
02118	4
02130	1
02150	1
02184	1
02210	1
02346	1
02451	1
02464	1
02492	1
02536	1
02852	1
02865	1
02888	1
02914	1
03054	1
03060	1
03077	1
03079	1
03087	1
03101	1
03103	1
03110	1
03801	2
03818	1
03820	1
03861	1
03894	1
04103	1
04401	1
05346	1
05765	1
06010	1
06019	2
06040	1
06066	1
06067	3
06073	1
06103	1
06108	3
06109	1
06254	1
06282	1
06371	1
06385	2
06390	1
06404	1
06416	1
06418	2
06450	2
06451	1
06460	3
06461	2
06468	3
06470	1
06473	1
06482	2
06484	3
06511	1
06513	1
06514	1
06518	1
06604	7
06606	5
06607	2
06610	2
06611	3
06612	2
06614	4
06702	1
06704	1
06716	1
06763	1
06770	1
06776	6
06784	4
06798	2
06801	1
06804	5
06807	6
06810	3
06811	4
06812	2
06820	4
06824	4
06830	13
06831	6
06840	12
06850	2
06851	5
06854	3
06855	1
06870	3
06877	6
06878	2
06880	3
06890	4
06896	3
06897	5
06901	4
06902	13
06903	8
06905	7
06906	1
06907	1
07001	3
07002	20
07003	8
07004	41
07005	7
07006	3
07008	4
07009	1
07010	19
07011	15
07012	7
07013	7
07014	1
07016	20
07017	8
07018	4
07020	9
07022	5
07023	3
07024	23
07026	3
07027	1
07028	2
07029	3
07030	9
07031	8
07032	4
07033	5
07034	1
07035	1
07036	14
07039	9
07040	5
07041	2
07042	5
07043	4
07044	4
07045	2
07047	22
07050	6
07052	5
07054	2
07055	11
07057	4
07058	2
07059	3
07060	5
07063	2
07065	3
07066	6
07067	5
07068	1
07069	3
07070	10
07071	8
07072	6
07073	6
07075	3
07076	7
07081	2
07082	4
07083	16
07086	4
07087	35
07088	1
07090	7
07092	1
07093	28
07094	13
07095	3
07101	1
07102	7
07103	11
07104	6
07105	5
07106	4
07107	3
07108	7
07109	8
07110	7
07111	22
07112	5
07114	6
07201	2
07202	4
07203	1
07204	2
07205	2
07206	2
07208	5
07301	1
07302	22
07303	2
07304	12
07305	10
07306	27
07307	11
07310	3
07401	6
07405	6
07407	5
07410	19
07417	1
07421	4
07423	2
07424	7
07430	7
07436	1
07438	1
07440	1
07442	3
07444	1
07446	6
07450	8
07452	2
07456	4
07457	1
07458	6
07460	2
07461	2
07463	1
07470	17
07480	1
07481	7
07503	5
07504	3
07505	1
07506	8
07508	3
07512	1
07601	24
07603	11
07604	2
07605	6
07606	1
07607	6
07620	2
07621	11
07624	7
07626	6
07627	2
07628	7
07630	2
07631	31
07632	18
07640	4
07641	1
07643	3
07644	8
07645	4
07646	6
07647	4
07648	4
07649	8
07650	7
07652	24
07656	2
07657	2
07660	9
07661	8
07662	2
07663	3
07666	28
07670	8
07675	9
07676	2
07677	7
07701	5
07704	4
07711	1
07712	6
07716	2
07718	2
07719	5
07720	1
07721	4
07722	15
07724	6
07726	36
07727	27
07728	26
07730	10
07731	16
07733	7
07734	9
07735	11
07737	1
07738	4
07739	1
07740	1
07746	15
07747	18
07748	10
07751	20
07753	2
07757	1
07758	1
07760	4
07762	1
07764	1
07801	1
07825	1
07827	1
07830	3
07834	3
07836	2
07838	2
07840	5
07843	2
07848	1
07853	1
07856	2
07866	5
07869	3
07871	8
07901	3
07920	3
07921	1
07926	1
07927	1
07928	1
07932	1
07933	2
07936	2
07945	1
07950	1
07960	4
07981	4
08002	2
08003	3
08005	1
08007	1
08015	1
08021	1
08026	2
08033	2
08034	1
08035	1
08043	2
08046	3
08050	1
08052	1
08053	3
08054	8
08057	2
08060	4
08066	1
08083	1
08086	1
08088	2
08094	1
08104	2
08204	3
08234	1
08310	1
08330	1
08332	1
08502	1
08510	4
08512	3
08514	2
08520	2
08527	6
08530	1
08533	1
08534	2
08535	3
08540	1
08550	1
08551	2
08618	2
08619	1
08629	4
08648	1
08690	2
08691	1
08701	18
08721	1
08723	6
08724	5
08730	3
08733	1
08734	1
08736	6
08739	1
08742	1
08753	4
08755	4
08757	1
08759	5
08801	2
08802	1
08805	1
08807	1
08812	4
08816	14
08817	7
08820	2
08822	1
08823	1
08824	1
08827	1
08829	1
08830	1
08831	9
08832	1
08833	4
08837	8
08840	4
08844	5
08846	2
08852	5
08853	2
08854	8
08857	19
08859	15
08861	7
08863	3
08865	1
08872	5
08873	6
08876	3
08879	14
08880	1
08882	3
08884	2
08886	1
08889	2
08901	1
08902	5
10001	592
10002	561
10003	521
10004	88
10005	70
10006	33
10007	134
10008	3
10009	294
10010	308
10011	477
10012	249
10013	469
10014	325
10016	466
10017	300
10018	352
10019	546
10020	71
10021	337
10022	463
10023	311
10024	352
10025	419
10026	270
10027	361
10028	305
10029	450
10030	175
10031	318
10032	269
10033	290
10034	223
10035	239
10036	752
10037	87
10038	189
10039	134
10040	184
10041	2
10044	17
10055	1
10065	247
10069	17
10075	212
10080	1
10101	7
10103	5
10105	3
10106	4
10107	5
10108	5
10111	2
10112	8
10116	14
10118	7
10119	12
10120	4
10121	1
10122	1
10123	8
10128	336
10129	1
10150	4
10151	1
10152	2
10153	5
10154	2
10155	12
10156	4
10158	1
10159	2
10162	5
10163	7
10165	5
10166	6
10167	1
10168	7
10169	1
10170	8
10171	3
10172	2
10173	2
10174	2
10175	2
10176	1
10178	2
10185	3
10271	2
10276	2
10279	7
10280	31
10281	3
10282	20
10301	338
10302	262
10303	250
10304	348
10305	512
10306	584
10307	166
10308	211
10309	400
10310	328
10311	1
10312	518
10313	2
10314	837
10451	306
10452	488
10453	447
10454	224
10455	319
10456	471
10457	470
10458	535
10459	336
10460	313
10461	493
10462	559
10463	345
10464	46
10465	270
10466	364
10467	604
10468	381
10469	504
10470	117
10471	105
10472	439
10473	238
10474	157
10475	184
10501	4
10502	7
10504	22
10505	1
10506	13
10507	7
10509	15
10510	13
10511	1
10512	27
10514	11
10516	10
10517	2
10520	13
10522	18
10523	26
10524	2
10526	2
10528	27
10530	22
10532	11
10533	8
10535	1
10536	13
10537	4
10538	17
10540	1
10541	61
10542	1
10543	30
10546	2
10547	9
10548	6
10549	15
10550	112
10551	1
10552	40
10553	17
10560	5
10562	22
10566	18
10567	19
10570	22
10573	45
10576	8
10577	1
10579	20
10580	14
10583	72
10587	1
10588	2
10589	10
10590	7
10591	16
10594	12
10595	15
10596	1
10598	46
10601	14
10602	1
10603	24
10604	19
10605	12
10606	12
10607	18
10701	112
10702	1
10703	40
10704	215
10705	84
10706	15
10707	37
10708	46
10709	25
10710	76
10725	1
10801	100
10802	1
10803	35
10804	29
10805	36
10901	20
10913	18
10914	2
10916	8
10917	2
10918	5
10920	15
10921	1
10922	2
10923	1
10924	5
10925	3
10926	3
10928	2
10930	6
10940	16
10941	7
10949	1
10950	23
10952	17
10954	23
10956	41
10958	3
10960	8
10962	6
10963	1
10964	1
10965	51
10968	3
10969	4
10970	5
10973	1
10974	3
10976	1
10977	25
10980	10
10983	5
10986	3
10987	4
10989	11
10990	14
10992	2
10993	1
10994	7
1100	1
11001	126
11002	1
11003	131
11004	101
11005	5
1101	2
11010	92
11020	23
11021	57
11023	24
11024	4
11030	48
11040	239
11042	5
11050	53
11096	45
11101	518
11102	306
11103	429
11104	220
11105	361
11106	320
11109	14
11201	421
11202	9
11203	459
11204	588
11205	222
11206	369
11207	603
11208	604
11209	577
11210	350
11211	432
11212	459
11213	316
11214	874
11215	498
11216	342
11217	271
11218	847
11219	568
11220	783
11221	427
11222	369
11223	664
11224	316
11225	255
11226	607
11228	345
11229	643
11230	622
11231	293
11232	314
11233	291
11234	738
11235	723
11236	487
11237	359
11238	322
11239	52
11241	3
11242	12
11247	3
11249	105
11252	1
11350	1
11352	1
11354	573
11355	492
11356	270
11357	415
11358	360
11359	2
11360	108
11361	240
11362	123
11363	46
11364	210
11365	235
11366	142
11367	210
11368	756
11369	202
11370	150
11371	9
11372	615
11373	546
11374	281
11375	422
11377	660
11378	469
11379	338
11385	952
11386	3
11410	1
11411	96
11412	188
11413	209
11414	255
11415	123
11416	260
11417	301
11418	454
11419	662
11420	490
11421	313
11422	153
11423	252
11424	1
11426	173
11427	140
11428	179
11429	187
11430	36
11431	7
11432	554
11433	251
11434	368
11435	482
11436	137
11439	1
11501	98
11507	41
11509	15
11510	65
11514	9
11516	32
11518	22
11520	105
11530	71
11542	53
11545	24
11547	4
11548	6
11550	83
11552	63
11553	37
11554	78
11556	1
11557	19
11558	50
11559	25
11560	20
11561	64
11563	57
11565	21
11566	55
11568	6
11570	45
11572	92
11575	22
11576	23
11577	38
11579	14
11580	193
11581	90
11582	1
11590	131
11596	36
11598	50
11691	177
11692	59
11693	80
11694	146
11697	20
11701	29
11702	21
11703	16
11704	53
11705	13
11706	63
11709	13
11710	99
11713	6
11714	78
11715	3
11716	26
11717	45
11718	2
11719	4
11720	16
11721	4
11722	18
11724	11
11725	36
11726	34
11727	18
11729	97
11730	17
11731	36
11732	4
11733	17
11735	77
11738	12
11739	3
11740	12
11741	29
11742	8
11743	51
11746	132
11747	57
11749	9
11751	12
11752	5
11753	26
11754	18
11755	15
11756	72
11757	77
11758	89
11762	36
11763	21
11764	5
11765	2
11766	15
11767	16
11768	25
11769	6
11771	6
11772	21
11776	21
11777	5
11778	7
11779	58
11780	17
11782	7
11783	30
11784	10
11786	3
11787	34
11788	27
11789	2
11790	6
11791	60
11792	4
11793	53
11795	33
11796	5
11797	20
11798	10
11801	120
11802	1
11803	71
11804	5
11901	10
11930	3
11931	1
11932	2
11933	5
11934	6
11937	8
11939	1
11940	1
11942	6
11944	1
11946	5
11948	1
11949	8
11950	7
11952	2
11953	6
11954	1
11955	1
11957	1
11958	1
11961	7
11963	5
11965	1
11967	17
11968	10
11971	3
11972	1
11975	1
11976	1
11978	3
11980	5
12010	2
12015	1
12017	2
12018	1
12029	1
12043	1
12051	1
12054	3
12060	1
12065	3
12076	1
12093	1
12100	1
12110	1
12158	1
12167	3
12169	1
12172	1
12180	1
12194	2
12198	1
122 0	1
12200	4
12201	1
12202	1
12203	5
12205	1
12206	2
12207	1
12210	1
12211	3
1224	2
12304	2
12309	1
12401	4
12404	2
12409	2
12413	1
12414	1
12424	2
12428	1
12440	1
12443	1
12444	1
12449	2
12450	2
12461	3
12464	1
12466	1
12469	1
12473	1
12477	6
12480	1
12486	1
12494	1
12496	1
12498	1
12508	7
12514	2
12518	3
12520	4
12521	1
12522	1
12523	1
12524	5
12528	2
12531	1
12533	29
12534	4
12538	4
12540	2
12542	1
12543	1
12547	1
12549	5
12550	13
12553	11
12563	6
12564	5
12566	3
12567	1
12569	4
12570	2
12571	3
12572	5
12582	5
12585	1
12586	3
12588	1
12589	4
12590	18
12601	8
12603	15
12701	8
12719	2
12721	4
12725	1
12729	1
12734	2
12737	1
12740	1
12742	1
12748	1
12754	2
12764	1
12769	1
12771	6
12783	1
12788	2
12789	1
12790	1
12822	1
12828	1
12831	1
12845	1
12866	1
12901	2
12993	1
12996	1
13030	1
1308	1
13088	1
13092	1
13202	1
13203	1
13204	2
13206	1
13214	1
13339	1
13428	1
13501	1
13502	1
13655	1
13732	2
13740	1
13757	1
13760	3
13776	1
13778	3
13788	1
13807	1
13815	1
13820	2
13827	1
13838	1
13842	2
13844	1
13850	2
13905	1
14009	1
14020	1
14043	1
14051	1
14052	2
14059	3
14068	1
14075	1
14094	3
14127	3
14150	2
14202	2
14203	1
14207	1
14209	1
14210	2
14211	3
14212	1
14215	1
14217	2
14218	1
14219	2
14221	9
14224	3
14225	8
14226	1
14227	1
14228	5
14450	1
14454	1
14530	1
14534	1
14569	1
14604	1
14614	3
14615	1
14618	3
14621	1
14623	3
14624	1
14701	1
14830	1
14845	2
14850	1
14870	1
15132	1
15205	2
15218	2
15219	1
15220	1
15276	1
15301	1
1550	1
15909	1
1603	1
1617	1
1631	1
1634	5
16801	1
16803	1
17011	2
17015	1
17050	2
17104	1
17111	2
17268	1
17401	1
17601	1
17603	2
1780	4
1781	2
17872	1
17963	1
18013	2
18015	3
18017	2
18039	1
18040	2
18042	2
18045	2
18064	3
18072	2
18088	2
1810	1
18102	1
18103	2
18104	1
18106	1
18109	1
18201	1
18210	1
18301	6
18302	8
18322	1
18324	5
18328	3
18330	1
18334	1
18336	1
18337	3
18343	1
18344	1
18346	1
18353	1
18354	1
18360	6
18371	1
18403	1
18405	1
18417	1
18428	5
18431	1
18435	2
18436	2
18466	2
18469	1
18507	1
18508	2
18517	1
18519	1
18610	1
18630	1
18702	1
18706	2
18707	1
18936	2
18942	1
18954	1
18977	1
19006	1
19007	2
19013	126
19014	1
19020	2
19022	1
19026	2
19034	6
19040	1
19044	2
19053	4
19087	1
19103	1
19114	1
19122	1
19123	1
19136	2
19147	1
19152	1
19154	2
19317	1
19342	1
19382	1
19401	1
19422	1
19428	1
19462	1
19468	1
19506	2
19508	1
19601	1
19701	1
19702	1
19709	1
19720	1
19801	4
19803	1
19804	1
19890	2
20007	1
20011	1
20032	1
20130	5
20155	1
20166	2
2023	1
20705	1
20850	1
20855	1
2100	1
21015	1
21031	1
21076	1
21093	1
21108	1
21114	1
21117	1
21209	1
21212	1
21236	1
21401	1
21915	1
22003	1
22030	1
22182	1
22202	1
22203	1
22209	2
22304	1
22305	1
22307	3
22312	1
22408	1
23066	1
23230	1
23236	1
23320	2
23430	2
23452	4
23462	1
23502	4
23513	1
23605	1
23606	1
24012	3
24014	1
24598	1
25705	1
26575	1
27105	1
27106	1
27401	1
27405	1
27407	1
27410	1
27606	1
27616	1
27709	3
27713	1
28025	1
28110	1
28216	1
28217	5
28227	1
28269	1
28270	1
28273	3
28411	1
28590	1
28801	1
28803	1
29154	1
29210	1
29302	1
29406	1
29492	1
29502	1
29571	1
29601	4
29615	1
29715	1
29730	1
29732	1
29841	2
30005	1
30012	1
30016	1
30024	2
30043	1
30062	1
30066	1
30067	2
30071	8
30092	2
30093	1
30096	4
30120	1
30134	2
30144	4
30189	1
30203	1
30288	1
30309	1
30328	2
30339	23
30346	3
30349	1
30360	1
30642	1
30901	1
30907	1
31501	1
31904	1
32025	1
32073	1
32174	2
32204	1
32207	1
32216	1
32225	1
32256	7
32309	1
32330	1
32541	1
32714	1
32746	1
32750	1
32751	1
32803	1
32825	1
32835	1
32837	1
32901	1
32905	1
32960	2
33021	1
33024	2
33067	1
33126	2
33131	1
33139	3
33146	1
33157	1
33162	1
33166	1
33243	1
33255	1
33308	2
33309	2
33323	3
33409	1
33426	1
33428	1
33431	2
33432	2
33434	2
33441	1
33442	1
33455	1
33463	1
33467	1
33470	2
33480	5
33484	1
33487	1
33498	2
33547	1
33558	1
33602	1
33606	1
33614	2
33619	1
33624	1
33634	2
33647	1
33713	1
33716	1
33762	1
33770	1
33870	1
33952	1
34102	1
34232	2
34233	1
34237	2
34461	1
34476	1
34604	2
34691	1
34698	1
34715	1
34761	1
34986	1
35209	2
35244	1
35476	1
35901	2
36081	1
36116	1
36305	1
36609	2
36619	2
37067	4
37075	1
37210	1
37214	3
37311	1
37601	1
37615	1
37777	1
37804	1
37902	1
37917	1
37919	2
38016	1
38305	1
38655	1
38801	1
39003	1
40005	1
40006	2
40007	2
40031	1
40070	1
40072	1
40222	1
40223	2
4026	2
40299	2
40505	1
40511	1
40741	2
41018	1
41048	1
41101	2
41105	2
41108	1
43017	1
43054	1
43081	1
43085	1
43215	2
43219	2
43220	1
43230	2
43231	1
43232	1
43235	2
43512	1
43537	1
43614	1
44087	2
44094	1
44109	1
44111	1
44113	1
44114	1
44116	1
44122	2
44125	1
44139	1
44145	1
44146	1
44286	1
44444	2
44720	1
45040	4
45242	12
45414	1
46013	1
46037	1
46074	1
46142	1
46201	1
46216	1
46219	1
46227	1
46240	1
46250	2
46307	1
46350	1
47130	1
47240	1
47708	2
48076	2
48083	2
48093	1
48098	1
48108	1
48313	1
48331	1
48334	2
48507	1
48820	1
48906	1
49202	1
50003	1
50266	1
50309	1
50613	2
50701	3
50702	1
52101	1
53005	1
53203	2
53233	1
53716	1
53913	1
54060	1
54220	1
54302	1
54449	1
54601	1
54650	1
54880	1
55092	1
55102	1
55113	3
55121	1
55126	1
55127	1
55303	2
55304	1
55305	1
55337	2
55343	1
55344	1
55362	1
55402	1
55406	2
55423	1
55426	3
55430	1
55433	2
55435	1
55437	2
55439	1
55441	2
55447	1
55902	1
55975	1
5600	1
56003	2
56010	2
56201	1
56303	3
56377	2
57104	1
57107	1
57108	1
57401	1
58103	1
58501	1
59901	1
60004	1
60008	2
60010	1
60018	6
60035	1
6004	1
60045	1
60048	1
60062	5
60077	1
60089	1
60123	1
60143	1
60148	2
60164	1
60173	1
60179	1
60181	1
60515	1
60517	1
60555	1
60559	1
60563	1
60602	1
60603	1
60604	2
60605	1
60606	1
60610	1
60612	1
60622	1
60630	1
60631	2
60642	1
60654	1
60656	1
60657	1
60712	1
60714	1
61071	1
61107	2
61265	1
61602	1
61701	1
61761	2
61834	1
62223	1
62703	1
63026	1
63042	2
63045	4
63105	1
63141	1
63146	2
63301	3
63366	1
64086	1
64153	1
64503	1
65201	1
65804	1
66062	2
66202	1
66210	1
66211	1
66215	2
66223	1
66251	2
66614	1
67501	1
68106	2
68137	1
68164	1
70002	1
70183	1
70461	1
70808	1
70817	1
71292	1
72103	1
72201	2
72745	1
73112	3
73118	1
73134	1
73162	1
74107	1
74134	1
74135	1
74136	1
74137	1
75001	1
75006	1
75007	4
75019	2
75024	1
75034	3
75038	3
75039	2
75063	7
75067	3
75075	1
75080	1
75081	3
75090	3
75134	1
75154	1
75201	1
75205	1
75206	1
75207	1
75218	1
75219	4
75225	1
75229	1
75234	2
75238	1
75240	1
75244	3
75247	1
75248	1
75251	1
75474	1
75601	1
75701	1
76021	2
76034	1
76053	1
76092	2
76107	1
76112	1
76137	2
76155	1
76522	1
76706	1
76901	1
76904	1
77014	1
77035	2
77036	3
77041	1
77042	2
77043	1
77046	1
77057	2
77063	1
77066	1
77072	1
77074	2
77077	1
77081	2
77082	1
77083	1
77084	1
77092	1
77219	1
77338	1
77478	1
77550	1
77554	1
77802	1
77845	1
78130	2
78216	4
78217	1
78229	2
78550	1
78634	1
78660	2
78681	2
78682	1
78735	1
78744	2
78746	1
78750	1
78754	1
78758	1
78759	1
80014	1
80021	1
80110	2
80111	6
80112	4
80129	1
80202	1
80203	2
80224	1
80235	1
80237	1
80246	3
80302	1
80503	1
80910	1
81003	1
81501	1
82601	1
84003	1
84020	1
84115	1
84117	1
84119	2
85004	4
85014	1
85015	1
85020	1
85021	4
85027	1
85029	1
85034	1
85040	2
85044	2
85053	2
85202	1
85224	2
85249	1
85250	1
85251	1
85257	1
85259	1
85281	3
85282	5
85284	1
85286	3
85296	1
85301	1
85306	1
85705	1
85710	1
85711	2
85712	1
87110	1
89014	1
89102	1
89109	6
89117	2
89118	1
89119	4
89120	1
89146	1
89147	7
89148	1
89434	1
90004	1
90027	1
90048	1
90064	1
90067	1
90210	3
90230	1
90405	1
90623	1
90813	1
91301	1
91302	2
91321	1
91324	1
91354	1
91360	2
91361	3
91362	1
91367	1
91406	1
91502	1
91706	1
91730	2
91762	1
91790	1
91942	1
91950	1
92008	2
92009	2
92010	1
92025	2
92056	1
92081	1
92101	1
92108	7
92115	1
92120	1
92121	1
92123	1
92126	1
92127	1
92128	3
92253	1
92618	3
92626	1
92630	2
92660	2
92661	1
92692	1
92705	2
92805	1
92806	4
92807	1
92821	1
92867	1
92868	1
92879	1
92883	1
93012	1
93021	3
93065	1
93111	1
93117	1
93309	1
93313	2
93401	2
94103	16
94107	1
94111	1
94545	1
94551	1
94574	1
94607	2
94608	2
94804	1
94941	1
94954	4
95112	1
95120	2
95125	1
95330	1
95336	2
95501	1
95502	1
95624	1
95630	1
95660	1
95661	1
95670	1
95834	1
96756	1
96814	1
97005	3
97204	1
97214	1
97221	1
97301	2
97477	1
97502	1
97526	1
97527	1
98003	1
98005	1
98011	2
98021	1
98036	3
98057	2
98121	7
98201	1
98208	1
98335	1
98502	1
98684	1
99999	1
Address ZIP	1
H3L3T	2
L0E 1	1
L3R9T	1
L3X1V	2
PH	1
TW20	1
W1A 2	1
W1A2A	1
