	Horse Drawn Driver	273
	Ticket Seller	1594
	Process Server Individual	804
	Auctioneer	333
	Locksmith	2704
	Tow Truck Driver	2583
	Amusement Device Portable	20
	Pedicab Driver	911
	Motion Picture Projectionist	241
	Garage	22
	Tow Truck Company	5
	Secondhand Dealer - General	2
	Amusement Device Permanent	2
	Parking Lot	5
	Garage and Parking Lot	1
	Home Improvement Contractor	5
	General Vendor	2213
	Cigarette Retail Dealer	1
	Locksmith Apprentice	15
	Home Improvement Salesperson	13801
	Debt Collection Agency	1
BRONX	Amusement Device Temporary	1
Bronx	Garage	105
Bronx	Amusement Arcade	2
Bronx	Pool or Billiard Room	3
Bronx	Secondhand Dealer - Auto	152
Bronx	Commercial Lessor	2
Bronx	Laundry Jobber	94
Bronx	Tow Truck Company	139
Bronx	Amusement Device Temporary	4
Bronx	Secondhand Dealer - General	949
Bronx	Cigarette Retail Dealer	1389
Bronx	Special Sale	1
Bronx	Stoop Line Stand	249
Bronx	Garage and Parking Lot	16
Bronx	Laundry	331
Bronx	Scrap Metal Processor	14
Bronx	Laundries	16
Bronx	Catering Establishment	4
Bronx	Process Serving Agency	2
Bronx	Auction House Premises	1
Bronx	General Vendor	3
Bronx	Home Improvement Contractor	925
Bronx	Parking Lot	99
Bronx	Employment Agency	5
Bronx	Secondhand Dealer - Firearms	1
Bronx	Cabaret	8
Bronx	Debt Collection Agency	7
Bronx	Bingo Game Operator	15
Bronx	Dealer In Products	59
Bronx	Storage Warehouse	10
Bronx	Scale Dealer Repairer	3
Bronx	Pawnbroker	105
Bronx	Sidewalk Cafe	25
Bronx	Electronics Store	609
Bronx	Tow Truck Exemption	11
Bronx	Newsstand	14
Bronx	Electronic & Appliance Service	297
Bronx	Amusement Device Portable	48
Bronx	Pedicab Business	28
Bronx	Games of Chance	6
Bronx	Amusement Device Permanent	1
Brooklyn	Scrap Metal Processor	34
Brooklyn	Pedicab Business	93
Brooklyn	Bingo Game Operator	6
Brooklyn	Electronic & Appliance Service	541
Brooklyn	Newsstand	15
Brooklyn	Home Improvement Contractor	3233
Brooklyn	Horse Drawn Cab Owner	1
Brooklyn	Sidewalk Cafe	164
Brooklyn	Tow Truck Company	152
Brooklyn	Laundry Jobber	390
Brooklyn	Garage and Parking Lot	13
Brooklyn	Stoop Line Stand	778
Brooklyn	Scale Dealer Repairer	3
Brooklyn	General Vendor Distributor	1
Brooklyn	Garage	103
Brooklyn	Cigarette Retail Dealer	2464
Brooklyn	Catering Establishment	9
Brooklyn	Secondhand Dealer - Firearms	1
Brooklyn	Tow Truck Exemption	11
Brooklyn	Laundries	25
Brooklyn	Employment Agency	38
Brooklyn	Amusement Arcade	8
Brooklyn	Special Sale	2
Brooklyn	Electronics Store	929
Brooklyn	Commercial Lessor	1
Brooklyn	Parking Lot	53
Brooklyn	Pawnbroker	75
Brooklyn	Secondhand Dealer - General	1473
Brooklyn	Sightseeing Bus	2
Brooklyn	Storage Warehouse	4
Brooklyn	Process Serving Agency	11
Brooklyn	Amusement Device Permanent	88
Brooklyn	Laundry	840
Brooklyn	Debt Collection Agency	17
Brooklyn	Cabaret	17
Brooklyn	Games of Chance	8
Brooklyn	Booting Company	3
Brooklyn	Pedicab Driver	1
Brooklyn	Amusement Device Temporary	2
Brooklyn	Home Improvement Salesperson	3
Brooklyn	Amusement Device Portable	42
Brooklyn	Secondhand Dealer - Auto	247
Brooklyn	Pool or Billiard Room	9
Brooklyn	General Vendor	4
Brooklyn	Ticket Seller	1
Brooklyn	Gaming Cafe	12
Brooklyn	Dealer In Products	249
MANHATTAN	Cigarette Retail Dealer	3
Manhattan	Pedicab Business	82
Manhattan	Garage	801
Manhattan	Catering Establishment	9
Manhattan	Sidewalk Cafe	955
Manhattan	Pawnbroker	98
Manhattan	Cabaret	40
Manhattan	Special Sale	1
Manhattan	Laundries	30
Manhattan	Secondhand Dealer - Auto	29
Manhattan	Process Serving Agency	24
Manhattan	Horse Drawn Cab Owner	66
Manhattan	Pool or Billiard Room	9
Manhattan	Home Improvement Contractor	1191
Manhattan	Amusement Device Temporary	2
Manhattan	Dealer In Products	86
Manhattan	Laundry Jobber	777
Manhattan	Secondhand Dealer - General	1329
Manhattan	Home Improvement Salesperson	3
Manhattan	Debt Collection Agency	50
Manhattan	Employment Agency	210
Manhattan	Games of Chance	39
Manhattan	Cigarette Retail Dealer	2034
Manhattan	Amusement Arcade	4
Manhattan	Garage and Parking Lot	46
Manhattan	Electronics Store	655
Manhattan	Sightseeing Bus	5
Manhattan	Gaming Cafe	6
Manhattan	Auction House Premises	26
Manhattan	General Vendor	1
Manhattan	Tow Truck Company	31
Manhattan	Storage Warehouse	8
Manhattan	Newsstand	262
Manhattan	Scrap Metal Processor	1
Manhattan	Stoop Line Stand	509
Manhattan	Amusement Device Permanent	4
Manhattan	Electronic & Appliance Service	355
Manhattan	Scale Dealer Repairer	3
Manhattan	Pedicab Driver	1
Manhattan	Parking Lot	138
Manhattan	Laundry	348
Outside NYC	Horse Drawn Cab Owner	1
Outside NYC	Home Improvement Contractor	3234
Outside NYC	Pedicab Driver	1
Outside NYC	Games of Chance	1
Outside NYC	Tow Truck Driver	3
Outside NYC	Process Serving Agency	59
Outside NYC	Amusement Device Portable	224
Outside NYC	Auction House Premises	3
Outside NYC	Tow Truck Company	10
Outside NYC	Secondhand Dealer - General	3
Outside NYC	Auctioneer	1
Outside NYC	Dealer In Products	72
Outside NYC	Ticket Seller	1
Outside NYC	Laundries	20
Outside NYC	Home Improvement Salesperson	4
Outside NYC	Tow Truck Exemption	3
Outside NYC	Process Server Individual	1
Outside NYC	Scale Dealer Repairer	13
Outside NYC	Electronics Store	2
Outside NYC	Electronic & Appliance Service	14
Outside NYC	General Vendor	1
Outside NYC	Pedicab Business	19
Outside NYC	Debt Collection Agency	1313
QUEENS	Home Improvement Contractor	2
QUEENS	Amusement Device Temporary	1
QUEENS	Cigarette Retail Dealer	1
Queens	Amusement Device Permanent	5
Queens	Home Improvement Salesperson	8
Queens	Process Serving Agency	18
Queens	Laundry	782
Queens	Games of Chance	10
Queens	Auction House Premises	5
Queens	Electronics Store	923
Queens	Bingo Game Operator	19
Queens	Dealer In Products	167
Queens	Garage and Parking Lot	19
Queens	Pool or Billiard Room	27
Queens	Newsstand	25
Queens	Debt Collection Agency	21
Queens	Cigarette Retail Dealer	1980
Queens	Garage	88
Queens	Horse Drawn Driver	1
Queens	Tow Truck Exemption	13
Queens	Sidewalk Cafe	117
Queens	Catering Establishment	14
Queens	Scale Dealer Repairer	10
Queens	Parking Lot	60
Queens	Ticket Seller	1
Queens	Secondhand Dealer - General	1322
Queens	Tow Truck Driver	1
Queens	Electronic & Appliance Service	543
Queens	Storage Warehouse	8
Queens	Laundries	29
Queens	Scrap Metal Processor	12
Queens	Amusement Device Temporary	7
Queens	Home Improvement Contractor	4066
Queens	Gaming Cafe	15
Queens	Cabaret	25
Queens	Laundry Jobber	272
Queens	Pawnbroker	66
Queens	Secondhand Dealer - Auto	287
Queens	Sightseeing Bus	1
Queens	General Vendor	3
Queens	Tow Truck Company	198
Queens	Amusement Device Portable	7
Queens	Amusement Arcade	3
Queens	Booting Company	2
Queens	Employment Agency	69
Queens	Commercial Lessor	3
Queens	Pedicab Business	47
Queens	Stoop Line Stand	578
Staten Island	Home Improvement Contractor	1389
Staten Island	Tow Truck Company	57
Staten Island	Cigarette Retail Dealer	403
Staten Island	Garage	3
Staten Island	Tow Truck Exemption	3
Staten Island	Laundry	73
Staten Island	Amusement Device Permanent	8
Staten Island	Secondhand Dealer - General	229
Staten Island	Electronic & Appliance Service	62
Staten Island	Bingo Game Operator	6
Staten Island	Laundry Jobber	70
Staten Island	Scrap Metal Processor	7
Staten Island	Cabaret	3
Staten Island	Amusement Arcade	1
Staten Island	Secondhand Dealer - Firearms	2
Staten Island	Pawnbroker	12
Staten Island	Secondhand Dealer - Auto	68
Staten Island	Amusement Device Temporary	3
Staten Island	Special Sale	1
Staten Island	Amusement Device Portable	148
Staten Island	Employment Agency	1
Staten Island	Catering Establishment	3
Staten Island	Pedicab Business	3
Staten Island	Parking Lot	3
Staten Island	Stoop Line Stand	24
Staten Island	Home Improvement Salesperson	1
Staten Island	Scale Dealer Repairer	1
Staten Island	Process Serving Agency	4
Staten Island	Tow Truck Driver	2
Staten Island	Laundries	3
Staten Island	Dealer In Products	15
Staten Island	Electronics Store	109
Staten Island	Storage Warehouse	1
Staten Island	Pool or Billiard Room	4
Staten Island	Debt Collection Agency	6
Staten Island	Games of Chance	9
