101	MURDER & NON-NEGL. MANSLAUGHTER
102	HOMICIDE-NEGLIGENT-VEHICLE
103	HOMICIDE-NEGLIGENT,UNCLASSIFIE
104	RAPE
105	
105	ROBBERY
106	
106	FELONY ASSAULT
107	
107	BURGLARY
109	
109	GRAND LARCENY
110	GRAND LARCENY OF MOTOR VEHICLE
111	
111	POSSESSION OF STOLEN PROPERTY
112	
112	THEFT-FRAUD
113	
113	FORGERY
114	ARSON
115	PROSTITUTION & RELATED OFFENSES
116	
116	SEX CRIMES
117	
117	DANGEROUS DRUGS
118	DANGEROUS WEAPONS
119	INTOXICATED/IMPAIRED DRIVING
120	CHILD ABANDONMENT/NON SUPPORT
120	ENDAN WELFARE INCOMP
121	
121	CRIMINAL MISCHIEF & RELATED OF
122	GAMBLING
123	ABORTION
124	
124	KIDNAPPING
124	KIDNAPPING & RELATED OFFENSES
124	KIDNAPPING AND RELATED OFFENSES
125	
125	NYS LAWS-UNCLASSIFIED FELONY
126	
126	MISCELLANEOUS PENAL LAW
230	
230	JOSTLING
231	BURGLAR'S TOOLS
232	
232	POSSESSION OF STOLEN PROPERTY
233	
233	SEX CRIMES
234	PROSTITUTION & RELATED OFFENSES
235	
235	DANGEROUS DRUGS
236	
236	DANGEROUS WEAPONS
237	
237	ESCAPE 3
238	FRAUDULENT ACCOSTING
340	
340	FRAUDS
341	
341	PETIT LARCENY
342	PETIT LARCENY OF MOTOR VEHICLE
343	
343	OTHER OFFENSES RELATED TO THEF
343	THEFT OF SERVICES
344	
344	ASSAULT 3 & RELATED OFFENSES
345	ENDAN WELFARE INCOMP
345	OFFENSES RELATED TO CHILDREN
346	ALCOHOLIC BEVERAGE CONTROL LAW
347	
347	INTOXICATED & IMPAIRED DRIVING
348	
348	VEHICLE AND TRAFFIC LAWS
349	DISRUPTION OF A RELIGIOUS SERV
350	
350	GAMBLING
351	
351	CRIMINAL MISCHIEF & RELATED OF
352	
352	CRIMINAL TRESPASS
353	UNAUTHORIZED USE OF A VEHICLE
354	ANTICIPATORY OFFENSES
355	
355	OFFENSES AGAINST THE PERSON
356	
356	PROSTITUTION & RELATED OFFENSES
357	FORTUNE TELLING
358	
358	OFFENSES INVOLVING FRAUD
359	
359	OFFENSES AGAINST PUBLIC ADMINI
360	
360	LOITERING FOR DRUG PURPOSES
361	
361	OFF. AGNST PUB ORD SENSBLTY &
362	OFFENSES AGAINST MARRIAGE UNCL
363	OFFENSES AGAINST PUBLIC SAFETY
364	
364	AGRICULTURE & MRKTS LAW-UNCLASSIFIED
364	OTHER STATE LAWS (NON PENAL LA
364	OTHER STATE LAWS (NON PENAL LAW)
365	
365	ADMINISTRATIVE CODE
366	
366	NEW YORK CITY HEALTH CODE
455	UNLAWFUL POSS. WEAP. ON SCHOOL
460	LOITERING/DEVIATE SEX
571	LOITERING/GAMBLING (CARDS, DIC
572	DISORDERLY CONDUCT
577	UNDER THE INFLUENCE OF DRUGS
578	
578	HARRASSMENT 2
672	LOITERING
675	
675	ADMINISTRATIVE CODE
676	NEW YORK CITY HEALTH CODE
677	NYS LAWS-UNCLASSIFIED VIOLATION
677	OTHER STATE LAWS
678	
678	MISCELLANEOUS PENAL LAW
685	ADMINISTRATIVE CODES
881	OTHER TRAFFIC INFRACTION
