101	MURDER & NON-NEGL. MANSLAUGHTER		
102	HOMICIDE-NEGLIGENT-VEHICLE	121	HOMICIDE,NEGLIGENT,VEHICLE
102	HOMICIDE-NEGLIGENT-VEHICLE	122	HOMICIDE, NEGLIGENT, VEHICLE,
103	HOMICIDE-NEGLIGENT,UNCLASSIFIE	125	HOMICIDE,NEGLIGENT,UNCLASSIFIE
104	RAPE	153	RAPE 3
104	RAPE	155	RAPE 2
104	RAPE	157	RAPE 1
104	RAPE	159	RAPE 1,ATTEMPT
105		419	LARCENY,GRAND FROM PERSON,UNCL
105	ROBBERY	360	ROBBERY,ATM LOCATION
105	ROBBERY	361	ROBBERY,BANK
105	ROBBERY	363	ROBBERY,BAR/RESTAURANT
105	ROBBERY	365	ROBBERY,LIQUOR STORE
105	ROBBERY	366	ROBBERY,BICYCLE
105	ROBBERY	367	ROBBERY, CHAIN STORE
105	ROBBERY	371	ROBBERY,CHECK CASHING BUSINESS
105	ROBBERY	373	ROBBERY,DOCTOR/DENTIST OFFICE
105	ROBBERY	375	ROBBERY,PHARMACY
105	ROBBERY	377	ROBBERY,BODEGA/CONVENIENCE STORE
105	ROBBERY	379	ROBBERY,GAS STATION
105	ROBBERY	380	ROBBERY,CAR JACKING
105	ROBBERY	381	ROBBERY,HIJACKING
105	ROBBERY	382	ROBBERY,NECKCHAIN/JEWELRY
105	ROBBERY	384	ROBBERY,POCKETBOOK/CARRIED BAG
105	ROBBERY	385	ROBBERY, PAYROLL
105	ROBBERY	386	ROBBERY,PERSONAL ELECTRONIC DEVICE
105	ROBBERY	387	ROBBERY,CLOTHING
105	ROBBERY	388	ROBBERY,RESIDENTIAL COMMON AREA
105	ROBBERY	389	ROBBERY,DWELLING
105	ROBBERY	390	ROBBERY,HOME INVASION
105	ROBBERY	391	ROBBERY,LICENSED MEDALLION CAB
105	ROBBERY	392	ROBBERY,UNLICENSED FOR HIRE VEHICLE
105	ROBBERY	393	ROBBERY,OF TRUCK DRIVER
105	ROBBERY	394	ROBBERY,LICENSED FOR HIRE VEHICLE
105	ROBBERY	395	ROBBERY,ON BUS/ OR BUS DRIVER
105	ROBBERY	396	ROBBERY,BEGIN AS SHOPLIFTING
105	ROBBERY	397	ROBBERY,OPEN AREA UNCLASSIFIED
105	ROBBERY	398	ROBBERY,PUBLIC PLACE INSIDE
105	ROBBERY	399	ROBBERY,COMMERCIAL UNCLASSIFIED
106		101	ASSAULT 3
106		186	LURING A CHILD
106		321	LARCENY,PETIT FROM AUTO
106		639	AGGRAVATED HARASSMENT 2
106		749	VIOLATION OF ORDER OF PROTECTI
106		759	PUBLIC ADMINISTATION,UNCLASS M
106		779	PUBLIC ADMINISTRATION,UNCLASSI
106	FELONY ASSAULT	105	STRANGULATION 1ST
106	FELONY ASSAULT	106	ASSAULT 2,1,PEACE OFFICER
106	FELONY ASSAULT	109	ASSAULT 2,1,UNCLASSIFIED
107		339	LARCENY,PETIT FROM OPEN AREAS,
107	BURGLARY	211	BURGLARY,COMMERCIAL,DAY
107	BURGLARY	213	BURGLARY,COMMERCIAL,NIGHT
107	BURGLARY	214	BURGLARY,COMMERCIAL,UNKNOWN TI
107	BURGLARY	221	BURGLARY,RESIDENCE,DAY
107	BURGLARY	223	BURGLARY,RESIDENCE,NIGHT
107	BURGLARY	224	BURGLARY,RESIDENCE,UNKNOWN TIM
107	BURGLARY	231	BURGLARY,TRUCK DAY
107	BURGLARY	233	BURGLARY,TRUCK NIGHT
107	BURGLARY	234	BURGLARY,UNKNOWN TIME
107	BURGLARY	241	BURGLARY,UNCLASSIFIED,DAY
107	BURGLARY	243	BURGLARY,UNCLASSIFIED,NIGHT
107	BURGLARY	244	BURGLARY,UNCLASSIFIED,UNKNOWN
109		305	LARCENY,PETIT BY CREDIT CARD U
109		338	LARCENY,PETIT FROM BUILDING,UN
109		441	LARCENY,GRAND OF AUTO
109		718	FRAUD,UNCLASSIFIED-MISDEMEANOR
109		739	FRAUD,UNCLASSIFIED-FELONY
109		749	VIOLATION OF ORDER OF PROTECTI
109		759	PUBLIC ADMINISTATION,UNCLASS M
109	GRAND LARCENY	401	LARCENY,GRAND BY ACQUIRING LOS
109	GRAND LARCENY	402	LARCENY,GRAND BY FALSE PROMISE-NOT IN PERSON CONTACT
109	GRAND LARCENY	403	LARCENY,GRAND BY BANK ACCT COMPROMISE-REPRODUCED CHECK
109	GRAND LARCENY	404	LARCENY,GRAND FROM PERSON,PERSONAL ELECTRONIC DEVICE(SNATCH)
109	GRAND LARCENY	405	LARCENY,GRAND BY THEFT OF CREDIT CARD
109	GRAND LARCENY	406	LARCENY,GRAND FROM PERSON, BAG OPEN/DIP
109	GRAND LARCENY	407	LARCENY,GRAND BY DISHONEST EMP
109	GRAND LARCENY	408	LARCENY,GRAND FROM PERSON,LUSH WORKER(SLEEPING/UNCON VICTIM)
109	GRAND LARCENY	409	LARCENY,GRAND BY EXTORTION
109	GRAND LARCENY	410	LARCENY,GRAND FROM RETAIL STORE, UNATTENDED
109	GRAND LARCENY	411	LARCENY,GRAND FROM EATERY, UNATTENDED
109	GRAND LARCENY	412	LARCENY,GRAND FROM RESIDENCE, UNATTENDED
109	GRAND LARCENY	413	LARCENY,GRAND BY FALSE PROMISE
109	GRAND LARCENY	414	LARCENY,GRAND PERSON,NECK CHAI
109	GRAND LARCENY	415	LARCENY,GRAND FROM PERSON,PICK
109	GRAND LARCENY	416	LARCENY,GRAND FROM NIGHT CLUB, UNATTENDED
109	GRAND LARCENY	417	LARCENY,GRAND FROM PERSON,PURS
109	GRAND LARCENY	418	LARCENY,GRAND BY ACQUIRING LOST CREDIT CARD
109	GRAND LARCENY	419	LARCENY,GRAND FROM PERSON,UNCL
109	GRAND LARCENY	420	LARCENY,GRAND BY OPEN/COMPROMISE CELL PHONE ACCT
109	GRAND LARCENY	421	LARCENY,GRAND FROM VEHICLE/MOTORCYCLE
109	GRAND LARCENY	422	LARCENY,GRAND BY OPEN CREDIT CARD (NEW ACCT)
109	GRAND LARCENY	423	LARCENY,GRAND FROM BOAT, UNATTENDED
109	GRAND LARCENY	424	LARCENY,GRAND BY CREDIT CARD ACCT COMPROMISE-EXISTING ACCT
109	GRAND LARCENY	425	LARCENY,GRAND BY BANK ACCT COMPROMISE-ATM TRANSACTION
109	GRAND LARCENY	426	LARCENY,GRAND BY BANK ACCT COMPROMISE-TELLER
109	GRAND LARCENY	427	LARCENY,GRAND FROM PARKING MET
109	GRAND LARCENY	428	LARCENY,GRAND BY BANK ACCT COMPROMISE-UNAUTHORIZED PURCHASE
109	GRAND LARCENY	429	LARCENY,GRAND FROM COIN MACHIN
109	GRAND LARCENY	430	LARCENY,GRAND BY BANK ACCT COMPROMISE-UNCLASSIFIED
109	GRAND LARCENY	431	LARCENY,GRAND FROM PIER, UNATTENDED
109	GRAND LARCENY	432	LARCENY,GRAND BY IDENTITY THEFT-UNCLASSIFIED
109	GRAND LARCENY	433	LARCENY,GRAND FROM STORE-SHOPL
109	GRAND LARCENY	434	LARCENY,GRAND BY OPEN BANK ACCT
109	GRAND LARCENY	435	LARCENY,GRAND FROM TRUCK, UNATTENDED
109	GRAND LARCENY	436	LARCENY,GRAND BY CREDIT CARD COMPROMISE-UNAUTHORIZE PURCHASE
109	GRAND LARCENY	437	LARCENY,GRAND BY FALSE PROMISE-IN PERSON CONTACT
109	GRAND LARCENY	438	LARCENY,GRAND FROM BUILDING (NON-RESIDENCE) UNATTENDED
109	GRAND LARCENY	439	LARCENY,GRAND FROM OPEN AREAS, UNATTENDED
109	GRAND LARCENY	443	LARCENY,GRAND OF BICYCLE
109	GRAND LARCENY	445	LARCENY,GRAND OF BOAT
109	GRAND LARCENY	447	GRAND LARCENY-CHECK FROM MAILB
109	GRAND LARCENY	457	LARCENY,GRAND OF VEHICULAR/MOTORCYCLE ACCESSORIES
110	GRAND LARCENY OF MOTOR VEHICLE	441	LARCENY,GRAND OF AUTO
110	GRAND LARCENY OF MOTOR VEHICLE	442	LARCENY, GRAND OF AUTO - ATTEM
110	GRAND LARCENY OF MOTOR VEHICLE	450	LARCENY, GRAND OF MOPED
110	GRAND LARCENY OF MOTOR VEHICLE	451	LARCENY,GRAND OF MOTORCYCLE
110	GRAND LARCENY OF MOTOR VEHICLE	455	LARCENY,GRAND OF TRUCK
111		491	STOLEN PROP-MOTOR VEHICLE 3RD,
111	POSSESSION OF STOLEN PROPERTY	493	STOLEN PROPERTY-MOTOR VEH 2ND,
111	POSSESSION OF STOLEN PROPERTY	494	STOLEN PROPERTY 2,1,POSSESSION
111	POSSESSION OF STOLEN PROPERTY	498	STOLEN PROPERTY 2,POSSESSION B
112		405	LARCENY,GRAND BY THEFT OF CREDIT CARD
112		718	FRAUD,UNCLASSIFIED-MISDEMEANOR
112		749	VIOLATION OF ORDER OF PROTECTI
112		759	PUBLIC ADMINISTATION,UNCLASS M
112	THEFT-FRAUD	489	THEFT,RELATED OFFENSES,UNCLASS
112	THEFT-FRAUD	739	FRAUD,UNCLASSIFIED-FELONY
112	THEFT-FRAUD	772	COMPUTER TAMPER/TRESSPASS
112	THEFT-FRAUD	775	MONEY LAUNDERING 1 & 2
113		705	FORGERY,ETC.-MISD.
113	FORGERY	723	FORGERY,DRIVERS LICENSE
113	FORGERY	725	FORGERY,M.V. REGISTRATION
113	FORGERY	727	FORGERY,PRESCRIPTION
113	FORGERY	729	FORGERY,ETC.,UNCLASSIFIED-FELO
114	ARSON	261	ARSON 1
114	ARSON	263	ARSON 2,3,4
114	ARSON	264	ARSON, MOTOR VEHICLE 1 2 3 & 4
115	PROSTITUTION & RELATED OFFENSES	561	PROSTITUTION, PATRONIZING 2, 1
115	PROSTITUTION & RELATED OFFENSES	584	PROSTITUTION 3, PROMOTING UNDE
115	PROSTITUTION & RELATED OFFENSES	585	PROSTITUTION 3,PROMOTING BUSIN
115	PROSTITUTION & RELATED OFFENSES	586	SEX TRAFFICKING
115	PROSTITUTION & RELATED OFFENSES	587	PROSTITUTION 2, COMPULSORY
115	PROSTITUTION & RELATED OFFENSES	588	PROSTITUTION 2, UNDER 16
115	PROSTITUTION & RELATED OFFENSES	589	PROSTITUTION 1, UNDER 11
116		117	RECKLESS ENDANGERMENT 1
116		749	VIOLATION OF ORDER OF PROTECTI
116	SEX CRIMES	164	SODOMY 3
116	SEX CRIMES	166	SODOMY 2
116	SEX CRIMES	168	SODOMY 1
116	SEX CRIMES	176	SEX CRIMES
116	SEX CRIMES	177	SEXUAL ABUSE
116	SEX CRIMES	178	FAC. SEXUAL OFFENSE W/CONTROLL
116	SEX CRIMES	179	AGGRAVATED SEXUAL ASBUSE
116	SEX CRIMES	180	COURSE OF SEXUAL CONDUCT AGAIN
116	SEX CRIMES	594	OBSCENITY 1
116	SEX CRIMES	596	OBSCENE MATERIAL - UNDER 17 YE
116	SEX CRIMES	693	INCEST
116	SEX CRIMES	694	INCEST
117		511	CONTROLLED SUBSTANCE, POSSESSI
117		513	POSS METH MANUFACT MATERIAL
117		749	VIOLATION OF ORDER OF PROTECTI
117		847	NY STATE LAWS,UNCLASSIFIED FEL
117	DANGEROUS DRUGS	500	CONTROLLED SUBSTANCE,POSSESS.
117	DANGEROUS DRUGS	501	CONTROLLED SUBSTANCE,POSSESS.
117	DANGEROUS DRUGS	502	CONTROLLED SUBSTANCE,POSSESS.
117	DANGEROUS DRUGS	503	CONTROLLED SUBSTANCE,INTENT TO
117	DANGEROUS DRUGS	505	CONTROLLED SUBSTANCE, POSSESSI
117	DANGEROUS DRUGS	507	CONTROLLED SUBSTANCE, POSSESSI
117	DANGEROUS DRUGS	510	CONTROLLED SUBSTANCE, INTENT T
117	DANGEROUS DRUGS	512	CONTROLLED SUBSTANCE,SALE 1
117	DANGEROUS DRUGS	514	CONTROLLED SUBSTANCE,SALE 2
117	DANGEROUS DRUGS	515	CONTROLLED SUBSTANCE,SALE 3
117	DANGEROUS DRUGS	519	SALE SCHOOL GROUNDS 4
117	DANGEROUS DRUGS	520	CONTROLLED SUBSTANCE, SALE 4
117	DANGEROUS DRUGS	521	CONTROLLED SUBSTANCE, SALE 5
117	DANGEROUS DRUGS	522	USE CHILD TO COMMIT CONT SUB OFF
117	DANGEROUS DRUGS	523	SALE SCHOOL GROUNDS
117	DANGEROUS DRUGS	524	CONTROLLED SUBSTANCE,POSSESS.-
117	DANGEROUS DRUGS	529	SALES OF PRESCRIPTION
117	DANGEROUS DRUGS	530	DRUG, INJECTION OF
117	DANGEROUS DRUGS	531	DRUG PARAPHERNALIA,   POSSESSE
117	DANGEROUS DRUGS	532	CONTROLLED SUBSTANCE,POSSESS.
117	DANGEROUS DRUGS	568	MARIJUANA, POSSESSION 1, 2 & 3
117	DANGEROUS DRUGS	570	MARIJUANA, SALE 1, 2 & 3
118	DANGEROUS WEAPONS	781	CRIMINAL DISPOSAL FIREARM 1 &
118	DANGEROUS WEAPONS	792	WEAPONS POSSESSION 1 & 2
118	DANGEROUS WEAPONS	793	WEAPONS POSSESSION 3
118	DANGEROUS WEAPONS	796	WEAPONS,PROHIBITED USE
119	INTOXICATED/IMPAIRED DRIVING	904	INTOXICATED DRIVING,ALCOHOL
120	CHILD ABANDONMENT/NON SUPPORT	695	CHILD ABANDONMENT
120	ENDAN WELFARE INCOMP	698	INCOMPETENT PERSON,KNOWINGLY ENDANGERING
121		254	MISCHIEF, CRIMINAL 4, OF MOTOR
121		259	CRIMINAL MISCHIEF,UNCLASSIFIED 4
121		759	PUBLIC ADMINISTATION,UNCLASS M
121		779	PUBLIC ADMINISTRATION,UNCLASSI
121	CRIMINAL MISCHIEF & RELATED OF	265	MISCHIEF 1,CRIMINAL,EXPLOSIVE
121	CRIMINAL MISCHIEF & RELATED OF	266	MISCHIEF, CRIMINAL 3&2, BY FIR
121	CRIMINAL MISCHIEF & RELATED OF	267	MISCHIEF, CRIMINAL 3 & 2, OF M
121	CRIMINAL MISCHIEF & RELATED OF	268	CRIMINAL MIS 2 & 3
121	CRIMINAL MISCHIEF & RELATED OF	269	MISCHIEF,CRIMINAL,    UNCL 2ND
121	CRIMINAL MISCHIEF & RELATED OF	273	TAMPERING 1,CRIMINAL
122	GAMBLING	553	GAMBLING 1,PROMOTING,BOOKMAKIN
122	GAMBLING	557	GAMBLING 1,PROMOTING,POLICY
123	ABORTION	143	ABORTION 1
124		759	PUBLIC ADMINISTATION,UNCLASS M
124	KIDNAPPING	186	LURING A CHILD
124	KIDNAPPING & RELATED OFFENSES	183	IMPRISONMENT 1,UNLAWFUL
124	KIDNAPPING & RELATED OFFENSES	185	KIDNAPPING 2
124	KIDNAPPING & RELATED OFFENSES	187	KIDNAPPING 1
124	KIDNAPPING & RELATED OFFENSES	193	CUSTODIAL INTERFERENCE 1
124	KIDNAPPING AND RELATED OFFENSES	184	LABOR TRAFFICKING
125		779	PUBLIC ADMINISTRATION,UNCLASSI
125	NYS LAWS-UNCLASSIFIED FELONY	844	CAUSE SPI/KILL ANIMAL
125	NYS LAWS-UNCLASSIFIED FELONY	845	BREED/TRAIN/HOST ANIMAL FIGHTING
125	NYS LAWS-UNCLASSIFIED FELONY	847	NY STATE LAWS,UNCLASSIFIED FEL
126		113	MENACING,UNCLASSIFIED
126		277	RECKLESS ENDANGERMENT OF PROPE
126		594	OBSCENITY 1
126		625	DISORDERLY CONDUCT
126		748	CONTEMPT,CRIMINAL
126		749	VIOLATION OF ORDER OF PROTECTI
126		759	PUBLIC ADMINISTATION,UNCLASS M
126	MISCELLANEOUS PENAL LAW	104	VEHICULAR ASSAULT (INTOX DRIVE
126	MISCELLANEOUS PENAL LAW	107	END WELFARE VULNERABLE ELDERLY PERSON
126	MISCELLANEOUS PENAL LAW	110	MENACING 1ST DEGREE (VICT PEAC
126	MISCELLANEOUS PENAL LAW	112	MENACING 1ST DEGREE (VICT NOT
126	MISCELLANEOUS PENAL LAW	117	RECKLESS ENDANGERMENT 1
126	MISCELLANEOUS PENAL LAW	119	PROMOTING SUICIDE ATTEMPT
126	MISCELLANEOUS PENAL LAW	197	COERCION 1
126	MISCELLANEOUS PENAL LAW	198	CRIMINAL CONTEMPT 1
126	MISCELLANEOUS PENAL LAW	199	AGGRAVATED CRIMINAL CONTEMPT
126	MISCELLANEOUS PENAL LAW	204	TRESPASS 1,CRIMINAL
126	MISCELLANEOUS PENAL LAW	285	SOLICITATION 3,2,1, CRIMINAL
126	MISCELLANEOUS PENAL LAW	291	CONSPIRACY 4, 3
126	MISCELLANEOUS PENAL LAW	293	CONSPIRACY 2, 1
126	MISCELLANEOUS PENAL LAW	299	FACILITATION 3,2,1, CRIMINAL
126	MISCELLANEOUS PENAL LAW	461	UNAUTHORIZED USE VEHICLE 2
126	MISCELLANEOUS PENAL LAW	640	AGGRAVATED HARASSMENT 1
126	MISCELLANEOUS PENAL LAW	641	HEALTHCARE/RENT.REG.
126	MISCELLANEOUS PENAL LAW	644	FALSE REPORT 1,FIRE
126	MISCELLANEOUS PENAL LAW	648	PLACE FALSE BOMB
126	MISCELLANEOUS PENAL LAW	663	SUPP. ACT TERR 2ND
126	MISCELLANEOUS PENAL LAW	664	TERRORISM PROVIDE SUPPORT
126	MISCELLANEOUS PENAL LAW	665	MAKING TERRORISTIC THREAT
126	MISCELLANEOUS PENAL LAW	672	RIOT 1
126	MISCELLANEOUS PENAL LAW	674	EAVESDROPPING
126	MISCELLANEOUS PENAL LAW	678	ANARCHY,CRIMINAL
126	MISCELLANEOUS PENAL LAW	691	BIGAMY
126	MISCELLANEOUS PENAL LAW	696	PROMOTING A SEXUAL PERFORMANCE
126	MISCELLANEOUS PENAL LAW	697	USE OF A CHILD IN A SEXUAL PER
126	MISCELLANEOUS PENAL LAW	708	IMPERSONATION 1, POLICE OFFICE
126	MISCELLANEOUS PENAL LAW	711	TAMPERING WITH A WITNESS
126	MISCELLANEOUS PENAL LAW	721	BRIBERY,FRAUD
126	MISCELLANEOUS PENAL LAW	724	FORGERY-ILLEGAL POSSESSION,VEH
126	MISCELLANEOUS PENAL LAW	730	MANUFACTURE UNAUTHORIZED RECOR
126	MISCELLANEOUS PENAL LAW	733	ENTERPRISE CORRUPTION
126	MISCELLANEOUS PENAL LAW	737	USURY,CRIMINAL
126	MISCELLANEOUS PENAL LAW	760	BRIBERY,PUBLIC ADMINISTRATION
126	MISCELLANEOUS PENAL LAW	761	BRIBERY, POLICE OFFICER
126	MISCELLANEOUS PENAL LAW	762	ESCAPE 2,1
126	MISCELLANEOUS PENAL LAW	764	BAIL JUMPING 1 & 2
126	MISCELLANEOUS PENAL LAW	766	PERJURY 2,1,ETC
126	MISCELLANEOUS PENAL LAW	779	PUBLIC ADMINISTRATION,UNCLASSI
126	MISCELLANEOUS PENAL LAW	780	NUISANCE, CRIMINAL
230		259	CRIMINAL MISCHIEF,UNCLASSIFIED 4
230	JOSTLING	464	JOSTLING
231	BURGLAR'S TOOLS	209	BURGLARS TOOLS,UNCLASSIFIED
232		321	LARCENY,PETIT FROM AUTO
232	POSSESSION OF STOLEN PROPERTY	490	STOLEN PROPERTY 3,POSSESSION
232	POSSESSION OF STOLEN PROPERTY	491	STOLEN PROP-MOTOR VEHICLE 3RD,
233		157	RAPE 1
233		176	SEX CRIMES
233		177	SEXUAL ABUSE
233		749	VIOLATION OF ORDER OF PROTECTI
233		759	PUBLIC ADMINISTATION,UNCLASS M
233	SEX CRIMES	148	ABORTIONAL ARTICLES,ISSUING
233	SEX CRIMES	162	SODOMY,CONSENSUAL
233	SEX CRIMES	170	SEXUAL MISCONDUCT,INTERCOURSE
233	SEX CRIMES	174	SEXUAL MISCONDUCT,DEVIATE
233	SEX CRIMES	175	SEXUAL ABUSE 3,2
233	SEX CRIMES	591	OBSCENITY, PERFORMANCE 3
233	SEX CRIMES	593	OBSCENITY, MATERIAL 3
233	SEX CRIMES	681	CHILD, ENDANGERING WELFARE
234	PROSTITUTION & RELATED OFFENSES	574	PROSTITUTION,PERMITTING
234	PROSTITUTION & RELATED OFFENSES	576	PROSTITUTION 4,PROMOTING&SECUR
235		505	CONTROLLED SUBSTANCE, POSSESSI
235		510	CONTROLLED SUBSTANCE, INTENT T
235		625	DISORDERLY CONDUCT
235		759	PUBLIC ADMINISTATION,UNCLASS M
235	DANGEROUS DRUGS	508	DRUG PARAPHERNALIA,   POSSESSE
235	DANGEROUS DRUGS	509	POSSESSION HYPODERMIC INSTRUME
235	DANGEROUS DRUGS	511	CONTROLLED SUBSTANCE, POSSESSI
235	DANGEROUS DRUGS	513	POSS METH MANUFACT MATERIAL
235	DANGEROUS DRUGS	567	MARIJUANA, POSSESSION 4 & 5
235	DANGEROUS DRUGS	569	MARIJUANA, SALE 4 & 5
236		749	VIOLATION OF ORDER OF PROTECTI
236		759	PUBLIC ADMINISTATION,UNCLASS M
236		779	PUBLIC ADMINISTRATION,UNCLASSI
236		793	WEAPONS POSSESSION 3
236	DANGEROUS WEAPONS	782	WEAPONS, POSSESSION, ETC
236	DANGEROUS WEAPONS	784	WEAPONS,MFR,TRANSPORT,ETC.
236	DANGEROUS WEAPONS	786	WEAPONS,PROHIBITED USE
236	DANGEROUS WEAPONS	787	WEAPONS,PROHIBITED USE IMITATI
237		759	PUBLIC ADMINISTATION,UNCLASS M
237	ESCAPE 3	742	ESCAPE 3
238	FRAUDULENT ACCOSTING	466	ACCOSTING,FRAUDULENT
340		759	PUBLIC ADMINISTATION,UNCLASS M
340		779	PUBLIC ADMINISTRATION,UNCLASSI
340	FRAUDS	703	CHECK,BAD
340	FRAUDS	707	IMPERSONATION 2, PUBLIC SERVAN
340	FRAUDS	718	FRAUD,UNCLASSIFIED-MISDEMEANOR
340	FRAUDS	719	FRAUD,UNCLASSIFIED-MISDEMEANOR
340	FRAUDS	770	COMPUTER UNAUTH. USE/TAMPER
341		259	CRIMINAL MISCHIEF,UNCLASSIFIED 4
341		681	CHILD, ENDANGERING WELFARE
341		749	VIOLATION OF ORDER OF PROTECTI
341		759	PUBLIC ADMINISTATION,UNCLASS M
341		779	PUBLIC ADMINISTRATION,UNCLASSI
341	PETIT LARCENY	301	LARCENY,PETIT BY ACQUIRING LOS
341	PETIT LARCENY	303	LARCENY,PETIT BY CHECK USE
341	PETIT LARCENY	305	LARCENY,PETIT BY CREDIT CARD U
341	PETIT LARCENY	307	LARCENY,PETIT BY DISHONEST EMP
341	PETIT LARCENY	313	LARCENY,PETIT BY FALSE PROMISE
341	PETIT LARCENY	321	LARCENY,PETIT FROM AUTO
341	PETIT LARCENY	323	LARCENY,PETIT FROM BOAT
341	PETIT LARCENY	327	LARCENY,PETIT FROM PARKING MET
341	PETIT LARCENY	329	LARCENY,PETIT FROM COIN MACHIN
341	PETIT LARCENY	331	LARCENY,PETIT FROM PIER
341	PETIT LARCENY	333	LARCENY,PETIT FROM STORE-SHOPL
341	PETIT LARCENY	335	LARCENY,PETIT FROM TRUCK
341	PETIT LARCENY	338	LARCENY,PETIT FROM BUILDING,UN
341	PETIT LARCENY	339	LARCENY,PETIT FROM OPEN AREAS,
341	PETIT LARCENY	343	LARCENY,PETIT OF BICYCLE
341	PETIT LARCENY	344	PETIT LARCENY OF ANIMAL
341	PETIT LARCENY	345	LARCENY,PETIT OF BOAT
341	PETIT LARCENY	347	PETIT LARCENY-CHECK FROM MAILB
341	PETIT LARCENY	349	LARCENY,PETIT OF LICENSE PLATE
341	PETIT LARCENY	357	LARCENY,PETIT OF VEHICLE ACCES
342	PETIT LARCENY OF MOTOR VEHICLE	341	LARCENY,PETIT OF AUTO
342	PETIT LARCENY OF MOTOR VEHICLE	342	LARCENY, PETIT OF AUTO - ATTEM
342	PETIT LARCENY OF MOTOR VEHICLE	350	LARCENY, PETIT OF MOPED
342	PETIT LARCENY OF MOTOR VEHICLE	351	LARCENY,PETIT OF MOTORCYCLE
342	PETIT LARCENY OF MOTOR VEHICLE	355	LARCENY,PETIT OF TRUCK
343		489	THEFT,RELATED OFFENSES,UNCLASS
343		625	DISORDERLY CONDUCT
343	OTHER OFFENSES RELATED TO THEF	476	CREDIT CARD,UNLAWFUL USE OF
343	OTHER OFFENSES RELATED TO THEF	478	THEFT OF SERVICES, UNCLASSIFIE
343	OTHER OFFENSES RELATED TO THEF	479	THEFT,RELATED OFFENSES,UNCLASS
343	THEFT OF SERVICES	475	UNAUTH. SALE OF TRANS. SERVICE
344		109	ASSAULT 2,1,UNCLASSIFIED
344		637	HARASSMENT,SUBD 1,CIVILIAN
344		638	HARASSMENT,SUBD 3,4,5
344		749	VIOLATION OF ORDER OF PROTECTI
344		759	PUBLIC ADMINISTATION,UNCLASS M
344		779	PUBLIC ADMINISTRATION,UNCLASSI
344		847	NY STATE LAWS,UNCLASSIFIED FEL
344	ASSAULT 3 & RELATED OFFENSES	101	ASSAULT 3
344	ASSAULT 3 & RELATED OFFENSES	111	MENACING,PEACE OFFICER
344	ASSAULT 3 & RELATED OFFENSES	113	MENACING,UNCLASSIFIED
344	ASSAULT 3 & RELATED OFFENSES	114	OBSTR BREATH/CIRCUL
345	ENDAN WELFARE INCOMP	688	INCOMPETENT PERSON,RECKLESSY ENDANGERING
345	OFFENSES RELATED TO CHILDREN	683	CHILD,ALCOHOL SALE TO
345	OFFENSES RELATED TO CHILDREN	685	CHILD,LICENSED PREMISES
345	OFFENSES RELATED TO CHILDREN	687	CHILD,OFFENSES AGAINST,UNCLASS
345	OFFENSES RELATED TO CHILDREN	822	EDUCATION LAW
345	OFFENSES RELATED TO CHILDREN	829	LABOR LAW,EMPLOYING CHILDREN
346	ALCOHOLIC BEVERAGE CONTROL LAW	802	ALCOHOLIC BEVERAGE CONTROL LAW
347		759	PUBLIC ADMINISTATION,UNCLASS M
347		779	PUBLIC ADMINISTRATION,UNCLASSI
347	INTOXICATED & IMPAIRED DRIVING	905	INTOXICATED DRIVING,ALCOHOL
347	INTOXICATED & IMPAIRED DRIVING	907	IMPAIRED DRIVING,DRUG
348		333	LARCENY,PETIT FROM STORE-SHOPL
348		759	PUBLIC ADMINISTATION,UNCLASS M
348	VEHICLE AND TRAFFIC LAWS	916	LEAVING SCENE-ACCIDENT-PERSONA
348	VEHICLE AND TRAFFIC LAWS	918	RECKLESS DRIVING
348	VEHICLE AND TRAFFIC LAWS	922	TRAFFIC,UNCLASSIFIED MISDEMEAN
349	DISRUPTION OF A RELIGIOUS SERV	627	DIS. CON.,AGGRAVATED
350		759	PUBLIC ADMINISTATION,UNCLASS M
350	GAMBLING	533	GAMBLING 2, PROMOTING, BOOKMAK
350	GAMBLING	537	GAMBLING 2, PROMOTING, POLICY-
350	GAMBLING	544	GAMBLING 2,PROMOTING,UNCLASSIF
350	GAMBLING	548	GAMBLING, DEVICE, POSSESSION
351		263	ARSON 2,3,4
351		397	ROBBERY,OPEN AREA UNCLASSIFIED
351		637	HARASSMENT,SUBD 1,CIVILIAN
351		749	VIOLATION OF ORDER OF PROTECTI
351		759	PUBLIC ADMINISTATION,UNCLASS M
351		779	PUBLIC ADMINISTRATION,UNCLASSI
351	CRIMINAL MISCHIEF & RELATED OF	254	MISCHIEF, CRIMINAL 4, OF MOTOR
351	CRIMINAL MISCHIEF & RELATED OF	256	MISCHIEF, CRIMINAL 4, BY FIRE
351	CRIMINAL MISCHIEF & RELATED OF	258	CRIMINAL MISCHIEF 4TH, GRAFFIT
351	CRIMINAL MISCHIEF & RELATED OF	259	CRIMINAL MISCHIEF,UNCLASSIFIED 4
351	CRIMINAL MISCHIEF & RELATED OF	271	TAMPERING 3,2, CRIMINAL
351	CRIMINAL MISCHIEF & RELATED OF	277	RECKLESS ENDANGERMENT OF PROPE
351	CRIMINAL MISCHIEF & RELATED OF	645	FALSE ALARM FIRE
352		204	TRESPASS 1,CRIMINAL
352		750	RESISTING ARREST
352		759	PUBLIC ADMINISTATION,UNCLASS M
352		779	PUBLIC ADMINISTRATION,UNCLASSI
352	CRIMINAL TRESPASS	203	TRESPASS 3, CRIMINAL
352	CRIMINAL TRESPASS	205	TRESPASS 2, CRIMINAL
353	UNAUTHORIZED USE OF A VEHICLE	462	UNAUTHORIZED USE VEHICLE 3
354	ANTICIPATORY OFFENSES	283	SOLICITATION 4, CRIMINAL
354	ANTICIPATORY OFFENSES	289	CONSPIRACY 6, 5
354	ANTICIPATORY OFFENSES	297	FACILITATION 4, CRIMINAL
355		117	RECKLESS ENDANGERMENT 1
355		259	CRIMINAL MISCHIEF,UNCLASSIFIED 4
355	OFFENSES AGAINST THE PERSON	115	RECKLESS ENDANGERMENT 2
355	OFFENSES AGAINST THE PERSON	146	ABORTION 2, 1, SELF
355	OFFENSES AGAINST THE PERSON	181	IMPRISONMENT 2,UNLAWFUL
355	OFFENSES AGAINST THE PERSON	191	CUSTODIAL INTERFERENCE 2
355	OFFENSES AGAINST THE PERSON	195	COERCION 2
356		618	LOITERING FOR PROSTITUTION OR
356	PROSTITUTION & RELATED OFFENSES	563	PROSTITUTION
356	PROSTITUTION & RELATED OFFENSES	565	PROSTITUTION, PATRONIZING 4, 3
356	PROSTITUTION & RELATED OFFENSES	605	LOITERING TO PROMOTE PROSTITUT
357	FORTUNE TELLING	468	FORTUNE TELLING
358		625	DISORDERLY CONDUCT
358		638	HARASSMENT,SUBD 3,4,5
358	OFFENSES INVOLVING FRAUD	701	BRIBERY,COMMERCIAL
358	OFFENSES INVOLVING FRAUD	705	FORGERY,ETC.-MISD.
358	OFFENSES INVOLVING FRAUD	706	RECORDS,FALSIFY-TAMPER
358	OFFENSES INVOLVING FRAUD	715	POSSESSION ANTI-SECURITY ITEM
359		101	ASSAULT 3
359		339	LARCENY,PETIT FROM OPEN AREAS,
359		438	LARCENY,GRAND FROM BUILDING (NON-RESIDENCE) UNATTENDED
359		779	PUBLIC ADMINISTRATION,UNCLASSI
359	OFFENSES AGAINST PUBLIC ADMINI	744	BAIL JUMPING 3
359	OFFENSES AGAINST PUBLIC ADMINI	746	PERJURY 3,ETC.
359	OFFENSES AGAINST PUBLIC ADMINI	748	CONTEMPT,CRIMINAL
359	OFFENSES AGAINST PUBLIC ADMINI	749	VIOLATION OF ORDER OF PROTECTI
359	OFFENSES AGAINST PUBLIC ADMINI	750	RESISTING ARREST
359	OFFENSES AGAINST PUBLIC ADMINI	756	ABSCONDING FROM WORK RELEASE 2
359	OFFENSES AGAINST PUBLIC ADMINI	759	PUBLIC ADMINISTATION,UNCLASS M
360		625	DISORDERLY CONDUCT
360		647	FALSE REPORT BOMB
360		649	FALSE REPORT UNCLASSIFIED
360		652	RIOT 2/INCITING
360		659	NUISANCE,CRIMINAL,UNCLASSIFIED
360		661	LEWDNESS,PUBLIC
360		662	MATERIAL              OFFENSIV
360		669	PRIVACY,OFFENSES AGAINST,UNCLA
360		731	SALE OF UNAUTHORIZED RECORDING
360		749	VIOLATION OF ORDER OF PROTECTI
360		759	PUBLIC ADMINISTATION,UNCLASS M
360	LOITERING FOR DRUG PURPOSES	604	LOITERING 1ST DEGREE FOR DRUG
361		625	DISORDERLY CONDUCT
361		637	HARASSMENT,SUBD 1,CIVILIAN
361		638	HARASSMENT,SUBD 3,4,5
361		749	VIOLATION OF ORDER OF PROTECTI
361		779	PUBLIC ADMINISTRATION,UNCLASSI
361	OFF. AGNST PUB ORD SENSBLTY &	248	RADIO DEVICES,UNLAWFUL POSSESS
361	OFF. AGNST PUB ORD SENSBLTY &	639	AGGRAVATED HARASSMENT 2
361	OFF. AGNST PUB ORD SENSBLTY &	643	ASSEMBLY,UNLAWFUL
361	OFF. AGNST PUB ORD SENSBLTY &	646	DISSEMINATING A FALSE SEX OFFEND
361	OFF. AGNST PUB ORD SENSBLTY &	647	FALSE REPORT BOMB
361	OFF. AGNST PUB ORD SENSBLTY &	649	FALSE REPORT UNCLASSIFIED
361	OFF. AGNST PUB ORD SENSBLTY &	652	RIOT 2/INCITING
361	OFF. AGNST PUB ORD SENSBLTY &	659	NUISANCE,CRIMINAL,UNCLASSIFIED
361	OFF. AGNST PUB ORD SENSBLTY &	661	LEWDNESS,PUBLIC
361	OFF. AGNST PUB ORD SENSBLTY &	731	SALE OF UNAUTHORIZED RECORDING
362	OFFENSES AGAINST MARRIAGE UNCL	689	MARRIAGE,OFFENSES AGAINST,UNCL
363	OFFENSES AGAINST PUBLIC SAFETY	788	FIREWORKS, SALE
363	OFFENSES AGAINST PUBLIC SAFETY	797	WOUNDS,REPORTING OF
363	OFFENSES AGAINST PUBLIC SAFETY	799	PUBLIC SAFETY,UNCLASSIFIED MIS
364		625	DISORDERLY CONDUCT
364		808	TAX LAW
364		847	NY STATE LAWS,UNCLASSIFIED FEL
364	AGRICULTURE & MRKTS LAW-UNCLASSIFIED	814	ATTEND/SPECTATOR ANIMAL FIGHTING
364	AGRICULTURE & MRKTS LAW-UNCLASSIFIED	815	NEGLECT/POISON ANIMAL
364	AGRICULTURE & MRKTS LAW-UNCLASSIFIED	817	TORTURE/INJURE ANIMAL CRUELTY
364	AGRICULTURE & MRKTS LAW-UNCLASSIFIED	818	ABANDON ANIMAL
364	OTHER STATE LAWS (NON PENAL LA	809	TAX LAW
364	OTHER STATE LAWS (NON PENAL LA	811	DOG STEALING
364	OTHER STATE LAWS (NON PENAL LA	812	AGRICULTURE & MARKETS LAW,UNCL
364	OTHER STATE LAWS (NON PENAL LA	826	GENERAL BUSINESS LAW,TICKET SP
364	OTHER STATE LAWS (NON PENAL LA	836	NAVIGATION LAW
364	OTHER STATE LAWS (NON PENAL LA	840	PUBLIC HEALTH LAW,GLUE,UNLAWFU
364	OTHER STATE LAWS (NON PENAL LA	841	PUBLIC HEALTH LAW,UNCLASSIFIED
364	OTHER STATE LAWS (NON PENAL LA	848	NY STATE LAWS,UNCLASSIFIED MIS
364	OTHER STATE LAWS (NON PENAL LAW)	827	GENERAL BUSINESS LAW / UNCLASSIFIED
365		759	PUBLIC ADMINISTATION,UNCLASS M
365		779	PUBLIC ADMINISTRATION,UNCLASSI
365	ADMINISTRATIVE CODE	853	CIGARETTE,NO TAX STAMP,POSSESS
365	ADMINISTRATIVE CODE	878	ADM.CODE,UNCLASSIFIED MISDEMEA
365	ADMINISTRATIVE CODE	887	GRAFFITI (ADMINISTRATIVE CODE-
366		847	NY STATE LAWS,UNCLASSIFIED FEL
366	NEW YORK CITY HEALTH CODE	888	HEALTH CODE,UNCLASSIFIED MISDE
455	UNLAWFUL POSS. WEAP. ON SCHOOL	595	UNLAWFUL POSS. WEAPON UPON SCH
460	LOITERING/DEVIATE SEX	602	LOITERING,DEVIATE SEX
571	LOITERING/GAMBLING (CARDS, DIC	610	LOITERING,GAMBLING,OTHER
572	DISORDERLY CONDUCT	625	DISORDERLY CONDUCT
577	UNDER THE INFLUENCE OF DRUGS	622	UNDER THE INFLUENCE OF DRUGS
578		101	ASSAULT 3
578		113	MENACING,UNCLASSIFIED
578		175	SEXUAL ABUSE 3,2
578		625	DISORDERLY CONDUCT
578		639	AGGRAVATED HARASSMENT 2
578		749	VIOLATION OF ORDER OF PROTECTI
578		759	PUBLIC ADMINISTATION,UNCLASS M
578		779	PUBLIC ADMINISTRATION,UNCLASSI
578	HARRASSMENT 2	637	HARASSMENT,SUBD 1,CIVILIAN
578	HARRASSMENT 2	638	HARASSMENT,SUBD 3,4,5
672	LOITERING	614	LOITERING,SCHOOL
672	LOITERING	619	LOITERING,UNCLASSIFIED
675		625	DISORDERLY CONDUCT
675		749	VIOLATION OF ORDER OF PROTECTI
675		759	PUBLIC ADMINISTATION,UNCLASS M
675	ADMINISTRATIVE CODE	858	IMITATION PISTOL/AIR RIFLE
675	ADMINISTRATIVE CODE	860	AIR POLLUTION-MOTOR VEH (ADM C
675	ADMINISTRATIVE CODE	861	AIRPOLLUTION
675	ADMINISTRATIVE CODE	862	ALCOHOLIC BEVERAGES,PUBLIC CON
675	ADMINISTRATIVE CODE	864	BUILDING MATERIAL
675	ADMINISTRATIVE CODE	866	FIREWORKS
675	ADMINISTRATIVE CODE	868	GYPSY CAB
675	ADMINISTRATIVE CODE	874	PEDDLING,UNLAWFUL
675	ADMINISTRATIVE CODE	879	ADM.CODE,UNCLASSIFIED VIOLATIO
675	ADMINISTRATIVE CODE	880	POSSES OR CARRY A KNIFE
675	ADMINISTRATIVE CODE	890	N.Y.C. TRANSIT AUTH. R&R
675	ADMINISTRATIVE CODE	892	PARK R&R,GAMBLING
675	ADMINISTRATIVE CODE	899	PARKR&R,UNCLASSIFIED VIOLATION
675	ADMINISTRATIVE CODE	975	ENVIRONMENTAL CONTROL BOARD
676	NEW YORK CITY HEALTH CODE	885	SMOKING TRANSPORTATION FACILIT
676	NEW YORK CITY HEALTH CODE	889	HEALTH CODE,VIOLATION
677	NYS LAWS-UNCLASSIFIED VIOLATION	843	INAPPROPIATE SHELTER DOG LEFT
677	NYS LAWS-UNCLASSIFIED VIOLATION	846	CONFINING ANIMAL IN VEHICLE/SHELTER
677	OTHER STATE LAWS	803	A.B.C.,FALSE PROOF OF AGE
677	OTHER STATE LAWS	819	EDUCATION LAW,STREET TRADE
677	OTHER STATE LAWS	820	EDUCATION LAW, TRUANCY
677	OTHER STATE LAWS	821	EDUCATION LAW,UNCLASSIFIED
677	OTHER STATE LAWS	839	PUBLIC HEALTH LAW,GLUE,INHALAT
677	OTHER STATE LAWS	849	NY STATE LAWS,UNCLASSIFIED VIO
678		478	THEFT OF SERVICES, UNCLASSIFIE
678		639	AGGRAVATED HARASSMENT 2
678		759	PUBLIC ADMINISTATION,UNCLASS M
678	MISCELLANEOUS PENAL LAW	201	TRESPASS 4,CRIMINAL SUB 2
678	MISCELLANEOUS PENAL LAW	275	POSTING ADVERTISEMENTS
678	MISCELLANEOUS PENAL LAW	281	SOLICITATION 5,CRIMINAL
678	MISCELLANEOUS PENAL LAW	477	THEFT OF SERVICES- CABLE TV SE
678	MISCELLANEOUS PENAL LAW	566	MARIJUANA, POSSESSION
678	MISCELLANEOUS PENAL LAW	633	EXPOSURE OF A PERSON
678	MISCELLANEOUS PENAL LAW	754	APPEARANCE TICKET FAIL TO RESP
678	MISCELLANEOUS PENAL LAW	789	FIREWORKS, POSSESS/USE
685	ADMINISTRATIVE CODES	872	NOISE,UNECESSARY
881	OTHER TRAFFIC INFRACTION	969	TRAFFIC,UNCLASSIFIED INFRACTIO
