-1	1078404
1	2
1*9138	1
1000	3
10000	893
100000	3
1000000	1
10001	66606
10002	112647
10003	107021
100038	1
10004	12413
10005	13602
10006	7563
10007	20743
10008	5
10008-3772	1
10008-378	1
10009	93661
10010	45629
10010-3672	1
10011	90239
10012	60520
10013	71569
10014	69913
10015	1
10016	84614
10017	39358
10018	34170
10019	99640
10020	2151
10021	49592
10022	59987
10023	76411
10023-0007	1
10023-6349	1
10024	75091
10025	120587
10026	69745
10027	114039
10028	53737
10029	103969
1003	2
10030	66352
10031	165255
10032	152935
10033	117405
10033-0238	1
10034	111259
10035	64982
100354	1
10036	78286
10037	33233
10038	32288
10039	45763
10039-0188	1
10039-0841	1
10040	129888
10041	130
10044	2212
10045	8
10048	291
10050	1
10050-4295	1
10055	3
10063	1
10065	39960
10067	1
10069	2635
100701	1
10075	27474
1008	1
1008-7162	1
10087-0001	1
10096	2
10101	7
10101-2135	1
10103	133
10104	8
10105	17
10106	19
10107	46
10108	3
10110	29
10111	96
10112	239
10115	14
10116	11
10116-0313	1
10118	62
10119	346
10120	14
10121	81
10122	13
10123	44
10128	59552
10129	151
10134	1
10138	1
10150	6
10151	7
10152	8
10153	97
10154	37
10155	10
10158	15
10159	4
10159-1323	1
10162	254
10163	7
10163-4668	3
10165	23
10166	3
10167	18
10168	35
10169	48
10170	13
10171	2
10172	24
10173	13
10174	18
10176	9
10177	13
10178	10
10179	5
10185	1
10224	1
10259	1
10271	23
10272-0992	1
10276	4
10278	53
10279	31
10280	3606
10281	777
10282	2016
10285	1
10301	77335
10302	35742
10303	40728
10304	72281
10305	61277
10306	88262
10307	16964
10308	38732
10309	43740
10310	43486
10312	81100
10313	1
103132	1
10314	112714
10318	1
10333	1
10352	1
10367	1
10400	1
10402	1
10412	1
10423-0935	1
10427	1
10432	1
10435	1
10444	1
10450	1
10451	85689
10452	173363
10453	188402
10454	54974
10455	71523
10456	164358
10457	172515
10458	200729
10459	97188
1046	1
1046-0232	1
10460	124585
10461	93207
10462	131607
10463	126102
10464	13978
10465	58879
10466	125915
10467	230184
10468	184134
10468-0232	1
10469	102033
10470	35396
10471	27300
10472	139642
10473	65701
10474	36655
10475	20256
10501	2
10502	8
10504	3
10505	1
10506	4
10507	1
10509	2
10510	2
10512	4
10514	3
10520	3
10522	6
10523	27
10523-0935	2
10526	1
10528	5
10530	9
10532	14
10532-1533	1
10533	6
10536	7
10538	7
10541	2
10543	12
105457	1
10546	1
10547	2
10548	1
10549	3
10550	41
10550-1202	1
10552	19
10553	11
10560	1
10561	1
10562	7
10566	9
10567	2
10568	1
10570	2
10572	1
10573	30
10576	2
10577	5
10577-0800	1
10577-0900	3
10580	6
10583	36
10589	5
10591	30
10594	10
10594-0209	4
10595	4
10598	2
10601	31
10602	3
10602-5055	2
10603	14
10604	9
10604-1205	1
10605	7
10605-1303	1
10606	6
10610	1
1062	1
1065	1
1066	1
10701	48
10703	8
10704	45
10705	33
10706	3
10707	3
10708	22
10709	1
10710	26
1074	1
10801	49
10801-6393	2
10803	178
10804	18
10805	16
10850	1
10901	1
10913	1
10916	1
10917	1
10920	1
10921	1
10923	1
10924	1
10925	2
10926	1
10929	1
10930	1
10940	5
10941	1
10950	1
10951	1
10952	3
10954	6
10956	2
10960	6
10962	3
10964	2
10965	3
10968	1
10970	3
10977	9
10980	2
10983	1
10984	1
10987	1
10989	2
10990	2
10994	2
11	2
11000	1
110001	1
11001	4884
11001-2024	5
11002	1
11003	87
11003-4033	1
11004	16381
11005	705
11008	1
1101	2
11010	30
11011	3
11012	2
11020	15
11021	68
11023	7
11024	8
11024-1019	1
11027	1
1103	1
11030	37
11030-3409	1
11030-3411	1
11031	1
11037	1
1104	1
11040	3592
11040-4204	1
11040-4609	1
11042	29
1105	1
11050	24
11050-4341	1
11054	2
1106	1
11064	1
11096	19
11096-0612	2
11101	85672
11101-2011	1
11101-6122	1
11102	48753
11103	59658
11104	41145
11105	55433
11106	58144
11109	1497
11111	29
111111	2
11112	1
11122	1
11137	1
11140	1
111694	1
1120	1
11201	92272
11202	6
11202-0922	1
11203	148465
11204	98477
11205	73054
11206	119351
11207	199462
11208	170927
11209	111432
11210	113506
11211	128919
11212	151671
11212-5368	2
11213	160488
11214	114545
11215	110336
11215-0389	1
11216	152841
11217	78644
11218	114116
11219	98773
11219-0283	1
1122	1
11220	127001
11221	180986
11222	74423
11223	101206
11224	47373
11225	153205
11226	269855
11228	49949
11229	113038
1123	1
11230	142805
11231	57373
11232	52926
11233	159265
11234	130751
11235	131664
11236	117428
11237	114175
11238	129795
11239	6693
11241	68
11242	48
11243	38
11244	1
11247	1
11249	37380
11251	29
11253	1
1130	2
11317	1
11321	1
11324	1
11341	1
11343	1
11345	1
11350	1
11352	3
11354	69781
11354-3254	1
11355	87219
11356	39127
11357	53506
11358	54692
11359	109
11360	17801
11361	40560
11362	22933
11363	14063
11364	38584
11365	46450
11366	29935
11367	54363
11367-0874	1
11368	116203
11369	53809
11370	32787
113709	1
11371	388
11372	81883
11373	104352
11374	57699
11375	91745
11377	111302
11378	65221
11379	52499
11385	161753
11386	6
11390	1
11400	2
11405	1
1141	1
11411	27916
11412	56825
11412-2116	1
11413	58032
11414	44433
11415	34166
11416	42428
11417	52440
11418	63257
11419	86673
11419-0191	1
11420	77720
11421	62336
11422	40728
114225	1
11423	49117
11425	1
11426	24246
11427	30095
11428	28547
11429	34325
1143	1
11430	5112
11431	10
11432	87948
11433	66179
11434	84331
11434-420	1
11435	78981
11436	32052
11439	1
11451	1
11452	2
114566	1
11459	1
11472	1
11480	1
1150	1
11501	36
11507	11
11509	3
11510	30
11510-2827	1
11513	1
11514	21
11514-0363	1
11516	22
11518	11
11519	1
11520	51
11521	1
11526	1
11528	1
11530	87
11533	1
11534	1
11535	1
11540	1
11542	29
11543	1
11545	4
11548	1
11549	6
11549-3650	1
11550	46
11550-3646	1
11550-7044	1
11552	32
11553	70
11553-0707	1
11553-1423	1
11554	20
11555	1
11556	1
11557	12
11558	16
11559	38
11560	2
11561	38
11561-4717	1
11563	47
11565	12
11566	27
11568	5
11569	3
11570	49
11570-4705	1
11571	1
11572	23
11572-5233	1
11575	11
11576	16
11577	19
11579	6
11580	116
11581	79
11582	2
11583	2
11584	1
11590	83
11590 5027	1
11590-5027	4
11590-5114	1
11596	6
11597	1
11598	48
11599532	1
115I0	1
11612	1
11636	1
11690	2
11691	88448
11692	26589
11693	19487
11694	38220
11695	127
11697	1794
117	1
11701	6
11702	3
11702-3035	1
11703	7
11704	19
11705	1
11706	12
11708	1
11709	1
11710	65
11713	1
11714	17
11714-3561	1
11715	1
11716	9
11716-2501	1
11717	6
11719	5
11720	12
11721	1
11722	6
11723	1
11724	2
11725	41
11725-5710	5
11725-9030	4
11726	11
11727	2
11729	18
11730	3
11731	5
11732	2
11733	3
11735	81
11735-0230	3
11735-0930	1
11735-3931	2
11735-3946	1
11735-9000	2
11735-9030	3
11735-9100	4
11738	4
11739	1
11739100	1
1174	2
11741	11
11742	4
11743	24
11746	25
11747	66
11747-3173	1
11747-9001	1
117475002	1
11749	41
11749-1500	1
11751	1
11753	18
11754	2
11755	3
11756	17
11756-0215	3
11756-1336	1
11756-1338	1
11756-2015	1
11757	15
11757-0602	1
11757-6062	1
11758	14
11760	1
11762	6
11763	11
11764	1
11766	7
11766-0402	2
11767	5
11768	4
11771	6
11772	9
11772-3518	2
117723518	1
11774	1
11776	41
11777	2
11778	2
11779	22
11780	2
11782	2
11783	2
11784	5
11787	4
11787-2921	1
11788	28
11789	1
11790	2
11791	28
11791-3416	4
11791-9036	4
11792	1
11793	23
11794	1
11795	3
11796	2
11797	42
11797 9004	1
11797-0004	1
11797-1016	1
11797-2016	1
11797-9001	5
11797-9004	14
11797-9012	4
11798	1
11801	28
11802	11
11802-9060	7
11803	38
11804	4
11804-9005	3
11808	1
1182-9060	1
118288	1
11841	1
11861	1
11901	5
1191-3416	1
11933	1
11934	1
11948	1
11949	1
11951	1
11959	2
11963	4
11964	1
11967	1
11968	1
11973-5000	1
11980	1
12000	1
12024	1
12033	1
12046	1
1207	1
12071	1
1208	1
12202	2
12203	6
12204	2
12205	1
12206	2
12207	1
12209	1
12211	1
12212	2
12212-5019	1
12212-5368	1
12214	1
12222	28
12250	1
12255	5
12303	1
12304	1
12309	1
12344	1
12345	9
12398	1
12401	1
12402-5240	1
12428	1
12508	1
12515	1
12518	1
12524	2
12528	1
12533	1
12540	1
12549	1
12550	7
12550-0831	2
12551	3
12553	3
12589	1
12590	7
12590-8900	3
12601	3
12602-0550	1
12603	1
12701	1
12721	1
12779	1
12787	1
12788	1
12790	2
12814	1
12865	1
12917	1
12941-0129	1
1305	1
13057	1
13088	1
13088-5342	2
13202	1
13203	1
13221	3
133221	1
13350	1
13440	1
13480	1
13490	1
13502	1
13580	1
13614	1
13615	1
1373	1
13756	1
13790	1
13820	1
13850-3770	1
13851	1
13905	2
14009	5
14009-0158	1
14020	1
1404	1
14043	2
14051	2
14052	2
14068	3
14068-1602	1
14094	1
14108	1
14120	5
14127	2
14132	2
14132-9097	1
1414	1
1420	1
142002	1
14202	4
14203	4
14206	8
14206-2317	4
14208	1
14209	3
14210	21
14211	1
14217	2
14218	1
14220	1
14221	22
14221-5783	1
14221-7820	1
14222	1
14223	1
14225	12
14226	4
14228	14
14231	4
14231-9016	2
14231-9054	1
14240	2
14240-0846	2
14301	1
14304	5
14304-1745	1
14305	1
14414	1
14450	11
14450 0457	1
14467	1
14526	1
14614	5
14615	1
14616	1
14618	2
14621	2
14624	1
14626	1
14644	1
14692	1
14692-2878	3
14701	2
14710	1
14845	1
14850	1
14883	1
14892	1
14901	1
15205	1
15210-7834	1
15219	2
15237	1
15250-7834	1
15251	1
15257	1
15262-2001	1
15544	1
15563	1
1566	1
16601	1
1691	1
16915	1
17015	1
17032	2
17055	1
17055-0010	1
17071	1
17104	3
17105	1
171052461	1
17106	4
17106-7015	5
17108	4
17108-0988	5
17109-0988	1
1711-1036	1
17111	18
17111-1036	1
171111	1
17332	1
1735-9100	1
17446	1
17451	1
17460	1
1749	1
17602	1
17608	1
17701	1
17754	1
1797	1
18002	2
18015	1
18042	1
18102	1
18324	3
18344	1
18355	1
18436	1
18466	1
1850	1
18503	1
18504	1
18505	1
18508	1
18518	1
18519	5
18519-1641	2
18547	1
18577	1
18644	1
18706	2
18711	1
18773	6
18773-4200	1
18773-9460	1
18773-9500	2
18773-9635	1
18773-9640	1
187739500	1
18901	1
18938	1
18966	1
19007	2
1901	1
19013	3
19015	1
19020	1
19022	1
19034	1
19040	1
19044	31
19047	4
19053	14
19090	1
19101	1
19101-7829	1
19107	1
19111	1
19116	3
19123	1
19128	1
19132	2
19149	1
19154	7
19154-3210	1
19182	1
193330	1
19335	1
19399	1
19407	1
19422	1
19425	1
19456	13
19556	1
19601	1
19610	2
19701	1
19702	6
19711	1
19713	1
19713-4322	1
19714-7526	3
19801	2
19801-5148	3
19803	1
19850	8
19850-5372	1
19850-5521	2
19850-5740	1
19850-5889	1
19850-7125	1
198580	1
19886	2
19886-5153	1
19899	1
19962	1
