label counts
NULL
VALID
INVALID/OUTLIER

check_addr_pct_cd.out
390
5100841
0

check_boro_nm.out
463
5100768
0

check_cmplnt_fr_dt.out
655
5100576
0

check_cmplnt_fr_tm.out
48
5100280
903

check_cmplnt_num.out
0
5101231
0

check_cmplnt_to_dt.out
1391478
3709753
0

check_cmplnt_to_tm.out
1387785
3712070
1376

check_crm_atpt_cptd_cd.out
7
5101224
0

check_hadevelopt.out
4848026
253205
0

check_juris_desc.out
0
5101231
0

check_ky_cd.out
0
5101231
0

check_latitude.out
188146
4913085
0

check_lat_lon.out
188146
4913085
0

check_law_cat_cd.out
0
5101231
0

check_loc_of_occur_desc.out
1127341
3973890
0

check_longitude.out
188146
4913085
0

check_ofns_desc.out
18840
5082391
0

check_parks_nm.out
5093632
7599
0

check_pd_cd.out
4574
5096657
0

check_pd_desc.out
4574
5096657
0

check_prem_typ_desc.out
33279
5067952
0

check_rpt_dt.out
0
5101231
0

check_x_coord_cd.out
188146
4913085
0

check_y_coord_cd.out
188146
4913085
0
