	Active Rat Signs	6
	Bait applied	11
	Monitoring visit	8
	Passed Inspection	1
 10452	Passed Inspection	2
 10457	Passed Inspection	4
 10467	Problem Conditions	1
0	Active Rat Signs	188
0	Bait applied	179
0	Monitoring visit	31
0	Passed Inspection	1270
0	Problem Conditions	369
00000	Active Rat Signs	3
00000	Bait applied	30
00000	Monitoring visit	12
00000	Passed Inspection	3
00000	Problem Conditions	5
000000	Passed Inspection	1
00001	Bait applied	2
00010	Bait applied	1
10001	Active Rat Signs	473
10001	Bait applied	307
10001	Cleanup done	1
10001	Monitoring visit	24
10001	Passed Inspection	4371
10001	Problem Conditions	178
10002	Active Rat Signs	2904
10002	Bait applied	2708
10002	Cleanup done	7
10002	Monitoring visit	489
10002	Passed Inspection	13666
10002	Problem Conditions	231
10003	Active Rat Signs	1741
10003	Bait applied	1673
10003	Monitoring visit	198
10003	Passed Inspection	12229
10003	Problem Conditions	285
10004	Active Rat Signs	65
10004	Bait applied	36
10004	Passed Inspection	615
10004	Problem Conditions	7
10005	Active Rat Signs	25
10005	Bait applied	11
10005	Passed Inspection	390
10005	Problem Conditions	2
10006	Active Rat Signs	86
10006	Bait applied	36
10006	Passed Inspection	356
10006	Problem Conditions	2
10007	Active Rat Signs	233
10007	Bait applied	769
10007	Monitoring visit	213
10007	Passed Inspection	1461
10007	Problem Conditions	26
10009	Active Rat Signs	2820
10009	Bait applied	4316
10009	Cleanup done	2
10009	Monitoring visit	732
10009	Passed Inspection	11014
10009	Problem Conditions	305
10010	Active Rat Signs	286
10010	Bait applied	156
10010	Passed Inspection	2939
10010	Problem Conditions	82
10011	Active Rat Signs	1027
10011	Bait applied	1038
10011	Cleanup done	1
10011	Monitoring visit	168
10011	Passed Inspection	9580
10011	Problem Conditions	296
10012	Active Rat Signs	979
10012	Bait applied	930
10012	Monitoring visit	71
10012	Passed Inspection	5944
10012	Problem Conditions	123
10013	Active Rat Signs	1307
10013	Bait applied	1630
10013	Cleanup done	4
10013	Monitoring visit	462
10013	Passed Inspection	8637
10013	Problem Conditions	152
10014	Active Rat Signs	1170
10014	Bait applied	1267
10014	Cleanup done	2
10014	Monitoring visit	218
10014	Passed Inspection	9624
10014	Problem Conditions	222
10016	Active Rat Signs	604
10016	Bait applied	359
10016	Monitoring visit	15
10016	Passed Inspection	6560
10016	Problem Conditions	210
10017	Active Rat Signs	112
10017	Bait applied	67
10017	Monitoring visit	4
10017	Passed Inspection	2249
10017	Problem Conditions	41
10018	Active Rat Signs	184
10018	Bait applied	108
10018	Passed Inspection	2323
10018	Problem Conditions	52
10019	Active Rat Signs	758
10019	Bait applied	499
10019	Monitoring visit	22
10019	Passed Inspection	5004
10019	Problem Conditions	214
10020	Passed Inspection	39
10020	Problem Conditions	2
10021	Active Rat Signs	431
10021	Bait applied	228
10021	Monitoring visit	1
10021	Passed Inspection	5591
10021	Problem Conditions	162
10022	Active Rat Signs	419
10022	Bait applied	178
10022	Monitoring visit	7
10022	Passed Inspection	5166
10022	Problem Conditions	131
10023	Active Rat Signs	797
10023	Bait applied	597
10023	Cleanup done	1
10023	Monitoring visit	89
10023	Passed Inspection	10639
10023	Problem Conditions	119
10024	Active Rat Signs	1888
10024	Bait applied	1464
10024	Monitoring visit	174
10024	Passed Inspection	14331
10024	Problem Conditions	272
10025	Active Rat Signs	2490
10025	Bait applied	2850
10025	Monitoring visit	653
10025	Passed Inspection	13434
10025	Problem Conditions	353
10026	Active Rat Signs	1628
10026	Bait applied	967
10026	Cleanup done	6
10026	Monitoring visit	33
10026	Passed Inspection	7744
10026	Problem Conditions	327
10027	Active Rat Signs	2284
10027	Bait applied	2119
10027	Cleanup done	19
10027	Monitoring visit	129
10027	Passed Inspection	17683
10027	Problem Conditions	676
10028	Active Rat Signs	747
10028	Bait applied	596
10028	Monitoring visit	76
10028	Passed Inspection	5751
10028	Problem Conditions	202
10029	Active Rat Signs	2356
10029	Bait applied	2100
10029	Cleanup done	8
10029	Monitoring visit	190
10029	Passed Inspection	11391
10029	Problem Conditions	621
10030	Active Rat Signs	1061
10030	Bait applied	445
10030	Cleanup done	15
10030	Monitoring visit	6
10030	Passed Inspection	8613
10030	Problem Conditions	485
10031	Active Rat Signs	2611
10031	Bait applied	2501
10031	Cleanup done	6
10031	Monitoring visit	266
10031	Passed Inspection	13005
10031	Problem Conditions	723
10032	Active Rat Signs	2419
10032	Bait applied	2261
10032	Cleanup done	8
10032	Monitoring visit	54
10032	Passed Inspection	8846
10032	Problem Conditions	649
10033	Active Rat Signs	1934
10033	Bait applied	1647
10033	Cleanup done	7
10033	Monitoring visit	114
10033	Passed Inspection	6880
10033	Problem Conditions	549
10034	Active Rat Signs	1133
10034	Bait applied	1122
10034	Cleanup done	1
10034	Monitoring visit	93
10034	Passed Inspection	4545
10034	Problem Conditions	471
10035	Active Rat Signs	1327
10035	Bait applied	754
10035	Cleanup done	4
10035	Monitoring visit	3
10035	Passed Inspection	10772
10035	Problem Conditions	484
10036	Active Rat Signs	705
10036	Bait applied	556
10036	Monitoring visit	62
10036	Passed Inspection	4752
10036	Problem Conditions	142
10037	Active Rat Signs	305
10037	Bait applied	128
10037	Monitoring visit	2
10037	Passed Inspection	2745
10037	Problem Conditions	189
10038	Active Rat Signs	563
10038	Bait applied	868
10038	Cleanup done	1
10038	Monitoring visit	245
10038	Passed Inspection	2129
10038	Problem Conditions	28
10039	Active Rat Signs	405
10039	Bait applied	199
10039	Cleanup done	6
10039	Monitoring visit	2
10039	Passed Inspection	2211
10039	Problem Conditions	192
10040	Active Rat Signs	1169
10040	Bait applied	1268
10040	Cleanup done	5
10040	Monitoring visit	92
10040	Passed Inspection	3590
10040	Problem Conditions	418
10044	Active Rat Signs	14
10044	Bait applied	4
10044	Passed Inspection	9
10044	Problem Conditions	1
10048	Active Rat Signs	2
10048	Bait applied	19
10048	Monitoring visit	1
10048	Passed Inspection	12
10065	Active Rat Signs	250
10065	Bait applied	101
10065	Passed Inspection	5044
10065	Problem Conditions	119
10069	Active Rat Signs	7
10069	Passed Inspection	122
10069	Problem Conditions	1
10075	Active Rat Signs	262
10075	Bait applied	250
10075	Monitoring visit	28
10075	Passed Inspection	3406
10075	Problem Conditions	84
10112	Bait applied	1
10128	Active Rat Signs	1229
10128	Bait applied	990
10128	Monitoring visit	195
10128	Passed Inspection	6541
10128	Problem Conditions	195
10129	Passed Inspection	18
10162	Active Rat Signs	4
10162	Bait applied	8
10162	Passed Inspection	4
10280	Active Rat Signs	32
10280	Bait applied	6
10280	Passed Inspection	124
10280	Problem Conditions	4
10281	Active Rat Signs	2
10281	Bait applied	1
10281	Passed Inspection	14
10282	Active Rat Signs	4
10282	Bait applied	1
10282	Passed Inspection	77
10301	Active Rat Signs	328
10301	Bait applied	670
10301	Cleanup done	3
10301	Monitoring visit	109
10301	Passed Inspection	4502
10301	Problem Conditions	3333
10302		1
10302	Active Rat Signs	153
10302	Bait applied	358
10302	Cleanup done	1
10302	Monitoring visit	34
10302	Passed Inspection	660
10302	Problem Conditions	1327
10303	Active Rat Signs	190
10303	Bait applied	469
10303	Monitoring visit	64
10303	Passed Inspection	1177
10303	Problem Conditions	1639
10304	Active Rat Signs	217
10304	Bait applied	645
10304	Cleanup done	5
10304	Monitoring visit	73
10304	Passed Inspection	1904
10304	Problem Conditions	2502
10305	Active Rat Signs	159
10305	Bait applied	237
10305	Cleanup done	1
10305	Monitoring visit	41
10305	Passed Inspection	2052
10305	Problem Conditions	1680
10306	Active Rat Signs	153
10306	Bait applied	215
10306	Monitoring visit	45
10306	Passed Inspection	1892
10306	Problem Conditions	1391
10307	Active Rat Signs	35
10307	Bait applied	59
10307	Monitoring visit	6
10307	Passed Inspection	275
10307	Problem Conditions	381
10308	Active Rat Signs	48
10308	Bait applied	119
10308	Monitoring visit	8
10308	Passed Inspection	555
10308	Problem Conditions	588
10309	Active Rat Signs	52
10309	Bait applied	119
10309	Monitoring visit	5
10309	Passed Inspection	443
10309	Problem Conditions	517
10310	Active Rat Signs	94
10310	Bait applied	296
10310	Cleanup done	3
10310	Monitoring visit	39
10310	Passed Inspection	787
10310	Problem Conditions	1508
10312	Active Rat Signs	159
10312	Bait applied	176
10312	Cleanup done	1
10312	Monitoring visit	13
10312	Passed Inspection	947
10312	Problem Conditions	906
10314	Active Rat Signs	237
10314	Bait applied	272
10314	Cleanup done	2
10314	Monitoring visit	35
10314	Passed Inspection	2004
10314	Problem Conditions	1403
10451	Active Rat Signs	1786
10451	Bait applied	1807
10451	Cleanup done	6
10451	Monitoring visit	254
10451	Passed Inspection	6784
10451	Problem Conditions	1013
10452	Active Rat Signs	3882
10452	Bait applied	3630
10452	Cleanup done	18
10452	Monitoring visit	134
10452	Passed Inspection	16662
10452	Problem Conditions	2188
10453	Active Rat Signs	4881
10453	Bait applied	4522
10453	Cleanup done	10
10453	Monitoring visit	83
10453	Passed Inspection	23460
10453	Problem Conditions	2497
10454	Active Rat Signs	908
10454	Bait applied	658
10454	Cleanup done	4
10454	Monitoring visit	10
10454	Passed Inspection	5311
10454	Problem Conditions	752
10455	Active Rat Signs	1372
10455	Bait applied	1091
10455	Cleanup done	2
10455	Monitoring visit	17
10455	Passed Inspection	6190
10455	Problem Conditions	873
10456	Active Rat Signs	6249
10456	Bait applied	5746
10456	Cleanup done	26
10456	Monitoring visit	148
10456	Passed Inspection	21101
10456	Problem Conditions	2942
10457	Active Rat Signs	8247
10457	Bait applied	8667
10457	Cleanup done	43
10457	Monitoring visit	256
10457	Passed Inspection	30270
10457	Problem Conditions	3846
10458	Active Rat Signs	7354
10458	Bait applied	6966
10458	Cleanup done	31
10458	Monitoring visit	168
10458	Passed Inspection	28913
10458	Problem Conditions	3107
10459	Active Rat Signs	2223
10459	Bait applied	1828
10459	Cleanup done	22
10459	Monitoring visit	15
10459	Passed Inspection	11730
10459	Problem Conditions	2168
10460	Active Rat Signs	2543
10460	Bait applied	1866
10460	Cleanup done	25
10460	Monitoring visit	141
10460	Passed Inspection	15991
10460	Problem Conditions	2724
10461	Active Rat Signs	47
10461	Bait applied	67
10461	Cleanup done	2
10461	Monitoring visit	1
10461	Passed Inspection	846
10461	Problem Conditions	735
10462	Active Rat Signs	679
10462	Bait applied	851
10462	Cleanup done	11
10462	Monitoring visit	43
10462	Passed Inspection	3599
10462	Problem Conditions	1462
10463	Active Rat Signs	1020
10463	Bait applied	612
10463	Cleanup done	4
10463	Monitoring visit	31
10463	Passed Inspection	4317
10463	Problem Conditions	844
10464	Active Rat Signs	1
10464	Bait applied	3
10464	Cleanup done	1
10464	Passed Inspection	356
10464	Problem Conditions	348
10465	Active Rat Signs	8
10465	Bait applied	48
10465	Cleanup done	5
10465	Monitoring visit	8
10465	Passed Inspection	700
10465	Problem Conditions	602
10466	Active Rat Signs	111
10466	Bait applied	123
10466	Cleanup done	31
10466	Monitoring visit	3
10466	Passed Inspection	956
10466	Problem Conditions	1838
10467	Active Rat Signs	3205
10467	Bait applied	3180
10467	Cleanup done	24
10467	Monitoring visit	109
10467	Passed Inspection	12557
10467	Problem Conditions	3279
10468	Active Rat Signs	4976
10468	Bait applied	4933
10468	Cleanup done	9
10468	Monitoring visit	218
10468	Passed Inspection	14500
10468	Problem Conditions	1820
10469	Active Rat Signs	241
10469	Bait applied	215
10469	Cleanup done	27
10469	Monitoring visit	5
10469	Passed Inspection	1230
10469	Problem Conditions	1798
10470	Active Rat Signs	49
10470	Bait applied	28
10470	Cleanup done	3
10470	Monitoring visit	1
10470	Passed Inspection	189
10470	Problem Conditions	383
10471	Active Rat Signs	109
10471	Bait applied	52
10471	Monitoring visit	1
10471	Passed Inspection	202
10471	Problem Conditions	118
10472	Active Rat Signs	2245
10472	Bait applied	2145
10472	Cleanup done	16
10472	Monitoring visit	43
10472	Passed Inspection	14518
10472	Problem Conditions	2403
10473	Active Rat Signs	188
10473	Bait applied	135
10473	Cleanup done	13
10473	Passed Inspection	3137
10473	Problem Conditions	1134
10474	Active Rat Signs	581
10474	Bait applied	518
10474	Cleanup done	12
10474	Monitoring visit	23
10474	Passed Inspection	3710
10474	Problem Conditions	703
10475	Active Rat Signs	34
10475	Bait applied	33
10475	Cleanup done	1
10475	Passed Inspection	106
10475	Problem Conditions	116
11001	Active Rat Signs	8
11001	Bait applied	3
11001	Passed Inspection	55
11001	Problem Conditions	41
11004	Active Rat Signs	1
11004	Passed Inspection	76
11004	Problem Conditions	72
11040	Passed Inspection	15
11040	Problem Conditions	23
11101	Active Rat Signs	593
11101	Bait applied	861
11101	Cleanup done	2
11101	Monitoring visit	379
11101	Passed Inspection	3566
11101	Problem Conditions	1192
11102	Active Rat Signs	85
11102	Bait applied	255
11102	Cleanup done	1
11102	Monitoring visit	15
11102	Passed Inspection	251
11102	Problem Conditions	227
11103	Active Rat Signs	403
11103	Bait applied	382
11103	Cleanup done	2
11103	Monitoring visit	22
11103	Passed Inspection	4167
11103	Problem Conditions	556
11104	Active Rat Signs	136
11104	Bait applied	291
11104	Cleanup done	1
11104	Monitoring visit	2
11104	Passed Inspection	269
11104	Problem Conditions	214
11105	Active Rat Signs	41
11105	Bait applied	47
11105	Cleanup done	1
11105	Monitoring visit	1
11105	Passed Inspection	308
11105	Problem Conditions	282
11106	Active Rat Signs	218
11106	Bait applied	250
11106	Cleanup done	1
11106	Monitoring visit	9
11106	Passed Inspection	1640
11106	Problem Conditions	503
11109	Passed Inspection	11
11109	Problem Conditions	1
11111	Bait applied	1
111111	Problem Conditions	2
11201	Active Rat Signs	1050
11201	Bait applied	1465
11201	Monitoring visit	686
11201	Passed Inspection	4589
11201	Problem Conditions	241
11203	Active Rat Signs	328
11203	Bait applied	175
11203	Cleanup done	19
11203	Monitoring visit	26
11203	Passed Inspection	1434
11203	Problem Conditions	1094
11204	Active Rat Signs	45
11204	Bait applied	18
11204	Cleanup done	3
11204	Monitoring visit	6
11204	Passed Inspection	640
11204	Problem Conditions	318
11205	Active Rat Signs	1689
11205	Bait applied	2365
11205	Cleanup done	20
11205	Monitoring visit	513
11205	Passed Inspection	3113
11205	Problem Conditions	955
11206	Active Rat Signs	3222
11206	Bait applied	4385
11206	Cleanup done	31
11206	Monitoring visit	1058
11206	Passed Inspection	7318
11206	Problem Conditions	1341
11207	Active Rat Signs	885
11207	Bait applied	560
11207	Cleanup done	69
11207	Monitoring visit	179
11207	Passed Inspection	17813
11207	Problem Conditions	2517
11208	Active Rat Signs	226
11208	Bait applied	109
11208	Cleanup done	41
11208	Monitoring visit	37
11208	Passed Inspection	13361
11208	Problem Conditions	1921
11209	Active Rat Signs	32
11209	Bait applied	6
11209	Monitoring visit	10
11209	Passed Inspection	614
11209	Problem Conditions	214
11210	Active Rat Signs	137
11210	Bait applied	52
11210	Cleanup done	7
11210	Monitoring visit	9
11210	Passed Inspection	876
11210	Problem Conditions	433
11211	Active Rat Signs	1912
11211	Bait applied	3346
11211	Cleanup done	8
11211	Monitoring visit	796
11211	Passed Inspection	1509
11211	Problem Conditions	921
11212	Active Rat Signs	505
11212	Bait applied	277
11212	Cleanup done	16
11212	Monitoring visit	61
11212	Passed Inspection	1784
11212	Problem Conditions	1095
11213	Active Rat Signs	1447
11213	Bait applied	1084
11213	Cleanup done	14
11213	Monitoring visit	181
11213	Passed Inspection	8413
11213	Problem Conditions	1247
11214	Active Rat Signs	137
11214	Bait applied	142
11214	Monitoring visit	15
11214	Passed Inspection	1795
11214	Problem Conditions	311
11215	Active Rat Signs	1034
11215	Bait applied	840
11215	Cleanup done	2
11215	Monitoring visit	410
11215	Passed Inspection	1386
11215	Problem Conditions	645
11216		1
11216	Active Rat Signs	3099
11216	Bait applied	3429
11216	Cleanup done	17
11216	Monitoring visit	938
11216	Passed Inspection	7751
11216	Problem Conditions	1670
11217	Active Rat Signs	2116
11217	Bait applied	2317
11217	Cleanup done	2
11217	Monitoring visit	780
11217	Passed Inspection	1853
11217	Problem Conditions	465
11218	Active Rat Signs	145
11218	Bait applied	63
11218	Cleanup done	1
11218	Monitoring visit	9
11218	Passed Inspection	924
11218	Problem Conditions	402
11219	Active Rat Signs	74
11219	Bait applied	30
11219	Cleanup done	1
11219	Monitoring visit	3
11219	Passed Inspection	789
11219	Problem Conditions	363
11220	Active Rat Signs	142
11220	Bait applied	66
11220	Cleanup done	1
11220	Monitoring visit	4
11220	Passed Inspection	1095
11220	Problem Conditions	316
11221	Active Rat Signs	4755
11221	Bait applied	6089
11221	Cleanup done	61
11221	Monitoring visit	1560
11221	Passed Inspection	11741
11221	Problem Conditions	2791
11222	Active Rat Signs	876
11222	Bait applied	1246
11222	Cleanup done	2
11222	Monitoring visit	386
11222	Passed Inspection	2061
11222	Problem Conditions	579
11223		1
11223	Active Rat Signs	78
11223	Bait applied	40
11223	Cleanup done	1
11223	Monitoring visit	5
11223	Passed Inspection	962
11223	Problem Conditions	388
11224	Active Rat Signs	120
11224	Bait applied	108
11224	Cleanup done	1
11224	Monitoring visit	12
11224	Passed Inspection	778
11224	Problem Conditions	261
11225	Active Rat Signs	954
11225	Bait applied	801
11225	Cleanup done	5
11225	Monitoring visit	196
11225	Passed Inspection	7181
11225	Problem Conditions	769
11226	Active Rat Signs	879
11226	Bait applied	586
11226	Cleanup done	10
11226	Monitoring visit	112
11226	Passed Inspection	2097
11226	Problem Conditions	1219
11228	Active Rat Signs	11
11228	Bait applied	14
11228	Cleanup done	2
11228	Monitoring visit	8
11228	Passed Inspection	497
11228	Problem Conditions	134
11229	Active Rat Signs	26
11229	Bait applied	16
11229	Cleanup done	1
11229	Monitoring visit	1
11229	Passed Inspection	745
11229	Problem Conditions	453
11230	Active Rat Signs	73
11230	Bait applied	51
11230	Cleanup done	2
11230	Monitoring visit	4
11230	Passed Inspection	829
11230	Problem Conditions	458
11231	Active Rat Signs	202
11231	Bait applied	180
11231	Cleanup done	3
11231	Monitoring visit	30
11231	Passed Inspection	550
11231	Problem Conditions	426
11232	Active Rat Signs	152
11232	Bait applied	116
11232	Cleanup done	1
11232	Monitoring visit	32
11232	Passed Inspection	737
11232	Problem Conditions	223
11233	Active Rat Signs	1178
11233	Bait applied	926
11233	Cleanup done	40
11233	Monitoring visit	163
11233	Passed Inspection	3080
11233	Problem Conditions	2113
11234	Active Rat Signs	47
11234	Bait applied	27
11234	Cleanup done	10
11234	Monitoring visit	2
11234	Passed Inspection	1105
11234	Problem Conditions	602
11235	Active Rat Signs	326
11235	Bait applied	305
11235	Cleanup done	1
11235	Monitoring visit	29
11235	Passed Inspection	4920
11235	Problem Conditions	822
11236	Active Rat Signs	96
11236	Bait applied	104
11236	Cleanup done	33
11236	Monitoring visit	11
11236	Passed Inspection	1194
11236	Problem Conditions	945
11237	Active Rat Signs	3608
11237	Bait applied	5323
11237	Cleanup done	10
11237	Monitoring visit	1185
11237	Passed Inspection	11127
11237	Problem Conditions	651
11238	Active Rat Signs	2114
11238	Bait applied	2202
11238	Cleanup done	10
11238	Monitoring visit	592
11238	Passed Inspection	2730
11238	Problem Conditions	1185
11239	Active Rat Signs	4
11239	Passed Inspection	308
11239	Problem Conditions	7
11241	Passed Inspection	3
11242	Passed Inspection	1
11249	Active Rat Signs	199
11249	Bait applied	230
11249	Monitoring visit	75
11249	Passed Inspection	197
11249	Problem Conditions	74
11354	Active Rat Signs	96
11354	Bait applied	187
11354	Monitoring visit	2
11354	Passed Inspection	1054
11354	Problem Conditions	506
11355	Active Rat Signs	131
11355	Bait applied	288
11355	Monitoring visit	67
11355	Passed Inspection	661
11355	Problem Conditions	487
11356	Active Rat Signs	14
11356	Bait applied	15
11356	Passed Inspection	206
11356	Problem Conditions	231
11357	Active Rat Signs	18
11357	Bait applied	20
11357	Passed Inspection	388
11357	Problem Conditions	329
11358	Active Rat Signs	10
11358	Bait applied	6
11358	Passed Inspection	250
11358	Problem Conditions	261
11360	Active Rat Signs	2
11360	Bait applied	2
11360	Passed Inspection	69
11360	Problem Conditions	52
11361	Active Rat Signs	40
11361	Bait applied	31
11361	Cleanup done	1
11361	Passed Inspection	237
11361	Problem Conditions	197
11362	Active Rat Signs	2
11362	Passed Inspection	74
11362	Problem Conditions	62
11363	Active Rat Signs	1
11363	Passed Inspection	50
11363	Problem Conditions	47
11364	Active Rat Signs	6
11364	Bait applied	6
11364	Passed Inspection	131
11364	Problem Conditions	93
11365	Active Rat Signs	12
11365	Bait applied	11
11365	Cleanup done	1
11365	Passed Inspection	166
11365	Problem Conditions	205
11366	Active Rat Signs	1
11366	Cleanup done	2
11366	Passed Inspection	104
11366	Problem Conditions	148
11367	Active Rat Signs	18
11367	Bait applied	10
11367	Cleanup done	1
11367	Passed Inspection	214
11367	Problem Conditions	228
11368	Active Rat Signs	588
11368	Bait applied	663
11368	Cleanup done	5
11368	Monitoring visit	33
11368	Passed Inspection	6346
11368	Problem Conditions	2540
11369	Active Rat Signs	33
11369	Bait applied	55
11369	Cleanup done	6
11369	Monitoring visit	6
11369	Passed Inspection	328
11369	Problem Conditions	443
11370	Active Rat Signs	25
11370	Bait applied	25
11370	Cleanup done	1
11370	Passed Inspection	1574
11370	Problem Conditions	393
11372	Active Rat Signs	1072
11372	Bait applied	1392
11372	Cleanup done	4
11372	Monitoring visit	22
11372	Passed Inspection	8199
11372	Problem Conditions	1798
11373	Active Rat Signs	413
11373	Bait applied	585
11373	Cleanup done	3
11373	Monitoring visit	16
11373	Passed Inspection	6974
11373	Problem Conditions	1995
11374	Active Rat Signs	97
11374	Bait applied	228
11374	Monitoring visit	4
11374	Passed Inspection	304
11374	Problem Conditions	286
11375	Active Rat Signs	95
11375	Bait applied	182
11375	Cleanup done	1
11375	Monitoring visit	4
11375	Passed Inspection	414
11375	Problem Conditions	348
11377	Active Rat Signs	543
11377	Bait applied	821
11377	Cleanup done	1
11377	Monitoring visit	46
11377	Passed Inspection	2145
11377	Problem Conditions	1069
11378	Active Rat Signs	96
11378	Bait applied	173
11378	Monitoring visit	7
11378	Passed Inspection	1294
11378	Problem Conditions	683
11379	Active Rat Signs	59
11379	Bait applied	75
11379	Cleanup done	1
11379	Monitoring visit	2
11379	Passed Inspection	507
11379	Problem Conditions	281
11385	Active Rat Signs	1861
11385	Bait applied	3301
11385	Cleanup done	2
11385	Monitoring visit	252
11385	Passed Inspection	11888
11385	Problem Conditions	2522
11411	Active Rat Signs	14
11411	Bait applied	14
11411	Cleanup done	6
11411	Passed Inspection	168
11411	Problem Conditions	282
11412	Active Rat Signs	36
11412	Bait applied	22
11412	Cleanup done	19
11412	Passed Inspection	717
11412	Problem Conditions	1274
11413	Active Rat Signs	13
11413	Bait applied	32
11413	Cleanup done	2
11413	Monitoring visit	2
11413	Passed Inspection	467
11413	Problem Conditions	806
11414	Active Rat Signs	17
11414	Bait applied	27
11414	Monitoring visit	3
11414	Passed Inspection	269
11414	Problem Conditions	278
11415	Active Rat Signs	30
11415	Bait applied	128
11415	Monitoring visit	14
11415	Passed Inspection	132
11415	Problem Conditions	97
11416	Active Rat Signs	17
11416	Bait applied	21
11416	Cleanup done	2
11416	Monitoring visit	1
11416	Passed Inspection	411
11416	Problem Conditions	445
11417	Active Rat Signs	49
11417	Bait applied	60
11417	Cleanup done	2
11417	Passed Inspection	479
11417	Problem Conditions	478
11418	Active Rat Signs	80
11418	Bait applied	74
11418	Cleanup done	2
11418	Monitoring visit	1
11418	Passed Inspection	419
11418	Problem Conditions	487
11419	Active Rat Signs	50
11419	Bait applied	70
11419	Cleanup done	7
11419	Monitoring visit	2
11419	Passed Inspection	491
11419	Problem Conditions	788
11420	Active Rat Signs	86
11420	Bait applied	89
11420	Cleanup done	20
11420	Passed Inspection	557
11420	Problem Conditions	942
11421	Active Rat Signs	48
11421	Bait applied	45
11421	Cleanup done	2
11421	Monitoring visit	4
11421	Passed Inspection	358
11421	Problem Conditions	451
11422	Active Rat Signs	11
11422	Bait applied	11
11422	Passed Inspection	222
11422	Problem Conditions	300
11423	Active Rat Signs	63
11423	Bait applied	60
11423	Cleanup done	2
11423	Monitoring visit	21
11423	Passed Inspection	397
11423	Problem Conditions	528
11426	Active Rat Signs	17
11426	Bait applied	11
11426	Passed Inspection	209
11426	Problem Conditions	146
11427	Active Rat Signs	5
11427	Bait applied	20
11427	Cleanup done	1
11427	Passed Inspection	148
11427	Problem Conditions	156
11428	Active Rat Signs	5
11428	Bait applied	3
11428	Cleanup done	2
11428	Passed Inspection	148
11428	Problem Conditions	239
11429	Active Rat Signs	27
11429	Bait applied	26
11429	Cleanup done	5
11429	Passed Inspection	297
11429	Problem Conditions	514
11430	Passed Inspection	2
11430	Problem Conditions	1
11432	Active Rat Signs	519
11432	Bait applied	932
11432	Cleanup done	1
11432	Monitoring visit	68
11432	Passed Inspection	3941
11432	Problem Conditions	1131
11433	Active Rat Signs	212
11433	Bait applied	273
11433	Cleanup done	20
11433	Monitoring visit	13
11433	Passed Inspection	1781
11433	Problem Conditions	1951
11434	Active Rat Signs	54
11434	Bait applied	39
11434	Cleanup done	18
11434	Monitoring visit	3
11434	Passed Inspection	876
11434	Problem Conditions	1629
11435	Active Rat Signs	473
11435	Bait applied	422
11435	Cleanup done	12
11435	Monitoring visit	31
11435	Passed Inspection	3718
11435	Problem Conditions	1626
11436	Active Rat Signs	22
11436	Bait applied	37
11436	Cleanup done	9
11436	Passed Inspection	435
11436	Problem Conditions	790
11691	Active Rat Signs	39
11691	Bait applied	27
11691	Cleanup done	1
11691	Passed Inspection	548
11691	Problem Conditions	708
11692	Active Rat Signs	13
11692	Bait applied	4
11692	Passed Inspection	137
11692	Problem Conditions	213
11693	Active Rat Signs	2
11693	Passed Inspection	102
11693	Problem Conditions	145
11694	Active Rat Signs	3
11694	Passed Inspection	209
11694	Problem Conditions	118
11695	Passed Inspection	1
11697	Passed Inspection	3
9999999	Problem Conditions	2
