FELONY		11
FELONY	00	87374
FELONY	01	57842
FELONY	02	48443
FELONY	03	42185
FELONY	04	37220
FELONY	05	25841
FELONY	06	26606
FELONY	07	34289
FELONY	08	57063
FELONY	09	63903
FELONY	10	58345
FELONY	11	57389
FELONY	12	91477
FELONY	13	69022
FELONY	14	77951
FELONY	15	89640
FELONY	16	83496
FELONY	17	83832
FELONY	18	85914
FELONY	19	82461
FELONY	20	81597
FELONY	21	76699
FELONY	22	75105
FELONY	23	73382
FELONY	24	336
MISDEMEANOR		32
MISDEMEANOR	00	136697
MISDEMEANOR	01	104917
MISDEMEANOR	02	82044
MISDEMEANOR	03	68046
MISDEMEANOR	04	59379
MISDEMEANOR	05	40149
MISDEMEANOR	06	38912
MISDEMEANOR	07	54684
MISDEMEANOR	08	87687
MISDEMEANOR	09	97385
MISDEMEANOR	10	106456
MISDEMEANOR	11	110776
MISDEMEANOR	12	152416
MISDEMEANOR	13	137994
MISDEMEANOR	14	156393
MISDEMEANOR	15	176293
MISDEMEANOR	16	170640
MISDEMEANOR	17	170777
MISDEMEANOR	18	176956
MISDEMEANOR	19	174169
MISDEMEANOR	20	173426
MISDEMEANOR	21	156450
MISDEMEANOR	22	148742
MISDEMEANOR	23	136664
MISDEMEANOR	24	490
VIOLATION		5
VIOLATION	00	18288
VIOLATION	01	14109
VIOLATION	02	10703
VIOLATION	03	8386
VIOLATION	04	7042
VIOLATION	05	6078
VIOLATION	06	7619
VIOLATION	07	15651
VIOLATION	08	25712
VIOLATION	09	27016
VIOLATION	10	29546
VIOLATION	11	31020
VIOLATION	12	36159
VIOLATION	13	32937
VIOLATION	14	37632
VIOLATION	15	42700
VIOLATION	16	37153
VIOLATION	17	36440
VIOLATION	18	37568
VIOLATION	19	35699
VIOLATION	20	35195
VIOLATION	21	31933
VIOLATION	22	27517
VIOLATION	23	23049
VIOLATION	24	77
