FELONY		220
FELONY	01	129477
FELONY	02	108206
FELONY	03	123642
FELONY	04	122445
FELONY	05	133623
FELONY	06	132449
FELONY	07	140083
FELONY	08	141382
FELONY	09	136362
FELONY	10	140177
FELONY	11	129172
FELONY	12	130185
MISDEMEANOR		344
MISDEMEANOR	01	238507
MISDEMEANOR	02	212357
MISDEMEANOR	03	247631
MISDEMEANOR	04	243331
MISDEMEANOR	05	258652
MISDEMEANOR	06	252043
MISDEMEANOR	07	259762
MISDEMEANOR	08	260212
MISDEMEANOR	09	246552
MISDEMEANOR	10	251591
MISDEMEANOR	11	227471
MISDEMEANOR	12	220121
VIOLATION		91
VIOLATION	01	48089
VIOLATION	02	42622
VIOLATION	03	50430
VIOLATION	04	50189
VIOLATION	05	55671
VIOLATION	06	55555
VIOLATION	07	56066
VIOLATION	08	53937
VIOLATION	09	54992
VIOLATION	10	53420
VIOLATION	11	48027
VIOLATION	12	46145
