	1162-1176 WASHINGTON AVENUE	4
	303 VERNON AVENUE	1
	33-35 SARATOGA AVENUE	1
	572 WARREN STREET	1
	ADAMS	49
	ALBANY	8
	ALBANY II	5
	AMSTERDAM	15
	ARMSTRONG I	2
	ARMSTRONG II	3
	ASTORIA	2
	ATLANTIC TERMINAL SITE 4B	2
	BAILEY AVENUE-WEST 193RD STREET	2
	BAISLEY PARK	1
	BARUCH	2
	BAY VIEW	10
	BAYCHESTER	1
	BAYSIDE-OCEAN BAY APTS	3
	BEACH 41ST STREET-BEACH CHANNEL DRIVE	1
	BELMONT-SUTTER AREA	2
	BERRY	1
	BETANCES I	16
	BETANCES III	3
	BETHUNE GARDENS	1
	BLAND	3
	BORINQUEN PLAZA I	7
	BORINQUEN PLAZA II	3
	BOSTON SECOR	10
	BOULEVARD	13
	BOYNTON AVENUE REHAB	3
	BREUKELEN	4
	BREVOORT	6
	BRONX RIVER	21
	BRONXDALE	11
	BROWNSVILLE	14
	BUSHWICK	8
	BUSHWICK II (GROUPS A & C)	2
	BUSHWICK II CDA (GROUP E)	2
	BUTLER	75
	CAMPOS PLAZA I	2
	CARLETON MANOR	2
	CASSIDY-LAFAYETTE	1
	CASTLE HILL	28
	CLAREMONT REHAB (GROUP 2)	7
	CLAREMONT REHAB (GROUP 3)	2
	CLAREMONT REHAB (GROUP 4)	1
	CLASON POINT GARDENS	3
	CLINTON	1
	CONEY ISLAND	1
	CONEY ISLAND I (SITE 1B)	6
	COOPER PARK	3
	CYPRESS HILLS	8
	DAVIDSON	21
	DOUGLASS	8
	DYCKMAN	2
	EAGLE AVENUE-EAST 163RD STREET	8
	EAST 173RD STREET-VYSE AVENUE	8
	EAST NEW YORK CITY LINE	1
	EASTCHESTER GARDENS	8
	EDENWALD	5
	FARRAGUT	7
	FIORENTINO PLAZA	2
	FOREST	13
	FULTON	1
	GARVEY (GROUP A)	6
	GLENWOOD	6
	GOMPERS	1
	GOWANUS	20
	GRANT	8
	GRAVESEND	2
	GUN HILL	5
	HAMMEL	1
	HARRISON AVENUE REHAB (GROUP A)	1
	HARRISON AVENUE REHAB (GROUP B)	1
	HIGHBRIDGE GARDENS	8
	HIGHBRIDGE REHABS (ANDERSON AVENUE)	1
	HIGHBRIDGE REHABS (NELSON AVENUE)	1
	HOE AVENUE-EAST 173RD STREET	4
	HOPE GARDENS	1
	HOWARD	4
	HOWARD AVENUE	5
	HOWARD AVENUE-PARK PLACE	2
	HUGHES APARTMENTS	9
	HYLAN	2
	INGERSOLL	15
	JACKSON	27
	JOHNSON	1
	KING TOWERS	2
	KINGSBOROUGH 73	2
	LA GUARDIA	3
	LAFAYETTE	4
	LINCOLN	7
	LINDEN	6
	LONG ISLAND BAPTIST HOUSES	5
	LOW HOUSES	6
	LOWER EAST SIDE I INFILL	2
	MACOMBS ROAD	3
	MANHATTANVILLE	8
	MANHATTANVILLE REHAB (GROUP 2)	1
	MARBLE HILL	2
	MARCY	12
	MARINER'S HARBOR	9
	MARKHAM GARDENS	1
	MARLBORO	4
	MARSHALL PLAZA	1
	MCKINLEY	12
	MELROSE	23
	MILL BROOK	19
	MILL BROOK EXTENSION	25
	MITCHEL	97
	MONROE	19
	MOORE	32
	MORRIS I	14
	MORRIS II	37
	MORRISANIA	11
	MOTT HAVEN	4
	MURPHY	2
	NOSTRAND	7
	O'DWYER GARDENS	1
	OCEAN HILL APARTMENTS	1
	OCEAN HILL-BROWNSVILLE	4
	PARKSIDE	4
	PATTERSON	36
	PELHAM PARKWAY	5
	PENNSYLVANIA AVENUE-WORTMAN AVENUE	2
	PINK	11
	POMONOK	6
	QUEENSBRIDGE NORTH	3
	QUEENSBRIDGE SOUTH	1
	RANGEL	1
	RED HOOK EAST	5
	RED HOOK WEST	9
	REDFERN	7
	RICHMOND TERRACE	9
	RIIS	2
	RIIS II	2
	ROOSEVELT I	3
	ROOSEVELT II	3
	RUTLAND TOWERS	1
	SACK WERN	6
	SAINT MARY'S PARK	33
	SARATOGA SQUARE	1
	SEDGWICK	7
	SEWARD PARK EXTENSION	1
	SHEEPSHEAD BAY	9
	SMITH	4
	SOUNDVIEW	26
	SOUTH BEACH	2
	SOUTH BRONX AREA (SITE 402)	2
	STAPLETON	16
	STUYVESANT GARDENS I	5
	SUMNER	7
	SUTTER AVENUE-UNION STREET	1
	TAFT	3
	TAPSCOTT STREET REHAB	3
	TAYLOR STREET-WYTHE AVENUE	3
	TELLER AVENUE-EAST 166TH STREET	2
	THROGGS NECK	8
	THROGGS NECK ADDITION	2
	TILDEN	8
	TOMPKINS	7
	TWIN PARKS EAST (SITE 9)	1
	TWIN PARKS WEST (SITE 1 & 2)	5
	UNION AVENUE-EAST 163RD STREET	1
	UNION AVENUE-EAST 166TH STREET	9
	UNITY PLAZA (SITES 4-27)	5
	UNIVERSITY AVENUE REHAB	4
	VAN DYKE I	19
	VANDALIA AVENUE	1
	VLADECK	1
	WAGNER	1
	WALD	3
	WEBSTER	24
	WEEKSVILLE GARDENS	5
	WEST BRIGHTON I	7
	WEST FARMS ROAD REHAB	5
	WEST TREMONT AVENUE-SEDGWICK AVENUE AREA	1
	WEST TREMONT REHAB (GROUP 1)	3
	WEST TREMONT REHAB (GROUP 2)	1
	WEST TREMONT REHAB (GROUP 3)	2
	WHITMAN	15
	WILLIAMS PLAZA	2
	WILLIAMSBURG	7
	WOODSIDE	6
	WOODSON	2
	WYCKOFF GARDENS	4
ABANDONED BUILDING	ADAMS	1
ABANDONED BUILDING	MARSHALL PLAZA	1
ABANDONED BUILDING	WEST TREMONT REHAB (GROUP 1)	1
ATM	ARMSTRONG II	3
ATM	BETANCES I	1
ATM	BORINQUEN PLAZA II	1
ATM	BOULEVARD	1
ATM	BUTLER	1
ATM	CYPRESS HILLS	1
ATM	SMITH	2
ATM	VAN DYKE I	1
BANK	ARMSTRONG I	17
BANK	ARMSTRONG II	20
BANK	BORINQUEN PLAZA I	1
BANK	BREVOORT	1
BANK	BRONXDALE	1
BANK	BUSHWICK	1
BANK	GRANT	1
BANK	LAFAYETTE	1
BANK	MARKHAM GARDENS	2
BANK	PINK	1
BANK	POMONOK	1
BANK	QUEENSBRIDGE NORTH	1
BANK	SMITH	1
BANK	TAFT	1
BANK	WALD	1
BANK	WEST BRIGHTON I	1
BANK	WILLIAMS PLAZA	1
BANK	WILLIAMSBURG	1
BAR/NIGHT CLUB	MARCY	1
BAR/NIGHT CLUB	MARCY AVENUE-GREENE AVENUE SITE A	15
BAR/NIGHT CLUB	MARKHAM GARDENS	17
BAR/NIGHT CLUB	RIIS	1
BEAUTY & NAIL SALON	ARMSTRONG II	2
BEAUTY & NAIL SALON	MILBANK-FRAWLEY	1
BEAUTY & NAIL SALON	SAMUEL (CITY)	1
BUS (NYC TRANSIT)	ARMSTRONG II	1
BUS (NYC TRANSIT)	CAMPOS PLAZA I	1
BUS (NYC TRANSIT)	GRANT	1
BUS (NYC TRANSIT)	LONG ISLAND BAPTIST HOUSES	1
BUS (NYC TRANSIT)	MARBLE HILL	1
BUS (NYC TRANSIT)	MARINER'S HARBOR	1
BUS (NYC TRANSIT)	MITCHEL	1
BUS (NYC TRANSIT)	STAPLETON	2
BUS (NYC TRANSIT)	WAGNER	1
BUS (OTHER)	BUTLER	1
BUS (OTHER)	LINDEN	1
BUS (OTHER)	POMONOK	1
BUS (OTHER)	THROGGS NECK ADDITION	1
BUS (OTHER)	TWIN PARKS WEST (SITE 1 & 2)	1
BUS (OTHER)	VLADECK	1
BUS STOP	BREUKELEN	1
BUS STOP	BREVOORT	1
BUS STOP	FARRAGUT	1
BUS STOP	LOWER EAST SIDE II	1
BUS STOP	MARKHAM GARDENS	2
BUS STOP	PINK	1
BUS STOP	SHEEPSHEAD BAY	1
BUS STOP	SMITH	1
BUS STOP	SUMNER	1
BUS STOP	TAFT	1
BUS STOP	VLADECK	1
BUS STOP	WEST TREMONT REHAB (GROUP 3)	1
CANDY STORE	ALBANY	1
CANDY STORE	EDENWALD	1
CANDY STORE	HOWARD AVENUE-PARK PLACE	1
CANDY STORE	MILBANK-FRAWLEY	1
CEMETERY	DOUGLASS ADDITION	1
CEMETERY	TOMPKINS	1
CHAIN STORE	ARMSTRONG I	1
CHAIN STORE	ARMSTRONG II	115
CHAIN STORE	MARCY	1
CHAIN STORE	MARKHAM GARDENS	6
CHAIN STORE	SAMUEL (CITY)	1
CHAIN STORE	TOMPKINS	1
CHECK CASHING BUSINESS	ASTORIA	1
CHECK CASHING BUSINESS	STAPLETON	2
CHECK CASHING BUSINESS	WALD	1
CHECK CASHING BUSINESS	WHITMAN	2
CHURCH	MARCY	2
CHURCH	MARKHAM GARDENS	13
CLOTHING/BOUTIQUE	ARMSTRONG II	1
CLOTHING/BOUTIQUE	HUGHES APARTMENTS	2
CLOTHING/BOUTIQUE	MARKHAM GARDENS	5
CLOTHING/BOUTIQUE	TAFT REHABS (REHAB PROGRAM)	1
COMMERCIAL BUILDING	ALBANY	1
COMMERCIAL BUILDING	ARMSTRONG I	2
COMMERCIAL BUILDING	ARMSTRONG II	144
COMMERCIAL BUILDING	ASTORIA	1
COMMERCIAL BUILDING	BARUCH	1
COMMERCIAL BUILDING	BORINQUEN PLAZA I	1
COMMERCIAL BUILDING	BOSTON SECOR	1
COMMERCIAL BUILDING	BOULEVARD	1
COMMERCIAL BUILDING	BREUKELEN	1
COMMERCIAL BUILDING	BRONXDALE	1
COMMERCIAL BUILDING	DOUGLASS	1
COMMERCIAL BUILDING	GLENWOOD	1
COMMERCIAL BUILDING	INDEPENDENCE	1
COMMERCIAL BUILDING	KING TOWERS	1
COMMERCIAL BUILDING	LONG ISLAND BAPTIST HOUSES	6
COMMERCIAL BUILDING	MARBLE HILL	1
COMMERCIAL BUILDING	MARCY	5
COMMERCIAL BUILDING	MARCY AVENUE-GREENE AVENUE SITE B	1
COMMERCIAL BUILDING	MARKHAM GARDENS	107
COMMERCIAL BUILDING	PELHAM PARKWAY	2
COMMERCIAL BUILDING	RANDALL AVENUE-BALCOM AVENUE	1
COMMERCIAL BUILDING	RED HOOK EAST	1
COMMERCIAL BUILDING	RIIS II	1
COMMERCIAL BUILDING	SACK WERN	1
COMMERCIAL BUILDING	SAMUEL (CITY)	2
COMMERCIAL BUILDING	SMITH	2
COMMERCIAL BUILDING	STAPLETON	1
COMMERCIAL BUILDING	TODT HILL	1
COMMERCIAL BUILDING	VAN DYKE I	1
COMMERCIAL BUILDING	VLADECK	1
COMMERCIAL BUILDING	WALD	1
COMMERCIAL BUILDING	WEST BRIGHTON I	7
COMMERCIAL BUILDING	WEST BRIGHTON II	4
COMMERCIAL BUILDING	WHITMAN	2
CONSTRUCTION SITE	ARMSTRONG II	1
CONSTRUCTION SITE	BARUCH	1
CONSTRUCTION SITE	DYCKMAN	1
CONSTRUCTION SITE	INGERSOLL	2
CONSTRUCTION SITE	JOHNSON	1
CONSTRUCTION SITE	LA GUARDIA	1
CONSTRUCTION SITE	MARKHAM GARDENS	2
CONSTRUCTION SITE	MILL BROOK	1
CONSTRUCTION SITE	MORRIS II	1
CONSTRUCTION SITE	ROOSEVELT II	1
CONSTRUCTION SITE	SOUNDVIEW	1
CONSTRUCTION SITE	STAPLETON	1
CONSTRUCTION SITE	WEST FARMS ROAD REHAB	1
CONSTRUCTION SITE	WILLIAMSBURG	1
DEPARTMENT STORE	ARMSTRONG II	6
DEPARTMENT STORE	BETANCES VI	1
DEPARTMENT STORE	BLAND	1
DEPARTMENT STORE	LEHMAN	1
DEPARTMENT STORE	SAINT MARY'S PARK	1
DOCTOR/DENTIST OFFICE	ARMSTRONG I	2
DOCTOR/DENTIST OFFICE	ARMSTRONG II	4
DOCTOR/DENTIST OFFICE	FORT WASHINGTON AVENUE REHAB	1
DOCTOR/DENTIST OFFICE	MARCY	1
DOCTOR/DENTIST OFFICE	MARKHAM GARDENS	9
DOCTOR/DENTIST OFFICE	SMITH	1
DOCTOR/DENTIST OFFICE	SUMNER	1
DOCTOR/DENTIST OFFICE	WEST BRIGHTON II	4
DOCTOR/DENTIST OFFICE	WHITMAN	1
DRUG STORE	ARMSTRONG II	51
DRUG STORE	BAY VIEW	1
DRUG STORE	BRONX RIVER	2
DRUG STORE	RANGEL	3
DRUG STORE	SARATOGA SQUARE	1
DRUG STORE	WEST BRIGHTON II	6
DRUG STORE	WEST TREMONT REHAB (GROUP 3)	1
DRUG STORE	WHITMAN	2
DRY CLEANER/LAUNDRY	BARUCH	1
DRY CLEANER/LAUNDRY	MARCY AVENUE-GREENE AVENUE SITE B	1
DRY CLEANER/LAUNDRY	SMITH	1
DRY CLEANER/LAUNDRY	WASHINGTON HEIGHTS REHAB PHASE III	1
DRY CLEANER/LAUNDRY	WHITMAN	2
FAST FOOD	ARMSTRONG II	2
FAST FOOD	MARKHAM GARDENS	5
FAST FOOD	TAFT	1
FOOD SUPERMARKET	BRONXDALE	2
FOOD SUPERMARKET	CASTLE HILL	1
FOOD SUPERMARKET	DOUGLASS	1
FOOD SUPERMARKET	GRANT	1
FOOD SUPERMARKET	LINDEN	1
FOOD SUPERMARKET	MARBLE HILL	1
FOOD SUPERMARKET	MOORE	1
FOOD SUPERMARKET	MORRISANIA AIR RIGHTS 42	1
FOOD SUPERMARKET	RANGEL	4
FOOD SUPERMARKET	SMITH	1
FOOD SUPERMARKET	TAFT	2
FOOD SUPERMARKET	THROGGS NECK	1
FOOD SUPERMARKET	TILDEN	2
FOOD SUPERMARKET	VAN DYKE I	1
GAS STATION	MITCHEL	1
GROCERY/BODEGA	ARMSTRONG II	5
GROCERY/BODEGA	BAY VIEW	1
GROCERY/BODEGA	BORINQUEN PLAZA I	1
GROCERY/BODEGA	CLAREMONT REHAB (GROUP 2)	1
GROCERY/BODEGA	CLASON POINT GARDENS	1
GROCERY/BODEGA	CYPRESS HILLS	1
GROCERY/BODEGA	GLENWOOD	1
GROCERY/BODEGA	GOWANUS	1
GROCERY/BODEGA	HARLEM RIVER	2
GROCERY/BODEGA	HOWARD AVENUE-PARK PLACE	2
GROCERY/BODEGA	LINDEN	1
GROCERY/BODEGA	LOW HOUSES	1
GROCERY/BODEGA	MARKHAM GARDENS	5
GROCERY/BODEGA	MILBANK-FRAWLEY	4
GROCERY/BODEGA	RANGEL	1
GROCERY/BODEGA	RED HOOK EAST	1
GROCERY/BODEGA	ROOSEVELT I	1
GROCERY/BODEGA	SMITH	2
GROCERY/BODEGA	THROGGS NECK	1
GROCERY/BODEGA	TOMPKINS	1
GROCERY/BODEGA	TWIN PARKS WEST (SITE 1 & 2)	1
GROCERY/BODEGA	VAN DYKE I	3
GROCERY/BODEGA	WEBSTER	1
GROCERY/BODEGA	WEST BRIGHTON I	1
GYM/FITNESS FACILITY	ARMSTRONG II	1
GYM/FITNESS FACILITY	BUSHWICK II (GROUPS B & D)	1
GYM/FITNESS FACILITY	RUTGERS	1
GYM/FITNESS FACILITY	SAMUEL (CITY)	1
GYM/FITNESS FACILITY	WEEKSVILLE GARDENS	1
HIGHWAY/PARKWAY	INGERSOLL	1
HIGHWAY/PARKWAY	RANGEL	1
HIGHWAY/PARKWAY	SMITH	1
HIGHWAY/PARKWAY	SUMNER	1
HOSPITAL	303 VERNON AVENUE	1
HOSPITAL	MARCY	1
HOSPITAL	MARINER'S HARBOR	1
HOSPITAL	MARKHAM GARDENS	1
HOTEL/MOTEL	LAFAYETTE	1
HOTEL/MOTEL	MARCY	1
HOTEL/MOTEL	TOMPKINS	1
JEWELRY	SMITH	1
LOAN COMPANY	ARMSTRONG II	1
MARINA/PIER	BARUCH	1
MARINA/PIER	CONEY ISLAND	1
MARINA/PIER	SMITH	1
OPEN AREAS (OPEN LOTS)	BARUCH	1
OPEN AREAS (OPEN LOTS)	BAY VIEW	1
OPEN AREAS (OPEN LOTS)	BETANCES I	1
OPEN AREAS (OPEN LOTS)	BUSHWICK	1
OPEN AREAS (OPEN LOTS)	CASTLE HILL	1
OPEN AREAS (OPEN LOTS)	CLAREMONT PARKWAY-FRANKLIN AVENUE	1
OPEN AREAS (OPEN LOTS)	CLASON POINT GARDENS	2
OPEN AREAS (OPEN LOTS)	CLINTON	1
OPEN AREAS (OPEN LOTS)	COOPER PARK	2
OPEN AREAS (OPEN LOTS)	DOUGLASS	1
OPEN AREAS (OPEN LOTS)	DYCKMAN	1
OPEN AREAS (OPEN LOTS)	EASTCHESTER GARDENS	3
OPEN AREAS (OPEN LOTS)	FARRAGUT	3
OPEN AREAS (OPEN LOTS)	FORT INDEPENDENCE STREET-HEATH AVENUE	1
OPEN AREAS (OPEN LOTS)	HIGHBRIDGE GARDENS	1
OPEN AREAS (OPEN LOTS)	HOPE GARDENS	1
OPEN AREAS (OPEN LOTS)	HUGHES APARTMENTS	1
OPEN AREAS (OPEN LOTS)	JACKSON	1
OPEN AREAS (OPEN LOTS)	LA GUARDIA	1
OPEN AREAS (OPEN LOTS)	LOW HOUSES	1
OPEN AREAS (OPEN LOTS)	MARCY AVENUE-GREENE AVENUE SITE A	1
OPEN AREAS (OPEN LOTS)	MARINER'S HARBOR	1
OPEN AREAS (OPEN LOTS)	MONROE	3
OPEN AREAS (OPEN LOTS)	MORRIS I	1
OPEN AREAS (OPEN LOTS)	MORRIS II	1
OPEN AREAS (OPEN LOTS)	NOSTRAND	1
OPEN AREAS (OPEN LOTS)	SMITH	1
OPEN AREAS (OPEN LOTS)	STUYVESANT GARDENS I	1
OPEN AREAS (OPEN LOTS)	THROGGS NECK	1
OPEN AREAS (OPEN LOTS)	TILDEN	1
OPEN AREAS (OPEN LOTS)	TOMPKINS	1
OPEN AREAS (OPEN LOTS)	VAN DYKE I	2
OPEN AREAS (OPEN LOTS)	WALD	2
OTHER	303 VERNON AVENUE	3
OTHER	344 EAST 28TH STREET	1
OTHER	830 AMSTERDAM AVENUE	1
OTHER	ADAMS	3
OTHER	ALBANY	3
OTHER	ALBANY II	1
OTHER	AMSTERDAM	2
OTHER	ARMSTRONG I	2
OTHER	ARMSTRONG II	2
OTHER	ASTORIA	6
OTHER	ATLANTIC TERMINAL SITE 4B	1
OTHER	BAILEY AVENUE-WEST 193RD STREET	2
OTHER	BARUCH	3
OTHER	BAY VIEW	1
OTHER	BAYSIDE-OCEAN BAY APTS	2
OTHER	BEACH 41ST STREET-BEACH CHANNEL DRIVE	2
OTHER	BEDFORD-STUYVESANT REHAB	1
OTHER	BELMONT-SUTTER AREA	1
OTHER	BERRY	1
OTHER	BETANCES I	1
OTHER	BORINQUEN PLAZA I	3
OTHER	BORINQUEN PLAZA II	1
OTHER	BOSTON SECOR	1
OTHER	BOULEVARD	4
OTHER	BOYNTON AVENUE REHAB	1
OTHER	BREUKELEN	2
OTHER	BREVOORT	3
OTHER	BRONXDALE	1
OTHER	BROWNSVILLE	3
OTHER	BUSHWICK	2
OTHER	BUSHWICK II (GROUPS A & C)	1
OTHER	BUSHWICK II (GROUPS B & D)	2
OTHER	BUSHWICK II CDA (GROUP E)	2
OTHER	BUTLER	2
OTHER	CASSIDY-LAFAYETTE	1
OTHER	CASTLE HILL	5
OTHER	CLASON POINT GARDENS	2
OTHER	CLINTON	1
OTHER	COLLEGE AVENUE-EAST 165TH STREET	1
OTHER	CONEY ISLAND	2
OTHER	CONEY ISLAND I (SITE 1B)	2
OTHER	COOPER PARK	2
OTHER	CYPRESS HILLS	2
OTHER	DOUGLASS	5
OTHER	DYCKMAN	5
OTHER	EAST 173RD STREET-VYSE AVENUE	1
OTHER	EASTCHESTER GARDENS	7
OTHER	EDENWALD	2
OTHER	FARRAGUT	8
OTHER	FIORENTINO PLAZA	2
OTHER	FORT INDEPENDENCE STREET-HEATH AVENUE	2
OTHER	FORT WASHINGTON AVENUE REHAB	1
OTHER	FRANKLIN AVENUE I MHOP	1
OTHER	GARVEY (GROUP A)	1
OTHER	GLENMORE PLAZA	1
OTHER	GOMPERS	1
OTHER	GOWANUS	1
OTHER	GRAMPION	1
OTHER	GRANT	5
OTHER	GUN HILL	1
OTHER	HARRISON AVENUE REHAB (GROUP B)	2
OTHER	HIGHBRIDGE GARDENS	2
OTHER	HOWARD	1
OTHER	HOWARD AVENUE	2
OTHER	HOWARD AVENUE-PARK PLACE	2
OTHER	INDEPENDENCE	1
OTHER	INGERSOLL	2
OTHER	JACKSON	5
OTHER	JOHNSON	2
OTHER	LA GUARDIA	2
OTHER	LAFAYETTE	2
OTHER	LEHMAN	3
OTHER	LINCOLN	2
OTHER	LINDEN	2
OTHER	LONG ISLAND BAPTIST HOUSES	49
OTHER	LOWER EAST SIDE I INFILL	1
OTHER	LOWER EAST SIDE REHAB (GROUP 5)	1
OTHER	MANHATTANVILLE	1
OTHER	MARBLE HILL	4
OTHER	MARCY	6
OTHER	MARINER'S HARBOR	6
OTHER	MARKHAM GARDENS	8
OTHER	MARLBORO	1
OTHER	MCKINLEY	1
OTHER	MELROSE	4
OTHER	MITCHEL	6
OTHER	MONROE	1
OTHER	MOORE	1
OTHER	MORRIS HEIGHTS REHAB	2
OTHER	MORRIS I	3
OTHER	MORRIS II	2
OTHER	MOTT HAVEN	3
OTHER	MURPHY	2
OTHER	NOSTRAND	2
OTHER	OCEAN HILL APARTMENTS	2
OTHER	OCEAN HILL-BROWNSVILLE	2
OTHER	PARKSIDE	6
OTHER	PATTERSON	2
OTHER	PELHAM PARKWAY	15
OTHER	PINK	2
OTHER	POMONOK	3
OTHER	QUEENSBRIDGE NORTH	1
OTHER	QUEENSBRIDGE SOUTH	1
OTHER	RALPH AVENUE REHAB	1
OTHER	RANGEL	3
OTHER	RED HOOK WEST	2
OTHER	REDFERN	2
OTHER	RIIS II	2
OTHER	ROOSEVELT II	4
OTHER	SAINT MARY'S PARK	3
OTHER	SARATOGA SQUARE	1
OTHER	SEDGWICK	2
OTHER	SEWARD PARK EXTENSION	1
OTHER	SMITH	5
OTHER	SOUNDVIEW	4
OTHER	SOUTH BEACH	1
OTHER	SOUTH BRONX AREA (SITE 402)	1
OTHER	SOUTHERN BOULEVARD	1
OTHER	STAPLETON	3
OTHER	STERLING PLACE REHAB (STERLING-BUFFALO)	2
OTHER	STUYVESANT GARDENS I	3
OTHER	SUMNER	1
OTHER	SUTTER AVENUE-UNION STREET	1
OTHER	THROGGS NECK	2
OTHER	TILDEN	1
OTHER	TODT HILL	3
OTHER	TOMPKINS	4
OTHER	TWIN PARKS EAST (SITE 9)	1
OTHER	TWIN PARKS WEST (SITE 1 & 2)	3
OTHER	UNITY PLAZA (SITES 17,24,25A)	1
OTHER	UNITY PLAZA (SITES 4-27)	1
OTHER	UNIVERSITY AVENUE REHAB	2
OTHER	UPACA (SITE 5)	1
OTHER	UPACA (SITE 6)	2
OTHER	VAN DYKE I	3
OTHER	VLADECK	2
OTHER	WAGNER	2
OTHER	WALD	1
OTHER	WEBSTER	2
OTHER	WEEKSVILLE GARDENS	5
OTHER	WEST BRIGHTON I	7
OTHER	WEST BRIGHTON II	3
OTHER	WEST TREMONT REHAB (GROUP 1)	2
OTHER	WEST TREMONT REHAB (GROUP 2)	2
OTHER	WEST TREMONT REHAB (GROUP 3)	2
OTHER	WHITMAN	6
OTHER	WILLIAMSBURG	2
OTHER	WYCKOFF GARDENS	2
PARK/PLAYGROUND	131 SAINT NICHOLAS AVENUE	1
PARK/PLAYGROUND	45 ALLEN STREET	2
PARK/PLAYGROUND	572 WARREN STREET	1
PARK/PLAYGROUND	830 AMSTERDAM AVENUE	4
PARK/PLAYGROUND	ADAMS	5
PARK/PLAYGROUND	ALBANY	3
PARK/PLAYGROUND	ALBANY II	1
PARK/PLAYGROUND	AUDUBON	1
PARK/PLAYGROUND	BAYSIDE-OCEAN BAY APTS	1
PARK/PLAYGROUND	BERRY	9
PARK/PLAYGROUND	BERRY STREET-SOUTH 9TH STREET	2
PARK/PLAYGROUND	BETANCES III	1
PARK/PLAYGROUND	BLAND	1
PARK/PLAYGROUND	BORINQUEN PLAZA I	2
PARK/PLAYGROUND	BORINQUEN PLAZA II	1
PARK/PLAYGROUND	BOSTON SECOR	1
PARK/PLAYGROUND	BOULEVARD	1
PARK/PLAYGROUND	BREUKELEN	7
PARK/PLAYGROUND	BREVOORT	5
PARK/PLAYGROUND	BRONXDALE	6
PARK/PLAYGROUND	BROWNSVILLE	1
PARK/PLAYGROUND	CASTLE HILL	2
PARK/PLAYGROUND	CLAREMONT PARKWAY-FRANKLIN AVENUE	1
PARK/PLAYGROUND	CLAREMONT REHAB (GROUP 4)	1
PARK/PLAYGROUND	CLAREMONT REHAB (GROUP 5)	1
PARK/PLAYGROUND	CLASON POINT GARDENS	6
PARK/PLAYGROUND	CONEY ISLAND	1
PARK/PLAYGROUND	CONEY ISLAND I (SITE 1B)	1
PARK/PLAYGROUND	COOPER PARK	1
PARK/PLAYGROUND	CYPRESS HILLS	4
PARK/PLAYGROUND	DOUGLASS	1
PARK/PLAYGROUND	DYCKMAN	1
PARK/PLAYGROUND	EAST 173RD STREET-VYSE AVENUE	1
PARK/PLAYGROUND	EASTCHESTER GARDENS	5
PARK/PLAYGROUND	FARRAGUT	10
PARK/PLAYGROUND	FOREST	1
PARK/PLAYGROUND	FORT INDEPENDENCE STREET-HEATH AVENUE	4
PARK/PLAYGROUND	GRANT	2
PARK/PLAYGROUND	GUN HILL	1
PARK/PLAYGROUND	HAMMEL	1
PARK/PLAYGROUND	HARLEM RIVER	1
PARK/PLAYGROUND	HIGHBRIDGE GARDENS	2
PARK/PLAYGROUND	HOPE GARDENS	1
PARK/PLAYGROUND	HOWARD AVENUE-PARK PLACE	1
PARK/PLAYGROUND	HUGHES APARTMENTS	6
PARK/PLAYGROUND	INDEPENDENCE	1
PARK/PLAYGROUND	INGERSOLL	4
PARK/PLAYGROUND	JACKSON	1
PARK/PLAYGROUND	JENNINGS STREET	1
PARK/PLAYGROUND	JOHNSON	6
PARK/PLAYGROUND	KING TOWERS	5
PARK/PLAYGROUND	LA GUARDIA	3
PARK/PLAYGROUND	LA GUARDIA ADDITION	1
PARK/PLAYGROUND	LATIMER GARDENS	1
PARK/PLAYGROUND	LINCOLN	5
PARK/PLAYGROUND	LINDEN	9
PARK/PLAYGROUND	LONG ISLAND BAPTIST HOUSES	1
PARK/PLAYGROUND	MANHATTANVILLE	1
PARK/PLAYGROUND	MARBLE HILL	1
PARK/PLAYGROUND	MARCY	2
PARK/PLAYGROUND	MARINER'S HARBOR	2
PARK/PLAYGROUND	MARKHAM GARDENS	1
PARK/PLAYGROUND	MITCHEL	1
PARK/PLAYGROUND	MONROE	1
PARK/PLAYGROUND	MOORE	3
PARK/PLAYGROUND	MORRISANIA	2
PARK/PLAYGROUND	MURPHY	2
PARK/PLAYGROUND	NOSTRAND	1
PARK/PLAYGROUND	OCEAN HILL APARTMENTS	1
PARK/PLAYGROUND	OCEAN HILL-BROWNSVILLE	4
PARK/PLAYGROUND	PARKSIDE	12
PARK/PLAYGROUND	PELHAM PARKWAY	5
PARK/PLAYGROUND	PENNSYLVANIA AVENUE-WORTMAN AVENUE	1
PARK/PLAYGROUND	POMONOK	5
PARK/PLAYGROUND	QUEENSBRIDGE NORTH	1
PARK/PLAYGROUND	RALPH AVENUE REHAB	1
PARK/PLAYGROUND	RED HOOK WEST	8
PARK/PLAYGROUND	REDFERN	1
PARK/PLAYGROUND	RICHMOND TERRACE	3
PARK/PLAYGROUND	RIIS	2
PARK/PLAYGROUND	RUTGERS	3
PARK/PLAYGROUND	SAINT MARY'S PARK	2
PARK/PLAYGROUND	SAMUEL (CITY)	1
PARK/PLAYGROUND	SARATOGA SQUARE	2
PARK/PLAYGROUND	SEDGWICK	1
PARK/PLAYGROUND	SEWARD PARK EXTENSION	1
PARK/PLAYGROUND	SMITH	4
PARK/PLAYGROUND	SOUNDVIEW	3
PARK/PLAYGROUND	SOUTH BEACH	3
PARK/PLAYGROUND	STAPLETON	1
PARK/PLAYGROUND	STUYVESANT GARDENS I	1
PARK/PLAYGROUND	SUMNER	2
PARK/PLAYGROUND	THROGGS NECK	1
PARK/PLAYGROUND	THROGGS NECK ADDITION	1
PARK/PLAYGROUND	TILDEN	3
PARK/PLAYGROUND	TODT HILL	2
PARK/PLAYGROUND	TOMPKINS	4
PARK/PLAYGROUND	UNION AVENUE-EAST 166TH STREET	1
PARK/PLAYGROUND	VAN DYKE I	4
PARK/PLAYGROUND	VLADECK	4
PARK/PLAYGROUND	WALD	1
PARK/PLAYGROUND	WEEKSVILLE GARDENS	1
PARK/PLAYGROUND	WEST BRIGHTON I	7
PARK/PLAYGROUND	WHITMAN	2
PARK/PLAYGROUND	WILLIAMSBURG	1
PARK/PLAYGROUND	WYCKOFF GARDENS	1
PARKING LOT/GARAGE (PRIVATE)	ALBANY II	1
PARKING LOT/GARAGE (PRIVATE)	ARMSTRONG I	1
PARKING LOT/GARAGE (PRIVATE)	AUDUBON	1
PARKING LOT/GARAGE (PRIVATE)	BARUCH	1
PARKING LOT/GARAGE (PRIVATE)	BAY VIEW	2
PARKING LOT/GARAGE (PRIVATE)	BAYSIDE-OCEAN BAY APTS	1
PARKING LOT/GARAGE (PRIVATE)	BLAND	2
PARKING LOT/GARAGE (PRIVATE)	BORINQUEN PLAZA I	1
PARKING LOT/GARAGE (PRIVATE)	BOSTON SECOR	1
PARKING LOT/GARAGE (PRIVATE)	BRONXDALE	2
PARKING LOT/GARAGE (PRIVATE)	BUSHWICK	1
PARKING LOT/GARAGE (PRIVATE)	BUSHWICK II CDA (GROUP E)	1
PARKING LOT/GARAGE (PRIVATE)	BUTLER	2
PARKING LOT/GARAGE (PRIVATE)	CASTLE HILL	3
PARKING LOT/GARAGE (PRIVATE)	CLAREMONT REHAB (GROUP 3)	1
PARKING LOT/GARAGE (PRIVATE)	CLINTON	1
PARKING LOT/GARAGE (PRIVATE)	COLLEGE AVENUE-EAST 165TH STREET	3
PARKING LOT/GARAGE (PRIVATE)	CYPRESS HILLS	1
PARKING LOT/GARAGE (PRIVATE)	DAVIDSON	1
PARKING LOT/GARAGE (PRIVATE)	EDENWALD	1
PARKING LOT/GARAGE (PRIVATE)	FORT INDEPENDENCE STREET-HEATH AVENUE	1
PARKING LOT/GARAGE (PRIVATE)	GARVEY (GROUP A)	1
PARKING LOT/GARAGE (PRIVATE)	GRANT	2
PARKING LOT/GARAGE (PRIVATE)	HOWARD	2
PARKING LOT/GARAGE (PRIVATE)	INGERSOLL	1
PARKING LOT/GARAGE (PRIVATE)	JOHNSON	1
PARKING LOT/GARAGE (PRIVATE)	LATIMER GARDENS	2
PARKING LOT/GARAGE (PRIVATE)	LONG ISLAND BAPTIST HOUSES	2
PARKING LOT/GARAGE (PRIVATE)	LOW HOUSES	1
PARKING LOT/GARAGE (PRIVATE)	MANHATTANVILLE	1
PARKING LOT/GARAGE (PRIVATE)	MARBLE HILL	2
PARKING LOT/GARAGE (PRIVATE)	MARCY	1
PARKING LOT/GARAGE (PRIVATE)	MARINER'S HARBOR	3
PARKING LOT/GARAGE (PRIVATE)	MARKHAM GARDENS	1
PARKING LOT/GARAGE (PRIVATE)	MELROSE	1
PARKING LOT/GARAGE (PRIVATE)	MITCHEL	1
PARKING LOT/GARAGE (PRIVATE)	MOTT HAVEN	1
PARKING LOT/GARAGE (PRIVATE)	MURPHY	2
PARKING LOT/GARAGE (PRIVATE)	PENNSYLVANIA AVENUE-WORTMAN AVENUE	1
PARKING LOT/GARAGE (PRIVATE)	PINK	2
PARKING LOT/GARAGE (PRIVATE)	POMONOK	4
PARKING LOT/GARAGE (PRIVATE)	RANGEL	1
PARKING LOT/GARAGE (PRIVATE)	REDFERN	1
PARKING LOT/GARAGE (PRIVATE)	ROBINSON	1
PARKING LOT/GARAGE (PRIVATE)	ROOSEVELT II	2
PARKING LOT/GARAGE (PRIVATE)	RUTGERS	2
PARKING LOT/GARAGE (PRIVATE)	SACK WERN	2
PARKING LOT/GARAGE (PRIVATE)	SAINT MARY'S PARK	1
PARKING LOT/GARAGE (PRIVATE)	SEWARD PARK EXTENSION	1
PARKING LOT/GARAGE (PRIVATE)	SMITH	8
PARKING LOT/GARAGE (PRIVATE)	STAPLETON	3
PARKING LOT/GARAGE (PRIVATE)	TAFT	2
PARKING LOT/GARAGE (PRIVATE)	TOMPKINS	1
PARKING LOT/GARAGE (PRIVATE)	TWIN PARKS WEST (SITE 1 & 2)	1
PARKING LOT/GARAGE (PRIVATE)	UNITY PLAZA (SITES 4-27)	2
PARKING LOT/GARAGE (PRIVATE)	VAN DYKE I	1
PARKING LOT/GARAGE (PRIVATE)	WEBSTER	1
PARKING LOT/GARAGE (PRIVATE)	WEST BRIGHTON I	3
PARKING LOT/GARAGE (PUBLIC)	830 AMSTERDAM AVENUE	2
PARKING LOT/GARAGE (PUBLIC)	ADAMS	1
PARKING LOT/GARAGE (PUBLIC)	ALBANY	2
PARKING LOT/GARAGE (PUBLIC)	ARMSTRONG I	6
PARKING LOT/GARAGE (PUBLIC)	ATLANTIC TERMINAL SITE 4B	1
PARKING LOT/GARAGE (PUBLIC)	AUDUBON	1
PARKING LOT/GARAGE (PUBLIC)	BAY VIEW	1
PARKING LOT/GARAGE (PUBLIC)	BEACH 41ST STREET-BEACH CHANNEL DRIVE	2
PARKING LOT/GARAGE (PUBLIC)	BLAND	1
PARKING LOT/GARAGE (PUBLIC)	BORINQUEN PLAZA I	1
PARKING LOT/GARAGE (PUBLIC)	BORINQUEN PLAZA II	2
PARKING LOT/GARAGE (PUBLIC)	BOSTON SECOR	1
PARKING LOT/GARAGE (PUBLIC)	BOULEVARD	1
PARKING LOT/GARAGE (PUBLIC)	BREUKELEN	1
PARKING LOT/GARAGE (PUBLIC)	BRONXDALE	3
PARKING LOT/GARAGE (PUBLIC)	BROWNSVILLE	1
PARKING LOT/GARAGE (PUBLIC)	BUSHWICK	2
PARKING LOT/GARAGE (PUBLIC)	BUSHWICK II CDA (GROUP E)	1
PARKING LOT/GARAGE (PUBLIC)	CARLETON MANOR	1
PARKING LOT/GARAGE (PUBLIC)	CARVER	1
PARKING LOT/GARAGE (PUBLIC)	CLAREMONT REHAB (GROUP 3)	1
PARKING LOT/GARAGE (PUBLIC)	CLINTON	2
PARKING LOT/GARAGE (PUBLIC)	COOPER PARK	2
PARKING LOT/GARAGE (PUBLIC)	CYPRESS HILLS	1
PARKING LOT/GARAGE (PUBLIC)	DAVIDSON	1
PARKING LOT/GARAGE (PUBLIC)	DOUGLASS	1
PARKING LOT/GARAGE (PUBLIC)	DYCKMAN	1
PARKING LOT/GARAGE (PUBLIC)	EAST 165TH STREET-BRYANT AVENUE	1
PARKING LOT/GARAGE (PUBLIC)	EAST 173RD STREET-VYSE AVENUE	1
PARKING LOT/GARAGE (PUBLIC)	EAST 180TH STREET-MONTEREY AVENUE	1
PARKING LOT/GARAGE (PUBLIC)	EDENWALD	1
PARKING LOT/GARAGE (PUBLIC)	FARRAGUT	1
PARKING LOT/GARAGE (PUBLIC)	FORT WASHINGTON AVENUE REHAB	1
PARKING LOT/GARAGE (PUBLIC)	GLEBE AVENUE-WESTCHESTER AVENUE	1
PARKING LOT/GARAGE (PUBLIC)	GOWANUS	1
PARKING LOT/GARAGE (PUBLIC)	GRANT	2
PARKING LOT/GARAGE (PUBLIC)	HAMMEL	1
PARKING LOT/GARAGE (PUBLIC)	HOE AVENUE-EAST 173RD STREET	1
PARKING LOT/GARAGE (PUBLIC)	HUGHES APARTMENTS	1
PARKING LOT/GARAGE (PUBLIC)	LA GUARDIA	2
PARKING LOT/GARAGE (PUBLIC)	LATIMER GARDENS	1
PARKING LOT/GARAGE (PUBLIC)	LINCOLN	2
PARKING LOT/GARAGE (PUBLIC)	LINDEN	1
PARKING LOT/GARAGE (PUBLIC)	MARBLE HILL	1
PARKING LOT/GARAGE (PUBLIC)	MARCY	3
PARKING LOT/GARAGE (PUBLIC)	MARINER'S HARBOR	1
PARKING LOT/GARAGE (PUBLIC)	MITCHEL	2
PARKING LOT/GARAGE (PUBLIC)	MONROE	1
PARKING LOT/GARAGE (PUBLIC)	MOORE	1
PARKING LOT/GARAGE (PUBLIC)	MORRIS I	2
PARKING LOT/GARAGE (PUBLIC)	MORRIS II	1
PARKING LOT/GARAGE (PUBLIC)	MURPHY	1
PARKING LOT/GARAGE (PUBLIC)	PENNSYLVANIA AVENUE-WORTMAN AVENUE	3
PARKING LOT/GARAGE (PUBLIC)	PINK	1
PARKING LOT/GARAGE (PUBLIC)	POMONOK	2
PARKING LOT/GARAGE (PUBLIC)	RANGEL	2
PARKING LOT/GARAGE (PUBLIC)	RED HOOK WEST	1
PARKING LOT/GARAGE (PUBLIC)	REDFERN	2
PARKING LOT/GARAGE (PUBLIC)	RIIS	1
PARKING LOT/GARAGE (PUBLIC)	ROOSEVELT II	1
PARKING LOT/GARAGE (PUBLIC)	RUTGERS	1
PARKING LOT/GARAGE (PUBLIC)	SACK WERN	1
PARKING LOT/GARAGE (PUBLIC)	SMITH	4
PARKING LOT/GARAGE (PUBLIC)	SOUNDVIEW	2
PARKING LOT/GARAGE (PUBLIC)	STAPLETON	3
PARKING LOT/GARAGE (PUBLIC)	TAFT	2
PARKING LOT/GARAGE (PUBLIC)	TELLER AVENUE-EAST 166TH STREET	1
PARKING LOT/GARAGE (PUBLIC)	THROGGS NECK ADDITION	1
PARKING LOT/GARAGE (PUBLIC)	TILDEN	2
PARKING LOT/GARAGE (PUBLIC)	TOMPKINS	1
PARKING LOT/GARAGE (PUBLIC)	TWIN PARKS WEST (SITE 1 & 2)	1
PARKING LOT/GARAGE (PUBLIC)	UNION AVENUE-EAST 166TH STREET	1
PARKING LOT/GARAGE (PUBLIC)	UPACA (SITE 5)	2
PARKING LOT/GARAGE (PUBLIC)	UPACA (SITE 6)	2
PARKING LOT/GARAGE (PUBLIC)	VANDALIA AVENUE	1
PARKING LOT/GARAGE (PUBLIC)	WAGNER	1
PARKING LOT/GARAGE (PUBLIC)	WEST BRIGHTON I	1
PARKING LOT/GARAGE (PUBLIC)	WHITMAN	1
PARKING LOT/GARAGE (PUBLIC)	WILLIAMSBURG	1
PARKING LOT/GARAGE (PUBLIC)	WSUR (SITE C) 589 AMSTERDAM AVENUE	1
PARKING LOT/GARAGE (PUBLIC)	WYCKOFF GARDENS	1
PHOTO/COPY	GRANT	1
PRIVATE/PAROCHIAL SCHOOL	131 SAINT NICHOLAS AVENUE	1
PRIVATE/PAROCHIAL SCHOOL	STAPLETON	1
PUBLIC BUILDING	131 SAINT NICHOLAS AVENUE	1
PUBLIC BUILDING	33-35 SARATOGA AVENUE	1
PUBLIC BUILDING	ADAMS	3
PUBLIC BUILDING	ALBANY	2
PUBLIC BUILDING	ALBANY II	1
PUBLIC BUILDING	ARMSTRONG I	1
PUBLIC BUILDING	ARMSTRONG II	2
PUBLIC BUILDING	ATLANTIC TERMINAL SITE 4B	1
PUBLIC BUILDING	BARUCH	1
PUBLIC BUILDING	BEACH 41ST STREET-BEACH CHANNEL DRIVE	2
PUBLIC BUILDING	BETANCES I	1
PUBLIC BUILDING	BORINQUEN PLAZA II	2
PUBLIC BUILDING	BOSTON SECOR	1
PUBLIC BUILDING	BREUKELEN	1
PUBLIC BUILDING	BREVOORT	1
PUBLIC BUILDING	BRONX RIVER	1
PUBLIC BUILDING	BROWNSVILLE	1
PUBLIC BUILDING	BUSHWICK	1
PUBLIC BUILDING	BUSHWICK II (GROUPS B & D)	1
PUBLIC BUILDING	CASTLE HILL	1
PUBLIC BUILDING	CLAREMONT PARKWAY-FRANKLIN AVENUE	1
PUBLIC BUILDING	CYPRESS HILLS	4
PUBLIC BUILDING	DAVIDSON	1
PUBLIC BUILDING	DOUGLASS	1
PUBLIC BUILDING	EAST NEW YORK CITY LINE	1
PUBLIC BUILDING	EASTCHESTER GARDENS	2
PUBLIC BUILDING	FARRAGUT	3
PUBLIC BUILDING	FOREST	2
PUBLIC BUILDING	GLENWOOD	2
PUBLIC BUILDING	GOWANUS	1
PUBLIC BUILDING	GRANT	2
PUBLIC BUILDING	HIGHBRIDGE GARDENS	2
PUBLIC BUILDING	HIGHBRIDGE REHABS (ANDERSON AVENUE)	1
PUBLIC BUILDING	HOWARD	3
PUBLIC BUILDING	INDEPENDENCE	1
PUBLIC BUILDING	INGERSOLL	2
PUBLIC BUILDING	JACKSON	3
PUBLIC BUILDING	JENNINGS STREET	1
PUBLIC BUILDING	JOHNSON	2
PUBLIC BUILDING	LA GUARDIA	2
PUBLIC BUILDING	LEHMAN	2
PUBLIC BUILDING	LENOX ROAD-ROCKAWAY PARKWAY	1
PUBLIC BUILDING	LINCOLN	1
PUBLIC BUILDING	LINDEN	3
PUBLIC BUILDING	LONG ISLAND BAPTIST HOUSES	22
PUBLIC BUILDING	MANHATTANVILLE	2
PUBLIC BUILDING	MARBLE HILL	1
PUBLIC BUILDING	MARCY	1
PUBLIC BUILDING	MARINER'S HARBOR	4
PUBLIC BUILDING	MARKHAM GARDENS	2
PUBLIC BUILDING	MELROSE	3
PUBLIC BUILDING	MILL BROOK EXTENSION	1
PUBLIC BUILDING	MONROE	1
PUBLIC BUILDING	MORRIS I	1
PUBLIC BUILDING	MORRISANIA AIR RIGHTS 42	1
PUBLIC BUILDING	MURPHY	2
PUBLIC BUILDING	OCEAN HILL APARTMENTS	1
PUBLIC BUILDING	PARKSIDE	1
PUBLIC BUILDING	PATTERSON	2
PUBLIC BUILDING	PELHAM PARKWAY	2
PUBLIC BUILDING	POMONOK	2
PUBLIC BUILDING	RED HOOK WEST	2
PUBLIC BUILDING	REDFERN	1
PUBLIC BUILDING	RICHMOND TERRACE	2
PUBLIC BUILDING	RIIS	1
PUBLIC BUILDING	RIIS II	1
PUBLIC BUILDING	RUTGERS	1
PUBLIC BUILDING	SACK WERN	1
PUBLIC BUILDING	SAMUEL (CITY)	1
PUBLIC BUILDING	SMITH	1
PUBLIC BUILDING	SOUNDVIEW	1
PUBLIC BUILDING	STAPLETON	1
PUBLIC BUILDING	THROGGS NECK	2
PUBLIC BUILDING	TODT HILL	1
PUBLIC BUILDING	TWIN PARKS WEST (SITE 1 & 2)	1
PUBLIC BUILDING	UNION AVENUE-EAST 166TH STREET	1
PUBLIC BUILDING	UNITY PLAZA (SITES 4-27)	1
PUBLIC BUILDING	VAN DYKE I	1
PUBLIC BUILDING	WALD	1
PUBLIC BUILDING	WEBSTER	1
PUBLIC BUILDING	WEST BRIGHTON I	2
PUBLIC BUILDING	WEST BRIGHTON II	6
PUBLIC BUILDING	WEST TREMONT REHAB (GROUP 1)	2
PUBLIC BUILDING	WHITMAN	1
PUBLIC BUILDING	WILLIAMS PLAZA	1
PUBLIC BUILDING	WOODSIDE	1
PUBLIC SCHOOL	BARUCH	1
PUBLIC SCHOOL	BOSTON SECOR	12
PUBLIC SCHOOL	BREUKELEN	1
PUBLIC SCHOOL	BUTLER	1
PUBLIC SCHOOL	CAMPOS PLAZA I	1
PUBLIC SCHOOL	EAGLE AVENUE-EAST 163RD STREET	1
PUBLIC SCHOOL	INGERSOLL	1
PUBLIC SCHOOL	LA GUARDIA	1
PUBLIC SCHOOL	LEHMAN	1
PUBLIC SCHOOL	STAPLETON	1
PUBLIC SCHOOL	STUYVESANT GARDENS I	1
PUBLIC SCHOOL	UPACA (SITE 6)	1
PUBLIC SCHOOL	WAGNER	1
PUBLIC SCHOOL	WHITMAN	1
PUBLIC SCHOOL	WILLIAMSBURG	4
RESIDENCE - APT. HOUSE	1162-1176 WASHINGTON AVENUE	4
RESIDENCE - APT. HOUSE	131 SAINT NICHOLAS AVENUE	3
RESIDENCE - APT. HOUSE	1471 WATSON AVENUE	5
RESIDENCE - APT. HOUSE	303 VERNON AVENUE	2
RESIDENCE - APT. HOUSE	33-35 SARATOGA AVENUE	2
RESIDENCE - APT. HOUSE	45 ALLEN STREET	1
RESIDENCE - APT. HOUSE	572 WARREN STREET	6
RESIDENCE - APT. HOUSE	830 AMSTERDAM AVENUE	5
RESIDENCE - APT. HOUSE	ADAMS	32
RESIDENCE - APT. HOUSE	ALBANY	30
RESIDENCE - APT. HOUSE	ALBANY II	17
RESIDENCE - APT. HOUSE	AMSTERDAM	31
RESIDENCE - APT. HOUSE	ARMSTRONG I	42
RESIDENCE - APT. HOUSE	ARMSTRONG II	18
RESIDENCE - APT. HOUSE	ASTORIA	63
RESIDENCE - APT. HOUSE	ATLANTIC TERMINAL SITE 4B	10
RESIDENCE - APT. HOUSE	AUDUBON	14
RESIDENCE - APT. HOUSE	BAILEY AVENUE-WEST 193RD STREET	30
RESIDENCE - APT. HOUSE	BAISLEY PARK	36
RESIDENCE - APT. HOUSE	BARUCH	21
RESIDENCE - APT. HOUSE	BARUCH HOUSES ADDITION	1
RESIDENCE - APT. HOUSE	BAY VIEW	14
RESIDENCE - APT. HOUSE	BAYCHESTER	2
RESIDENCE - APT. HOUSE	BAYSIDE-OCEAN BAY APTS	33
RESIDENCE - APT. HOUSE	BEACH 41ST STREET-BEACH CHANNEL DRIVE	20
RESIDENCE - APT. HOUSE	BEDFORD-STUYVESANT REHAB	3
RESIDENCE - APT. HOUSE	BELMONT-SUTTER AREA	7
RESIDENCE - APT. HOUSE	BERRY	27
RESIDENCE - APT. HOUSE	BERRY STREET-SOUTH 9TH STREET	2
RESIDENCE - APT. HOUSE	BETANCES I	14
RESIDENCE - APT. HOUSE	BETANCES III	5
RESIDENCE - APT. HOUSE	BETHUNE GARDENS	7
RESIDENCE - APT. HOUSE	BLAND	54
RESIDENCE - APT. HOUSE	BORINQUEN PLAZA I	63
RESIDENCE - APT. HOUSE	BORINQUEN PLAZA II	18
RESIDENCE - APT. HOUSE	BOSTON ROAD PLAZA	2
RESIDENCE - APT. HOUSE	BOSTON SECOR	19
RESIDENCE - APT. HOUSE	BOULEVARD	36
RESIDENCE - APT. HOUSE	BOYNTON AVENUE REHAB	10
RESIDENCE - APT. HOUSE	BREUKELEN	10
RESIDENCE - APT. HOUSE	BREVOORT	43
RESIDENCE - APT. HOUSE	BRONX RIVER	18
RESIDENCE - APT. HOUSE	BRONX RIVER ADDITION	2
RESIDENCE - APT. HOUSE	BRONXDALE	35
RESIDENCE - APT. HOUSE	BROWNSVILLE	18
RESIDENCE - APT. HOUSE	BRYANT AVENUE-EAST 174TH STREET	2
RESIDENCE - APT. HOUSE	BUSHWICK	26
RESIDENCE - APT. HOUSE	BUSHWICK II (GROUPS A & C)	20
RESIDENCE - APT. HOUSE	BUSHWICK II (GROUPS B & D)	19
RESIDENCE - APT. HOUSE	BUSHWICK II CDA (GROUP E)	13
RESIDENCE - APT. HOUSE	BUTLER	42
RESIDENCE - APT. HOUSE	CAMPOS PLAZA I	1
RESIDENCE - APT. HOUSE	CARLETON MANOR	10
RESIDENCE - APT. HOUSE	CARVER	7
RESIDENCE - APT. HOUSE	CASSIDY-LAFAYETTE	4
RESIDENCE - APT. HOUSE	CASTLE HILL	58
RESIDENCE - APT. HOUSE	CLAREMONT PARKWAY-FRANKLIN AVENUE	1
RESIDENCE - APT. HOUSE	CLAREMONT REHAB (GROUP 2)	12
RESIDENCE - APT. HOUSE	CLAREMONT REHAB (GROUP 3)	6
RESIDENCE - APT. HOUSE	CLAREMONT REHAB (GROUP 4)	12
RESIDENCE - APT. HOUSE	CLAREMONT REHAB (GROUP 5)	7
RESIDENCE - APT. HOUSE	CLASON POINT GARDENS	11
RESIDENCE - APT. HOUSE	CLINTON	21
RESIDENCE - APT. HOUSE	COLLEGE AVENUE-EAST 165TH STREET	2
RESIDENCE - APT. HOUSE	CONEY ISLAND	11
RESIDENCE - APT. HOUSE	CONEY ISLAND I (SITE 1B)	5
RESIDENCE - APT. HOUSE	COOPER PARK	15
RESIDENCE - APT. HOUSE	CROWN HEIGHTS	4
RESIDENCE - APT. HOUSE	CYPRESS HILLS	38
RESIDENCE - APT. HOUSE	DAVIDSON	4
RESIDENCE - APT. HOUSE	DOUGLASS	50
RESIDENCE - APT. HOUSE	DOUGLASS ADDITION	4
RESIDENCE - APT. HOUSE	DYCKMAN	31
RESIDENCE - APT. HOUSE	EAGLE AVENUE-EAST 163RD STREET	2
RESIDENCE - APT. HOUSE	EAST 165TH STREET-BRYANT AVENUE	4
RESIDENCE - APT. HOUSE	EAST 173RD STREET-VYSE AVENUE	12
RESIDENCE - APT. HOUSE	EAST 180TH STREET-MONTEREY AVENUE	22
RESIDENCE - APT. HOUSE	EAST NEW YORK CITY LINE	4
RESIDENCE - APT. HOUSE	EASTCHESTER GARDENS	42
RESIDENCE - APT. HOUSE	EDENWALD	8
RESIDENCE - APT. HOUSE	FARRAGUT	40
RESIDENCE - APT. HOUSE	FENIMORE-LEFFERTS	1
RESIDENCE - APT. HOUSE	FIORENTINO PLAZA	13
RESIDENCE - APT. HOUSE	FOREST	8
RESIDENCE - APT. HOUSE	FORT INDEPENDENCE STREET-HEATH AVENUE	44
RESIDENCE - APT. HOUSE	FORT WASHINGTON AVENUE REHAB	4
RESIDENCE - APT. HOUSE	FRANKLIN AVENUE I CONVENTIONAL	2
RESIDENCE - APT. HOUSE	FRANKLIN AVENUE II CONVENTIONAL	4
RESIDENCE - APT. HOUSE	FRANKLIN AVENUE III CONVENTIONAL	4
RESIDENCE - APT. HOUSE	FRANKLIN AVENUE III MHOP	1
RESIDENCE - APT. HOUSE	GARVEY (GROUP A)	17
RESIDENCE - APT. HOUSE	GLEBE AVENUE-WESTCHESTER AVENUE	1
RESIDENCE - APT. HOUSE	GLENMORE PLAZA	1
RESIDENCE - APT. HOUSE	GLENWOOD	57
RESIDENCE - APT. HOUSE	GOMPERS	9
RESIDENCE - APT. HOUSE	GOWANUS	10
RESIDENCE - APT. HOUSE	GRAMPION	6
RESIDENCE - APT. HOUSE	GRANT	18
RESIDENCE - APT. HOUSE	GRAVESEND	1
RESIDENCE - APT. HOUSE	GUN HILL	8
RESIDENCE - APT. HOUSE	HAMMEL	33
RESIDENCE - APT. HOUSE	HARLEM RIVER	6
RESIDENCE - APT. HOUSE	HARRISON AVENUE REHAB (GROUP A)	5
RESIDENCE - APT. HOUSE	HARRISON AVENUE REHAB (GROUP B)	8
RESIDENCE - APT. HOUSE	HIGHBRIDGE GARDENS	55
RESIDENCE - APT. HOUSE	HIGHBRIDGE REHABS (ANDERSON AVENUE)	12
RESIDENCE - APT. HOUSE	HIGHBRIDGE REHABS (NELSON AVENUE)	13
RESIDENCE - APT. HOUSE	HOE AVENUE-EAST 173RD STREET	2
RESIDENCE - APT. HOUSE	HOPE GARDENS	15
RESIDENCE - APT. HOUSE	HOWARD	17
RESIDENCE - APT. HOUSE	HOWARD AVENUE	7
RESIDENCE - APT. HOUSE	HOWARD AVENUE-PARK PLACE	17
RESIDENCE - APT. HOUSE	HUGHES APARTMENTS	8
RESIDENCE - APT. HOUSE	HYLAN	2
RESIDENCE - APT. HOUSE	INDEPENDENCE	13
RESIDENCE - APT. HOUSE	INGERSOLL	26
RESIDENCE - APT. HOUSE	JACKSON	22
RESIDENCE - APT. HOUSE	JENNINGS STREET	5
RESIDENCE - APT. HOUSE	JOHNSON	12
RESIDENCE - APT. HOUSE	KING TOWERS	4
RESIDENCE - APT. HOUSE	LA GUARDIA	27
RESIDENCE - APT. HOUSE	LAFAYETTE	17
RESIDENCE - APT. HOUSE	LATIMER GARDENS	37
RESIDENCE - APT. HOUSE	LAVANBURG HOMES	3
RESIDENCE - APT. HOUSE	LEHMAN	5
RESIDENCE - APT. HOUSE	LENOX ROAD-ROCKAWAY PARKWAY	8
RESIDENCE - APT. HOUSE	LEXINGTON	1
RESIDENCE - APT. HOUSE	LINCOLN	39
RESIDENCE - APT. HOUSE	LINDEN	39
RESIDENCE - APT. HOUSE	LONG ISLAND BAPTIST HOUSES	15
RESIDENCE - APT. HOUSE	LONGFELLOW AVENUE REHAB	19
RESIDENCE - APT. HOUSE	LOW HOUSES	16
RESIDENCE - APT. HOUSE	LOWER EAST SIDE I INFILL	3
RESIDENCE - APT. HOUSE	MACOMBS ROAD	10
RESIDENCE - APT. HOUSE	MANHATTANVILLE	19
RESIDENCE - APT. HOUSE	MANHATTANVILLE REHAB (GROUP 2)	1
RESIDENCE - APT. HOUSE	MARBLE HILL	51
RESIDENCE - APT. HOUSE	MARCY	68
RESIDENCE - APT. HOUSE	MARCY AVENUE-GREENE AVENUE SITE A	5
RESIDENCE - APT. HOUSE	MARINER'S HARBOR	49
RESIDENCE - APT. HOUSE	MARKHAM GARDENS	53
RESIDENCE - APT. HOUSE	MARLBORO	16
RESIDENCE - APT. HOUSE	MARSHALL PLAZA	4
RESIDENCE - APT. HOUSE	MCKINLEY	4
RESIDENCE - APT. HOUSE	MELROSE	13
RESIDENCE - APT. HOUSE	MIDDLETOWN PLAZA	1
RESIDENCE - APT. HOUSE	MILBANK-FRAWLEY	2
RESIDENCE - APT. HOUSE	MILL BROOK	12
RESIDENCE - APT. HOUSE	MILL BROOK EXTENSION	1
RESIDENCE - APT. HOUSE	MITCHEL	32
RESIDENCE - APT. HOUSE	MONROE	26
RESIDENCE - APT. HOUSE	MOORE	10
RESIDENCE - APT. HOUSE	MORRIS HEIGHTS REHAB	3
RESIDENCE - APT. HOUSE	MORRIS I	22
RESIDENCE - APT. HOUSE	MORRIS II	10
RESIDENCE - APT. HOUSE	MORRISANIA	4
RESIDENCE - APT. HOUSE	MORRISANIA AIR RIGHTS 42	5
RESIDENCE - APT. HOUSE	MOTT HAVEN	5
RESIDENCE - APT. HOUSE	MURPHY	47
RESIDENCE - APT. HOUSE	NEW LANE AREA	2
RESIDENCE - APT. HOUSE	NOSTRAND	16
RESIDENCE - APT. HOUSE	O'DWYER GARDENS	1
RESIDENCE - APT. HOUSE	OCEAN HILL APARTMENTS	3
RESIDENCE - APT. HOUSE	OCEAN HILL-BROWNSVILLE	12
RESIDENCE - APT. HOUSE	OCEANSIDE-OCEAN BAY APTS	6
RESIDENCE - APT. HOUSE	PARK ROCK REHAB	8
RESIDENCE - APT. HOUSE	PARKSIDE	26
RESIDENCE - APT. HOUSE	PATTERSON	12
RESIDENCE - APT. HOUSE	PELHAM PARKWAY	45
RESIDENCE - APT. HOUSE	PENNSYLVANIA AVENUE-WORTMAN AVENUE	14
RESIDENCE - APT. HOUSE	PINK	43
RESIDENCE - APT. HOUSE	POMONOK	112
RESIDENCE - APT. HOUSE	PROSPECT PLAZA	1
RESIDENCE - APT. HOUSE	QUEENSBRIDGE NORTH	16
RESIDENCE - APT. HOUSE	QUEENSBRIDGE SOUTH	20
RESIDENCE - APT. HOUSE	RALPH AVENUE REHAB	5
RESIDENCE - APT. HOUSE	RANDALL AVENUE-BALCOM AVENUE	1
RESIDENCE - APT. HOUSE	RANGEL	28
RESIDENCE - APT. HOUSE	RED HOOK EAST	16
RESIDENCE - APT. HOUSE	RED HOOK WEST	32
RESIDENCE - APT. HOUSE	REDFERN	48
RESIDENCE - APT. HOUSE	REID APARTMENTS	5
RESIDENCE - APT. HOUSE	RICHMOND TERRACE	45
RESIDENCE - APT. HOUSE	RIIS	4
RESIDENCE - APT. HOUSE	RIIS II	1
RESIDENCE - APT. HOUSE	ROOSEVELT I	16
RESIDENCE - APT. HOUSE	ROOSEVELT II	10
RESIDENCE - APT. HOUSE	RUTGERS	13
RESIDENCE - APT. HOUSE	RUTLAND TOWERS	7
RESIDENCE - APT. HOUSE	SACK WERN	14
RESIDENCE - APT. HOUSE	SAINT MARY'S PARK	30
RESIDENCE - APT. HOUSE	SAMUEL (CITY)	2
RESIDENCE - APT. HOUSE	SARATOGA SQUARE	3
RESIDENCE - APT. HOUSE	SEDGWICK	27
RESIDENCE - APT. HOUSE	SEWARD PARK EXTENSION	8
RESIDENCE - APT. HOUSE	SHEEPSHEAD BAY	27
RESIDENCE - APT. HOUSE	SMITH	101
RESIDENCE - APT. HOUSE	SOUNDVIEW	35
RESIDENCE - APT. HOUSE	SOUTH BEACH	24
RESIDENCE - APT. HOUSE	SOUTH BRONX AREA (SITE 402)	6
RESIDENCE - APT. HOUSE	SOUTHERN BOULEVARD	15
RESIDENCE - APT. HOUSE	STAPLETON	66
RESIDENCE - APT. HOUSE	STEBBINS AVENUE-HEWITT PLACE	8
RESIDENCE - APT. HOUSE	STERLING PLACE REHAB (SAINT JOHNS-STERLING)	5
RESIDENCE - APT. HOUSE	STERLING PLACE REHAB (STERLING-BUFFALO)	25
RESIDENCE - APT. HOUSE	STUYVESANT GARDENS I	25
RESIDENCE - APT. HOUSE	SUMNER	28
RESIDENCE - APT. HOUSE	SUTTER AVENUE-UNION STREET	1
RESIDENCE - APT. HOUSE	TAFT	15
RESIDENCE - APT. HOUSE	TAPSCOTT STREET REHAB	9
RESIDENCE - APT. HOUSE	TAYLOR STREET-WYTHE AVENUE	9
RESIDENCE - APT. HOUSE	TELLER AVENUE-EAST 166TH STREET	10
RESIDENCE - APT. HOUSE	THROGGS NECK	26
RESIDENCE - APT. HOUSE	THROGGS NECK ADDITION	4
RESIDENCE - APT. HOUSE	TILDEN	19
RESIDENCE - APT. HOUSE	TODT HILL	18
RESIDENCE - APT. HOUSE	TOMPKINS	30
RESIDENCE - APT. HOUSE	TWIN PARKS EAST (SITE 9)	5
RESIDENCE - APT. HOUSE	TWIN PARKS WEST (SITE 1 & 2)	24
RESIDENCE - APT. HOUSE	TWO BRIDGES URA (SITE 7)	12
RESIDENCE - APT. HOUSE	UNION AVENUE-EAST 163RD STREET	1
RESIDENCE - APT. HOUSE	UNION AVENUE-EAST 166TH STREET	9
RESIDENCE - APT. HOUSE	UNITY PLAZA (SITES 17,24,25A)	9
RESIDENCE - APT. HOUSE	UNITY PLAZA (SITES 4-27)	16
RESIDENCE - APT. HOUSE	UNIVERSITY AVENUE REHAB	21
RESIDENCE - APT. HOUSE	UPACA (SITE 5)	1
RESIDENCE - APT. HOUSE	UPACA (SITE 6)	1
RESIDENCE - APT. HOUSE	VAN DYKE I	25
RESIDENCE - APT. HOUSE	VANDALIA AVENUE	4
RESIDENCE - APT. HOUSE	VLADECK	25
RESIDENCE - APT. HOUSE	VLADECK II	6
RESIDENCE - APT. HOUSE	WAGNER	9
RESIDENCE - APT. HOUSE	WALD	10
RESIDENCE - APT. HOUSE	WASHINGTON HEIGHTS REHAB PHASE III	2
RESIDENCE - APT. HOUSE	WEBSTER	10
RESIDENCE - APT. HOUSE	WEEKSVILLE GARDENS	11
RESIDENCE - APT. HOUSE	WEST BRIGHTON I	74
RESIDENCE - APT. HOUSE	WEST BRIGHTON II	1
RESIDENCE - APT. HOUSE	WEST FARMS ROAD REHAB	10
RESIDENCE - APT. HOUSE	WEST TREMONT AVENUE-SEDGWICK AVENUE AREA	7
RESIDENCE - APT. HOUSE	WEST TREMONT REHAB (GROUP 1)	18
RESIDENCE - APT. HOUSE	WEST TREMONT REHAB (GROUP 2)	32
RESIDENCE - APT. HOUSE	WEST TREMONT REHAB (GROUP 3)	12
RESIDENCE - APT. HOUSE	WHITMAN	23
RESIDENCE - APT. HOUSE	WILLIAMS PLAZA	11
RESIDENCE - APT. HOUSE	WILLIAMSBURG	32
RESIDENCE - APT. HOUSE	WOODSIDE	19
RESIDENCE - APT. HOUSE	WOODSON	2
RESIDENCE - APT. HOUSE	WSUR (SITE C) 589 AMSTERDAM AVENUE	8
RESIDENCE - APT. HOUSE	WYCKOFF GARDENS	14
RESIDENCE - PUBLIC HOUSING	1162-1176 WASHINGTON AVENUE	308
RESIDENCE - PUBLIC HOUSING	131 SAINT NICHOLAS AVENUE	211
RESIDENCE - PUBLIC HOUSING	1471 WATSON AVENUE	213
RESIDENCE - PUBLIC HOUSING	303 VERNON AVENUE	631
RESIDENCE - PUBLIC HOUSING	33-35 SARATOGA AVENUE	357
RESIDENCE - PUBLIC HOUSING	45 ALLEN STREET	106
RESIDENCE - PUBLIC HOUSING	572 WARREN STREET	330
RESIDENCE - PUBLIC HOUSING	830 AMSTERDAM AVENUE	411
RESIDENCE - PUBLIC HOUSING	ADAMS	1808
RESIDENCE - PUBLIC HOUSING	ALBANY	1879
RESIDENCE - PUBLIC HOUSING	ALBANY II	1009
RESIDENCE - PUBLIC HOUSING	AMSTERDAM	1014
RESIDENCE - PUBLIC HOUSING	ARMSTRONG I	1249
RESIDENCE - PUBLIC HOUSING	ARMSTRONG II	1067
RESIDENCE - PUBLIC HOUSING	ASTORIA	1453
RESIDENCE - PUBLIC HOUSING	ATLANTIC TERMINAL SITE 4B	631
RESIDENCE - PUBLIC HOUSING	AUDUBON	327
RESIDENCE - PUBLIC HOUSING	BAILEY AVENUE-WEST 193RD STREET	414
RESIDENCE - PUBLIC HOUSING	BAISLEY PARK	280
RESIDENCE - PUBLIC HOUSING	BARUCH	3049
RESIDENCE - PUBLIC HOUSING	BARUCH HOUSES ADDITION	118
RESIDENCE - PUBLIC HOUSING	BAY VIEW	1776
RESIDENCE - PUBLIC HOUSING	BAYCHESTER	25
RESIDENCE - PUBLIC HOUSING	BAYSIDE-OCEAN BAY APTS	1185
RESIDENCE - PUBLIC HOUSING	BEACH 41ST STREET-BEACH CHANNEL DRIVE	478
RESIDENCE - PUBLIC HOUSING	BEDFORD-STUYVESANT REHAB	182
RESIDENCE - PUBLIC HOUSING	BELMONT-SUTTER AREA	215
RESIDENCE - PUBLIC HOUSING	BERRY	717
RESIDENCE - PUBLIC HOUSING	BERRY STREET-SOUTH 9TH STREET	142
RESIDENCE - PUBLIC HOUSING	BETANCES I	569
RESIDENCE - PUBLIC HOUSING	BETANCES III	39
RESIDENCE - PUBLIC HOUSING	BETANCES VI	14
RESIDENCE - PUBLIC HOUSING	BETHUNE GARDENS	76
RESIDENCE - PUBLIC HOUSING	BLAND	505
RESIDENCE - PUBLIC HOUSING	BORINQUEN PLAZA I	1451
RESIDENCE - PUBLIC HOUSING	BORINQUEN PLAZA II	1252
RESIDENCE - PUBLIC HOUSING	BOSTON ROAD PLAZA	85
RESIDENCE - PUBLIC HOUSING	BOSTON SECOR	1140
RESIDENCE - PUBLIC HOUSING	BOULEVARD	2709
RESIDENCE - PUBLIC HOUSING	BOYNTON AVENUE REHAB	230
RESIDENCE - PUBLIC HOUSING	BREUKELEN	600
RESIDENCE - PUBLIC HOUSING	BREVOORT	1826
RESIDENCE - PUBLIC HOUSING	BRONX RIVER	1808
RESIDENCE - PUBLIC HOUSING	BRONX RIVER ADDITION	92
RESIDENCE - PUBLIC HOUSING	BRONXCHESTER	1
RESIDENCE - PUBLIC HOUSING	BRONXDALE	3378
RESIDENCE - PUBLIC HOUSING	BROWN	12
RESIDENCE - PUBLIC HOUSING	BROWNSVILLE	3494
RESIDENCE - PUBLIC HOUSING	BRYANT AVENUE-EAST 174TH STREET	79
RESIDENCE - PUBLIC HOUSING	BUSHWICK	2963
RESIDENCE - PUBLIC HOUSING	BUSHWICK II (GROUPS A & C)	473
RESIDENCE - PUBLIC HOUSING	BUSHWICK II (GROUPS B & D)	530
RESIDENCE - PUBLIC HOUSING	BUSHWICK II CDA (GROUP E)	255
RESIDENCE - PUBLIC HOUSING	BUTLER	3814
RESIDENCE - PUBLIC HOUSING	CAMPOS PLAZA I	298
RESIDENCE - PUBLIC HOUSING	CAREY GARDENS	11
RESIDENCE - PUBLIC HOUSING	CARLETON MANOR	375
RESIDENCE - PUBLIC HOUSING	CARVER	483
RESIDENCE - PUBLIC HOUSING	CASSIDY-LAFAYETTE	119
RESIDENCE - PUBLIC HOUSING	CASTLE HILL	5306
RESIDENCE - PUBLIC HOUSING	CLAREMONT PARKWAY-FRANKLIN AVENUE	175
RESIDENCE - PUBLIC HOUSING	CLAREMONT REHAB (GROUP 2)	435
RESIDENCE - PUBLIC HOUSING	CLAREMONT REHAB (GROUP 3)	195
RESIDENCE - PUBLIC HOUSING	CLAREMONT REHAB (GROUP 4)	322
RESIDENCE - PUBLIC HOUSING	CLAREMONT REHAB (GROUP 5)	358
RESIDENCE - PUBLIC HOUSING	CLASON POINT GARDENS	873
RESIDENCE - PUBLIC HOUSING	CLINTON	2039
RESIDENCE - PUBLIC HOUSING	COLLEGE AVENUE-EAST 165TH STREET	112
RESIDENCE - PUBLIC HOUSING	CONEY ISLAND	694
RESIDENCE - PUBLIC HOUSING	CONEY ISLAND I (SITE 1B)	819
RESIDENCE - PUBLIC HOUSING	COOPER PARK	1404
RESIDENCE - PUBLIC HOUSING	CROWN HEIGHTS	196
RESIDENCE - PUBLIC HOUSING	CYPRESS HILLS	2895
RESIDENCE - PUBLIC HOUSING	DAVIDSON	627
RESIDENCE - PUBLIC HOUSING	DE HOSTOS APARTMENTS	10
RESIDENCE - PUBLIC HOUSING	DOUGLASS	3646
RESIDENCE - PUBLIC HOUSING	DOUGLASS ADDITION	491
RESIDENCE - PUBLIC HOUSING	DYCKMAN	529
RESIDENCE - PUBLIC HOUSING	EAGLE AVENUE-EAST 163RD STREET	237
RESIDENCE - PUBLIC HOUSING	EAST 165TH STREET-BRYANT AVENUE	97
RESIDENCE - PUBLIC HOUSING	EAST 173RD STREET-VYSE AVENUE	406
RESIDENCE - PUBLIC HOUSING	EAST 180TH STREET-MONTEREY AVENUE	235
RESIDENCE - PUBLIC HOUSING	EAST NEW YORK CITY LINE	204
RESIDENCE - PUBLIC HOUSING	EASTCHESTER GARDENS	1469
RESIDENCE - PUBLIC HOUSING	EDENWALD	720
RESIDENCE - PUBLIC HOUSING	FARRAGUT	3523
RESIDENCE - PUBLIC HOUSING	FENIMORE-LEFFERTS	97
RESIDENCE - PUBLIC HOUSING	FIORENTINO PLAZA	725
RESIDENCE - PUBLIC HOUSING	FIRST HOUSES	29
RESIDENCE - PUBLIC HOUSING	FOREST	1046
RESIDENCE - PUBLIC HOUSING	FORT INDEPENDENCE STREET-HEATH AVENUE	771
RESIDENCE - PUBLIC HOUSING	FORT WASHINGTON AVENUE REHAB	105
RESIDENCE - PUBLIC HOUSING	FRANKLIN AVENUE I CONVENTIONAL	66
RESIDENCE - PUBLIC HOUSING	FRANKLIN AVENUE I MHOP	26
RESIDENCE - PUBLIC HOUSING	FRANKLIN AVENUE II CONVENTIONAL	60
RESIDENCE - PUBLIC HOUSING	FRANKLIN AVENUE II MHOP	2
RESIDENCE - PUBLIC HOUSING	FRANKLIN AVENUE III CONVENTIONAL	15
RESIDENCE - PUBLIC HOUSING	FULTON	1
RESIDENCE - PUBLIC HOUSING	GARVEY (GROUP A)	963
RESIDENCE - PUBLIC HOUSING	GLEBE AVENUE-WESTCHESTER AVENUE	84
RESIDENCE - PUBLIC HOUSING	GLENMORE PLAZA	18
RESIDENCE - PUBLIC HOUSING	GLENWOOD	1464
RESIDENCE - PUBLIC HOUSING	GOMPERS	1054
RESIDENCE - PUBLIC HOUSING	GOWANUS	2095
RESIDENCE - PUBLIC HOUSING	GRAMPION	154
RESIDENCE - PUBLIC HOUSING	GRANT	3790
RESIDENCE - PUBLIC HOUSING	GRAVESEND	246
RESIDENCE - PUBLIC HOUSING	GUN HILL	782
RESIDENCE - PUBLIC HOUSING	HABER	5
RESIDENCE - PUBLIC HOUSING	HAMMEL	1213
RESIDENCE - PUBLIC HOUSING	HARLEM RIVER	220
RESIDENCE - PUBLIC HOUSING	HARRISON AVENUE REHAB (GROUP A)	31
RESIDENCE - PUBLIC HOUSING	HARRISON AVENUE REHAB (GROUP B)	190
RESIDENCE - PUBLIC HOUSING	HERNANDEZ	218
RESIDENCE - PUBLIC HOUSING	HIGHBRIDGE GARDENS	1323
RESIDENCE - PUBLIC HOUSING	HIGHBRIDGE REHABS (ANDERSON AVENUE)	210
RESIDENCE - PUBLIC HOUSING	HIGHBRIDGE REHABS (NELSON AVENUE)	184
RESIDENCE - PUBLIC HOUSING	HOE AVENUE-EAST 173RD STREET	117
RESIDENCE - PUBLIC HOUSING	HOPE GARDENS	394
RESIDENCE - PUBLIC HOUSING	HOWARD	1605
RESIDENCE - PUBLIC HOUSING	HOWARD AVENUE	406
RESIDENCE - PUBLIC HOUSING	HOWARD AVENUE-PARK PLACE	354
RESIDENCE - PUBLIC HOUSING	HUGHES APARTMENTS	1689
RESIDENCE - PUBLIC HOUSING	HYLAN	434
RESIDENCE - PUBLIC HOUSING	INDEPENDENCE	771
RESIDENCE - PUBLIC HOUSING	INGERSOLL	2848
RESIDENCE - PUBLIC HOUSING	JACKSON	1326
RESIDENCE - PUBLIC HOUSING	JEFFERSON	1
RESIDENCE - PUBLIC HOUSING	JENNINGS STREET	29
RESIDENCE - PUBLIC HOUSING	JOHNSON	2413
RESIDENCE - PUBLIC HOUSING	KING TOWERS	754
RESIDENCE - PUBLIC HOUSING	KINGSBOROUGH 77	39
RESIDENCE - PUBLIC HOUSING	LA GUARDIA	1890
RESIDENCE - PUBLIC HOUSING	LA GUARDIA ADDITION	40
RESIDENCE - PUBLIC HOUSING	LAFAYETTE	1499
RESIDENCE - PUBLIC HOUSING	LATIMER GARDENS	227
RESIDENCE - PUBLIC HOUSING	LAVANBURG HOMES	293
RESIDENCE - PUBLIC HOUSING	LEHMAN	727
RESIDENCE - PUBLIC HOUSING	LENOX ROAD-ROCKAWAY PARKWAY	122
RESIDENCE - PUBLIC HOUSING	LEXINGTON	280
RESIDENCE - PUBLIC HOUSING	LINCOLN	3889
RESIDENCE - PUBLIC HOUSING	LINDEN	3593
RESIDENCE - PUBLIC HOUSING	LONG ISLAND BAPTIST HOUSES	796
RESIDENCE - PUBLIC HOUSING	LONGFELLOW AVENUE REHAB	197
RESIDENCE - PUBLIC HOUSING	LOW HOUSES	1734
RESIDENCE - PUBLIC HOUSING	LOWER EAST SIDE I INFILL	228
RESIDENCE - PUBLIC HOUSING	LOWER EAST SIDE II	20
RESIDENCE - PUBLIC HOUSING	LOWER EAST SIDE REHAB (GROUP 5)	99
RESIDENCE - PUBLIC HOUSING	MACOMBS ROAD	68
RESIDENCE - PUBLIC HOUSING	MANHATTANVILLE	2605
RESIDENCE - PUBLIC HOUSING	MANHATTANVILLE REHAB (GROUP 2)	19
RESIDENCE - PUBLIC HOUSING	MARBLE HILL	1449
RESIDENCE - PUBLIC HOUSING	MARCY	4120
RESIDENCE - PUBLIC HOUSING	MARCY AVENUE-GREENE AVENUE SITE A	94
RESIDENCE - PUBLIC HOUSING	MARCY AVENUE-GREENE AVENUE SITE B	105
RESIDENCE - PUBLIC HOUSING	MARINER'S HARBOR	1390
RESIDENCE - PUBLIC HOUSING	MARKHAM GARDENS	107
RESIDENCE - PUBLIC HOUSING	MARLBORO	1373
RESIDENCE - PUBLIC HOUSING	MARSHALL PLAZA	52
RESIDENCE - PUBLIC HOUSING	MCKINLEY	397
RESIDENCE - PUBLIC HOUSING	MELROSE	881
RESIDENCE - PUBLIC HOUSING	METRO NORTH REHAB	2
RESIDENCE - PUBLIC HOUSING	MIDDLETOWN PLAZA	30
RESIDENCE - PUBLIC HOUSING	MILBANK-FRAWLEY	172
RESIDENCE - PUBLIC HOUSING	MILL BROOK	993
RESIDENCE - PUBLIC HOUSING	MILL BROOK EXTENSION	418
RESIDENCE - PUBLIC HOUSING	MITCHEL	2504
RESIDENCE - PUBLIC HOUSING	MONROE	2805
RESIDENCE - PUBLIC HOUSING	MOORE	856
RESIDENCE - PUBLIC HOUSING	MORRIS HEIGHTS REHAB	134
RESIDENCE - PUBLIC HOUSING	MORRIS I	1620
RESIDENCE - PUBLIC HOUSING	MORRIS II	1456
RESIDENCE - PUBLIC HOUSING	MORRISANIA	347
RESIDENCE - PUBLIC HOUSING	MORRISANIA AIR RIGHTS 42	297
RESIDENCE - PUBLIC HOUSING	MOTT HAVEN	576
RESIDENCE - PUBLIC HOUSING	MURPHY	732
RESIDENCE - PUBLIC HOUSING	NEW LANE AREA	39
RESIDENCE - PUBLIC HOUSING	NOSTRAND	2036
RESIDENCE - PUBLIC HOUSING	O'DWYER GARDENS	53
RESIDENCE - PUBLIC HOUSING	OCEAN HILL APARTMENTS	226
RESIDENCE - PUBLIC HOUSING	OCEAN HILL-BROWNSVILLE	436
RESIDENCE - PUBLIC HOUSING	OCEANSIDE-OCEAN BAY APTS	72
RESIDENCE - PUBLIC HOUSING	PALMETTO GARDENS	28
RESIDENCE - PUBLIC HOUSING	PARK ROCK REHAB	314
RESIDENCE - PUBLIC HOUSING	PARKSIDE	1281
RESIDENCE - PUBLIC HOUSING	PATTERSON	1377
RESIDENCE - PUBLIC HOUSING	PELHAM PARKWAY	1818
RESIDENCE - PUBLIC HOUSING	PENNSYLVANIA AVENUE-WORTMAN AVENUE	881
RESIDENCE - PUBLIC HOUSING	PINK	3523
RESIDENCE - PUBLIC HOUSING	POMONOK	2925
RESIDENCE - PUBLIC HOUSING	PROSPECT PLAZA	16
RESIDENCE - PUBLIC HOUSING	QUEENSBRIDGE NORTH	719
RESIDENCE - PUBLIC HOUSING	QUEENSBRIDGE SOUTH	767
RESIDENCE - PUBLIC HOUSING	RALPH AVENUE REHAB	296
RESIDENCE - PUBLIC HOUSING	RANDALL AVENUE-BALCOM AVENUE	104
RESIDENCE - PUBLIC HOUSING	RANGEL	1914
RESIDENCE - PUBLIC HOUSING	RED HOOK EAST	2200
RESIDENCE - PUBLIC HOUSING	RED HOOK WEST	2878
RESIDENCE - PUBLIC HOUSING	REDFERN	1185
RESIDENCE - PUBLIC HOUSING	REID APARTMENTS	66
RESIDENCE - PUBLIC HOUSING	RICHMOND TERRACE	1418
RESIDENCE - PUBLIC HOUSING	RIIS	1285
RESIDENCE - PUBLIC HOUSING	RIIS II	783
RESIDENCE - PUBLIC HOUSING	ROBINSON	7
RESIDENCE - PUBLIC HOUSING	ROOSEVELT I	715
RESIDENCE - PUBLIC HOUSING	ROOSEVELT II	754
RESIDENCE - PUBLIC HOUSING	RUTGERS	967
RESIDENCE - PUBLIC HOUSING	RUTLAND TOWERS	99
RESIDENCE - PUBLIC HOUSING	SACK WERN	906
RESIDENCE - PUBLIC HOUSING	SAINT MARY'S PARK	1883
RESIDENCE - PUBLIC HOUSING	SAMUEL (CITY)	112
RESIDENCE - PUBLIC HOUSING	SARATOGA SQUARE	123
RESIDENCE - PUBLIC HOUSING	SEDGWICK	205
RESIDENCE - PUBLIC HOUSING	SEWARD PARK EXTENSION	912
RESIDENCE - PUBLIC HOUSING	SHEEPSHEAD BAY	2170
RESIDENCE - PUBLIC HOUSING	SMITH	2557
RESIDENCE - PUBLIC HOUSING	SOUNDVIEW	3232
RESIDENCE - PUBLIC HOUSING	SOUTH BEACH	1037
RESIDENCE - PUBLIC HOUSING	SOUTH BRONX AREA (SITE 402)	265
RESIDENCE - PUBLIC HOUSING	SOUTHERN BOULEVARD	72
RESIDENCE - PUBLIC HOUSING	STAPLETON	2043
RESIDENCE - PUBLIC HOUSING	STEBBINS AVENUE-HEWITT PLACE	127
RESIDENCE - PUBLIC HOUSING	STERLING PLACE REHAB (SAINT JOHNS-STERLING)	286
RESIDENCE - PUBLIC HOUSING	STERLING PLACE REHAB (STERLING-BUFFALO)	382
RESIDENCE - PUBLIC HOUSING	STUYVESANT GARDENS I	912
RESIDENCE - PUBLIC HOUSING	SUMNER	2178
RESIDENCE - PUBLIC HOUSING	SUTTER AVENUE-UNION STREET	225
RESIDENCE - PUBLIC HOUSING	TAFT	1553
RESIDENCE - PUBLIC HOUSING	TAFT REHABS (REHAB PROGRAM)	7
RESIDENCE - PUBLIC HOUSING	TAPSCOTT STREET REHAB	363
RESIDENCE - PUBLIC HOUSING	TAYLOR STREET-WYTHE AVENUE	473
RESIDENCE - PUBLIC HOUSING	TELLER AVENUE-EAST 166TH STREET	257
RESIDENCE - PUBLIC HOUSING	THROGGS NECK	3066
RESIDENCE - PUBLIC HOUSING	THROGGS NECK ADDITION	651
RESIDENCE - PUBLIC HOUSING	TILDEN	2835
RESIDENCE - PUBLIC HOUSING	TODT HILL	785
RESIDENCE - PUBLIC HOUSING	TOMPKINS	2939
RESIDENCE - PUBLIC HOUSING	TWIN PARKS EAST (SITE 9)	85
RESIDENCE - PUBLIC HOUSING	TWIN PARKS WEST (SITE 1 & 2)	334
RESIDENCE - PUBLIC HOUSING	TWO BRIDGES URA (SITE 7)	229
RESIDENCE - PUBLIC HOUSING	UNION AVENUE-EAST 163RD STREET	126
RESIDENCE - PUBLIC HOUSING	UNION AVENUE-EAST 166TH STREET	242
RESIDENCE - PUBLIC HOUSING	UNITY PLAZA (SITES 17,24,25A)	628
RESIDENCE - PUBLIC HOUSING	UNITY PLAZA (SITES 4-27)	1361
RESIDENCE - PUBLIC HOUSING	UNIVERSITY AVENUE REHAB	431
RESIDENCE - PUBLIC HOUSING	UPACA (SITE 5)	112
RESIDENCE - PUBLIC HOUSING	UPACA (SITE 6)	105
RESIDENCE - PUBLIC HOUSING	VAN DYKE I	4490
RESIDENCE - PUBLIC HOUSING	VAN DYKE II	68
RESIDENCE - PUBLIC HOUSING	VANDALIA AVENUE	85
RESIDENCE - PUBLIC HOUSING	VLADECK	1494
RESIDENCE - PUBLIC HOUSING	VLADECK II	264
RESIDENCE - PUBLIC HOUSING	WAGNER	1362
RESIDENCE - PUBLIC HOUSING	WALD	1842
RESIDENCE - PUBLIC HOUSING	WASHINGTON HEIGHTS REHAB (GROUPS 1&2)	3
RESIDENCE - PUBLIC HOUSING	WASHINGTON HEIGHTS REHAB PHASE III	19
RESIDENCE - PUBLIC HOUSING	WEBSTER	1225
RESIDENCE - PUBLIC HOUSING	WEEKSVILLE GARDENS	879
RESIDENCE - PUBLIC HOUSING	WEST BRIGHTON I	1589
RESIDENCE - PUBLIC HOUSING	WEST BRIGHTON II	67
RESIDENCE - PUBLIC HOUSING	WEST FARMS ROAD REHAB	226
RESIDENCE - PUBLIC HOUSING	WEST TREMONT AVENUE-SEDGWICK AVENUE AREA	69
RESIDENCE - PUBLIC HOUSING	WEST TREMONT REHAB (GROUP 1)	11
RESIDENCE - PUBLIC HOUSING	WEST TREMONT REHAB (GROUP 2)	5
RESIDENCE - PUBLIC HOUSING	WEST TREMONT REHAB (GROUP 3)	106
RESIDENCE - PUBLIC HOUSING	WHITMAN	2870
RESIDENCE - PUBLIC HOUSING	WILLIAMS PLAZA	599
RESIDENCE - PUBLIC HOUSING	WILLIAMSBURG	2499
RESIDENCE - PUBLIC HOUSING	WOODSIDE	793
RESIDENCE - PUBLIC HOUSING	WOODSON	223
RESIDENCE - PUBLIC HOUSING	WSUR (SITE B) 74 WEST 92ND STREET	9
RESIDENCE - PUBLIC HOUSING	WSUR (SITE C) 589 AMSTERDAM AVENUE	596
RESIDENCE - PUBLIC HOUSING	WYCKOFF GARDENS	773
RESIDENCE-HOUSE	572 WARREN STREET	1
RESIDENCE-HOUSE	830 AMSTERDAM AVENUE	1
RESIDENCE-HOUSE	ADAMS	1
RESIDENCE-HOUSE	ALBANY	5
RESIDENCE-HOUSE	ALBANY II	1
RESIDENCE-HOUSE	AMSTERDAM	6
RESIDENCE-HOUSE	ARMSTRONG I	6
RESIDENCE-HOUSE	ARMSTRONG II	3
RESIDENCE-HOUSE	ASTORIA	5
RESIDENCE-HOUSE	ATLANTIC TERMINAL SITE 4B	3
RESIDENCE-HOUSE	BAISLEY PARK	5
RESIDENCE-HOUSE	BARUCH	1
RESIDENCE-HOUSE	BAY VIEW	18
RESIDENCE-HOUSE	BAYSIDE-OCEAN BAY APTS	9
RESIDENCE-HOUSE	BEACH 41ST STREET-BEACH CHANNEL DRIVE	1
RESIDENCE-HOUSE	BELMONT-SUTTER AREA	2
RESIDENCE-HOUSE	BERRY	15
RESIDENCE-HOUSE	BLAND	2
RESIDENCE-HOUSE	BORINQUEN PLAZA I	2
RESIDENCE-HOUSE	BORINQUEN PLAZA II	2
RESIDENCE-HOUSE	BOSTON SECOR	6
RESIDENCE-HOUSE	BOULEVARD	8
RESIDENCE-HOUSE	BOYNTON AVENUE REHAB	1
RESIDENCE-HOUSE	BREUKELEN	4
RESIDENCE-HOUSE	BREVOORT	7
RESIDENCE-HOUSE	BRONX RIVER	3
RESIDENCE-HOUSE	BRONXDALE	7
RESIDENCE-HOUSE	BROWNSVILLE	6
RESIDENCE-HOUSE	BUSHWICK	3
RESIDENCE-HOUSE	BUSHWICK II (GROUPS A & C)	2
RESIDENCE-HOUSE	BUSHWICK II (GROUPS B & D)	3
RESIDENCE-HOUSE	BUSHWICK II CDA (GROUP E)	3
RESIDENCE-HOUSE	BUTLER	1
RESIDENCE-HOUSE	CARLETON MANOR	1
RESIDENCE-HOUSE	CASSIDY-LAFAYETTE	4
RESIDENCE-HOUSE	CASTLE HILL	5
RESIDENCE-HOUSE	CLAREMONT REHAB (GROUP 2)	1
RESIDENCE-HOUSE	CLAREMONT REHAB (GROUP 4)	1
RESIDENCE-HOUSE	CLASON POINT GARDENS	3
RESIDENCE-HOUSE	CLINTON	3
RESIDENCE-HOUSE	CONEY ISLAND I (SITE 1B)	1
RESIDENCE-HOUSE	CROWN HEIGHTS	1
RESIDENCE-HOUSE	CYPRESS HILLS	7
RESIDENCE-HOUSE	DAVIDSON	1
RESIDENCE-HOUSE	DYCKMAN	2
RESIDENCE-HOUSE	EAGLE AVENUE-EAST 163RD STREET	1
RESIDENCE-HOUSE	EAST 173RD STREET-VYSE AVENUE	1
RESIDENCE-HOUSE	EAST 180TH STREET-MONTEREY AVENUE	2
RESIDENCE-HOUSE	EAST NEW YORK CITY LINE	1
RESIDENCE-HOUSE	EASTCHESTER GARDENS	6
RESIDENCE-HOUSE	EDENWALD	4
RESIDENCE-HOUSE	FARRAGUT	3
RESIDENCE-HOUSE	FIORENTINO PLAZA	3
RESIDENCE-HOUSE	GARVEY (GROUP A)	1
RESIDENCE-HOUSE	GLENWOOD	12
RESIDENCE-HOUSE	GOWANUS	6
RESIDENCE-HOUSE	GRANT	1
RESIDENCE-HOUSE	GUN HILL	2
RESIDENCE-HOUSE	HAMMEL	5
RESIDENCE-HOUSE	HARLEM RIVER	2
RESIDENCE-HOUSE	HIGHBRIDGE GARDENS	1
RESIDENCE-HOUSE	HIGHBRIDGE REHABS (ANDERSON AVENUE)	1
RESIDENCE-HOUSE	HIGHBRIDGE REHABS (NELSON AVENUE)	1
RESIDENCE-HOUSE	HOE AVENUE-EAST 173RD STREET	1
RESIDENCE-HOUSE	HOPE GARDENS	4
RESIDENCE-HOUSE	HOWARD	5
RESIDENCE-HOUSE	HOWARD AVENUE	1
RESIDENCE-HOUSE	HOWARD AVENUE-PARK PLACE	8
RESIDENCE-HOUSE	HUGHES APARTMENTS	1
RESIDENCE-HOUSE	INDEPENDENCE	2
RESIDENCE-HOUSE	INGERSOLL	8
RESIDENCE-HOUSE	JACKSON	7
RESIDENCE-HOUSE	JOHNSON	2
RESIDENCE-HOUSE	LA GUARDIA	8
RESIDENCE-HOUSE	LAFAYETTE	1
RESIDENCE-HOUSE	LEHMAN	2
RESIDENCE-HOUSE	LENOX ROAD-ROCKAWAY PARKWAY	1
RESIDENCE-HOUSE	LINCOLN	1
RESIDENCE-HOUSE	LINDEN	4
RESIDENCE-HOUSE	LONG ISLAND BAPTIST HOUSES	7
RESIDENCE-HOUSE	LOW HOUSES	3
RESIDENCE-HOUSE	LOWER EAST SIDE I INFILL	1
RESIDENCE-HOUSE	MANHATTANVILLE REHAB (GROUP 2)	1
RESIDENCE-HOUSE	MARBLE HILL	4
RESIDENCE-HOUSE	MARCY	15
RESIDENCE-HOUSE	MARCY AVENUE-GREENE AVENUE SITE A	2
RESIDENCE-HOUSE	MARINER'S HARBOR	41
RESIDENCE-HOUSE	MARKHAM GARDENS	7
RESIDENCE-HOUSE	MARLBORO	2
RESIDENCE-HOUSE	MELROSE	3
RESIDENCE-HOUSE	MITCHEL	7
RESIDENCE-HOUSE	MONROE	3
RESIDENCE-HOUSE	MOORE	1
RESIDENCE-HOUSE	MORRIS HEIGHTS REHAB	2
RESIDENCE-HOUSE	MORRIS I	1
RESIDENCE-HOUSE	MORRIS II	1
RESIDENCE-HOUSE	MURPHY	2
RESIDENCE-HOUSE	NEW LANE AREA	2
RESIDENCE-HOUSE	NOSTRAND	5
RESIDENCE-HOUSE	OCEAN HILL-BROWNSVILLE	1
RESIDENCE-HOUSE	PALMETTO GARDENS	1
RESIDENCE-HOUSE	PARK ROCK REHAB	1
RESIDENCE-HOUSE	PARKSIDE	4
RESIDENCE-HOUSE	PATTERSON	2
RESIDENCE-HOUSE	PELHAM PARKWAY	3
RESIDENCE-HOUSE	PENNSYLVANIA AVENUE-WORTMAN AVENUE	3
RESIDENCE-HOUSE	PINK	9
RESIDENCE-HOUSE	POMONOK	12
RESIDENCE-HOUSE	QUEENSBRIDGE NORTH	1
RESIDENCE-HOUSE	RANGEL	4
RESIDENCE-HOUSE	RED HOOK EAST	9
RESIDENCE-HOUSE	RED HOOK WEST	5
RESIDENCE-HOUSE	REDFERN	10
RESIDENCE-HOUSE	RICHMOND TERRACE	36
RESIDENCE-HOUSE	RIIS	3
RESIDENCE-HOUSE	RIIS II	2
RESIDENCE-HOUSE	ROOSEVELT I	4
RESIDENCE-HOUSE	ROOSEVELT II	3
RESIDENCE-HOUSE	RUTGERS	10
RESIDENCE-HOUSE	SACK WERN	2
RESIDENCE-HOUSE	SAINT MARY'S PARK	3
RESIDENCE-HOUSE	SAMUEL (CITY)	1
RESIDENCE-HOUSE	SARATOGA SQUARE	1
RESIDENCE-HOUSE	SEDGWICK	1
RESIDENCE-HOUSE	SEWARD PARK EXTENSION	1
RESIDENCE-HOUSE	SHEEPSHEAD BAY	3
RESIDENCE-HOUSE	SMITH	13
RESIDENCE-HOUSE	SOUNDVIEW	5
RESIDENCE-HOUSE	SOUTH BEACH	15
RESIDENCE-HOUSE	SOUTH BRONX AREA (SITE 402)	1
RESIDENCE-HOUSE	SOUTHERN BOULEVARD	1
RESIDENCE-HOUSE	STAPLETON	37
RESIDENCE-HOUSE	STEBBINS AVENUE-HEWITT PLACE	1
RESIDENCE-HOUSE	STERLING PLACE REHAB (STERLING-BUFFALO)	2
RESIDENCE-HOUSE	STUYVESANT GARDENS I	5
RESIDENCE-HOUSE	SUMNER	6
RESIDENCE-HOUSE	TAFT	2
RESIDENCE-HOUSE	TAPSCOTT STREET REHAB	1
RESIDENCE-HOUSE	THROGGS NECK	8
RESIDENCE-HOUSE	TILDEN	3
RESIDENCE-HOUSE	TODT HILL	13
RESIDENCE-HOUSE	TOMPKINS	9
RESIDENCE-HOUSE	TWIN PARKS EAST (SITE 9)	2
RESIDENCE-HOUSE	TWIN PARKS WEST (SITE 1 & 2)	1
RESIDENCE-HOUSE	UNION AVENUE-EAST 166TH STREET	2
RESIDENCE-HOUSE	UNITY PLAZA (SITES 4-27)	3
RESIDENCE-HOUSE	UNIVERSITY AVENUE REHAB	1
RESIDENCE-HOUSE	VAN DYKE I	2
RESIDENCE-HOUSE	VLADECK	16
RESIDENCE-HOUSE	VLADECK II	3
RESIDENCE-HOUSE	WAGNER	2
RESIDENCE-HOUSE	WEBSTER	1
RESIDENCE-HOUSE	WEST BRIGHTON I	54
RESIDENCE-HOUSE	WEST BRIGHTON II	2
RESIDENCE-HOUSE	WEST TREMONT REHAB (GROUP 2)	1
RESIDENCE-HOUSE	WHITMAN	5
RESIDENCE-HOUSE	WILLIAMS PLAZA	2
RESIDENCE-HOUSE	WILLIAMSBURG	6
RESIDENCE-HOUSE	WOODSIDE	1
RESIDENCE-HOUSE	WOODSON	1
RESIDENCE-HOUSE	WYCKOFF GARDENS	1
RESTAURANT/DINER	ARMSTRONG I	3
RESTAURANT/DINER	ARMSTRONG II	26
RESTAURANT/DINER	DOUGLASS	1
RESTAURANT/DINER	FIRST HOUSES	1
RESTAURANT/DINER	HYLAN	1
RESTAURANT/DINER	MARCY AVENUE-GREENE AVENUE SITE A	1
RESTAURANT/DINER	MARKHAM GARDENS	59
RESTAURANT/DINER	SMITH	1
SHOE	ARMSTRONG II	1
SHOE	MARKHAM GARDENS	2
SMALL MERCHANT	BRONX RIVER	1
SMALL MERCHANT	CASTLE HILL	1
SMALL MERCHANT	FIRST HOUSES	1
SMALL MERCHANT	MARKHAM GARDENS	5
SMALL MERCHANT	SMITH	1
SOCIAL CLUB/POLICY	CASTLE HILL	1
SOCIAL CLUB/POLICY	MARCY	1
SOCIAL CLUB/POLICY	MARCY AVENUE-GREENE AVENUE SITE A	1
SOCIAL CLUB/POLICY	MARKHAM GARDENS	1
SOCIAL CLUB/POLICY	SEDGWICK	2
STORAGE FACILITY	BREVOORT	1
STORAGE FACILITY	MILBANK-FRAWLEY	1
STORE UNCLASSIFIED	ARMSTRONG II	2
STORE UNCLASSIFIED	BOULEVARD	1
STORE UNCLASSIFIED	GLENWOOD	1
STORE UNCLASSIFIED	MARCY	1
STORE UNCLASSIFIED	MARKHAM GARDENS	1
STORE UNCLASSIFIED	MITCHEL	1
STORE UNCLASSIFIED	WHITMAN	1
STREET	1010 EAST 178TH STREET	1
STREET	1162-1176 WASHINGTON AVENUE	2
STREET	131 SAINT NICHOLAS AVENUE	15
STREET	1471 WATSON AVENUE	6
STREET	303 VERNON AVENUE	8
STREET	33-35 SARATOGA AVENUE	4
STREET	45 ALLEN STREET	2
STREET	572 WARREN STREET	3
STREET	830 AMSTERDAM AVENUE	8
STREET	ADAMS	27
STREET	ALBANY	70
STREET	ALBANY II	29
STREET	AMSTERDAM	27
STREET	ARMSTRONG I	61
STREET	ARMSTRONG II	54
STREET	ASTORIA	33
STREET	ATLANTIC TERMINAL SITE 4B	8
STREET	AUDUBON	17
STREET	BAILEY AVENUE-WEST 193RD STREET	36
STREET	BAISLEY PARK	15
STREET	BARUCH	63
STREET	BARUCH HOUSES ADDITION	1
STREET	BAY VIEW	27
STREET	BAYCHESTER	3
STREET	BAYSIDE-OCEAN BAY APTS	22
STREET	BEACH 41ST STREET-BEACH CHANNEL DRIVE	16
STREET	BEDFORD-STUYVESANT REHAB	5
STREET	BELMONT-SUTTER AREA	4
STREET	BERRY	18
STREET	BERRY STREET-SOUTH 9TH STREET	1
STREET	BETANCES I	12
STREET	BETANCES III	7
STREET	BETANCES VI	2
STREET	BETHUNE GARDENS	2
STREET	BLAND	24
STREET	BORINQUEN PLAZA I	70
STREET	BORINQUEN PLAZA II	23
STREET	BOSTON ROAD PLAZA	5
STREET	BOSTON SECOR	15
STREET	BOULEVARD	44
STREET	BOYNTON AVENUE REHAB	12
STREET	BREUKELEN	30
STREET	BREVOORT	44
STREET	BRONX RIVER	49
STREET	BRONX RIVER ADDITION	5
STREET	BRONXDALE	38
STREET	BROWNSVILLE	41
STREET	BRYANT AVENUE-EAST 174TH STREET	2
STREET	BUSHWICK	43
STREET	BUSHWICK II (GROUPS A & C)	39
STREET	BUSHWICK II (GROUPS B & D)	23
STREET	BUSHWICK II CDA (GROUP E)	30
STREET	BUTLER	21
STREET	CAMPOS PLAZA I	8
STREET	CARLETON MANOR	13
STREET	CARVER	11
STREET	CASSIDY-LAFAYETTE	5
STREET	CASTLE HILL	82
STREET	CLAREMONT PARKWAY-FRANKLIN AVENUE	8
STREET	CLAREMONT REHAB (GROUP 2)	38
STREET	CLAREMONT REHAB (GROUP 3)	14
STREET	CLAREMONT REHAB (GROUP 4)	20
STREET	CLAREMONT REHAB (GROUP 5)	34
STREET	CLASON POINT GARDENS	42
STREET	CLINTON	27
STREET	COLLEGE AVENUE-EAST 165TH STREET	7
STREET	CONEY ISLAND	6
STREET	CONEY ISLAND I (SITE 1B)	14
STREET	COOPER PARK	44
STREET	CROWN HEIGHTS	8
STREET	CYPRESS HILLS	35
STREET	DAVIDSON	16
STREET	DE HOSTOS APARTMENTS	1
STREET	DOUGLASS	32
STREET	DOUGLASS ADDITION	4
STREET	DYCKMAN	26
STREET	EAGLE AVENUE-EAST 163RD STREET	2
STREET	EAST 165TH STREET-BRYANT AVENUE	9
STREET	EAST 173RD STREET-VYSE AVENUE	29
STREET	EAST 180TH STREET-MONTEREY AVENUE	11
STREET	EAST NEW YORK CITY LINE	6
STREET	EASTCHESTER GARDENS	38
STREET	EDENWALD	9
STREET	FARRAGUT	73
STREET	FENIMORE-LEFFERTS	4
STREET	FIORENTINO PLAZA	18
STREET	FIRST HOUSES	1
STREET	FOREST	24
STREET	FOREST HILLS COOP (108TH STREET-62ND DRIVE)	1
STREET	FORT INDEPENDENCE STREET-HEATH AVENUE	30
STREET	FORT WASHINGTON AVENUE REHAB	4
STREET	FRANKLIN AVENUE I CONVENTIONAL	1
STREET	FRANKLIN AVENUE I MHOP	1
STREET	FRANKLIN AVENUE III CONVENTIONAL	3
STREET	GARVEY (GROUP A)	18
STREET	GLEBE AVENUE-WESTCHESTER AVENUE	3
STREET	GLENWOOD	23
STREET	GOMPERS	28
STREET	GOWANUS	23
STREET	GRAMPION	1
STREET	GRANT	51
STREET	GRAVESEND	4
STREET	GUN HILL	11
STREET	HAMMEL	22
STREET	HARLEM RIVER	10
STREET	HARRISON AVENUE REHAB (GROUP A)	2
STREET	HARRISON AVENUE REHAB (GROUP B)	22
STREET	HERNANDEZ	1
STREET	HIGHBRIDGE GARDENS	64
STREET	HIGHBRIDGE REHABS (ANDERSON AVENUE)	16
STREET	HIGHBRIDGE REHABS (NELSON AVENUE)	12
STREET	HOE AVENUE-EAST 173RD STREET	7
STREET	HOPE GARDENS	13
STREET	HOWARD	17
STREET	HOWARD AVENUE	5
STREET	HOWARD AVENUE-PARK PLACE	33
STREET	HUGHES APARTMENTS	10
STREET	HYLAN	5
STREET	INDEPENDENCE	15
STREET	INGERSOLL	36
STREET	JACKSON	24
STREET	JENNINGS STREET	8
STREET	JOHNSON	35
STREET	KING TOWERS	9
STREET	KINGSBOROUGH 77	2
STREET	LA GUARDIA	45
STREET	LAFAYETTE	18
STREET	LATIMER GARDENS	9
STREET	LAVANBURG HOMES	3
STREET	LEHMAN	9
STREET	LENOX ROAD-ROCKAWAY PARKWAY	3
STREET	LINCOLN	34
STREET	LINDEN	57
STREET	LONG ISLAND BAPTIST HOUSES	42
STREET	LONGFELLOW AVENUE REHAB	12
STREET	LOW HOUSES	20
STREET	LOWER EAST SIDE I INFILL	10
STREET	LOWER EAST SIDE II	1
STREET	LOWER EAST SIDE REHAB (GROUP 5)	2
STREET	MACOMBS ROAD	3
STREET	MANHATTANVILLE	27
STREET	MARBLE HILL	59
STREET	MARCY	54
STREET	MARCY AVENUE-GREENE AVENUE SITE A	7
STREET	MARCY AVENUE-GREENE AVENUE SITE B	4
STREET	MARINER'S HARBOR	65
STREET	MARKHAM GARDENS	61
STREET	MARLBORO	15
STREET	MARSHALL PLAZA	3
STREET	MCKINLEY	14
STREET	MELROSE	10
STREET	MIDDLETOWN PLAZA	1
STREET	MILBANK-FRAWLEY	4
STREET	MILL BROOK	17
STREET	MILL BROOK EXTENSION	12
STREET	MITCHEL	57
STREET	MONROE	52
STREET	MOORE	16
STREET	MORRIS HEIGHTS REHAB	9
STREET	MORRIS I	13
STREET	MORRIS II	8
STREET	MORRISANIA	14
STREET	MORRISANIA AIR RIGHTS 42	6
STREET	MOTT HAVEN	11
STREET	MURPHY	47
STREET	NOSTRAND	25
STREET	OCEAN HILL APARTMENTS	3
STREET	OCEAN HILL-BROWNSVILLE	6
STREET	OCEANSIDE-OCEAN BAY APTS	1
STREET	PALMETTO GARDENS	1
STREET	PARK ROCK REHAB	16
STREET	PARKSIDE	100
STREET	PATTERSON	28
STREET	PELHAM PARKWAY	103
STREET	PENNSYLVANIA AVENUE-WORTMAN AVENUE	10
STREET	PINK	47
STREET	POMONOK	57
STREET	PROSPECT PLAZA	5
STREET	QUEENSBRIDGE NORTH	3
STREET	QUEENSBRIDGE SOUTH	9
STREET	RALPH AVENUE REHAB	4
STREET	RANDALL AVENUE-BALCOM AVENUE	5
STREET	RANGEL	16
STREET	RED HOOK EAST	28
STREET	RED HOOK WEST	30
STREET	REDFERN	36
STREET	REID APARTMENTS	6
STREET	RICHMOND TERRACE	48
STREET	RIIS	10
STREET	RIIS II	5
STREET	ROOSEVELT I	14
STREET	ROOSEVELT II	15
STREET	RUTGERS	24
STREET	RUTLAND TOWERS	1
STREET	SACK WERN	21
STREET	SAINT MARY'S PARK	17
STREET	SAMUEL (CITY)	7
STREET	SARATOGA SQUARE	5
STREET	SEDGWICK	12
STREET	SEWARD PARK EXTENSION	40
STREET	SHEEPSHEAD BAY	37
STREET	SMITH	44
STREET	SOUNDVIEW	58
STREET	SOUTH BEACH	27
STREET	SOUTH BRONX AREA (SITE 402)	6
STREET	SOUTHERN BOULEVARD	11
STREET	STAPLETON	55
STREET	STEBBINS AVENUE-HEWITT PLACE	9
STREET	STERLING PLACE REHAB (SAINT JOHNS-STERLING)	18
STREET	STERLING PLACE REHAB (STERLING-BUFFALO)	19
STREET	STUYVESANT GARDENS I	42
STREET	SUMNER	66
STREET	SUTTER AVENUE-UNION STREET	3
STREET	TAFT	14
STREET	TAPSCOTT STREET REHAB	7
STREET	TAYLOR STREET-WYTHE AVENUE	9
STREET	TELLER AVENUE-EAST 166TH STREET	10
STREET	THROGGS NECK	24
STREET	THROGGS NECK ADDITION	7
STREET	TILDEN	34
STREET	TODT HILL	19
STREET	TOMPKINS	70
STREET	TWIN PARKS EAST (SITE 9)	8
STREET	TWIN PARKS WEST (SITE 1 & 2)	8
STREET	TWO BRIDGES URA (SITE 7)	7
STREET	UNION AVENUE-EAST 163RD STREET	4
STREET	UNION AVENUE-EAST 166TH STREET	11
STREET	UNITY PLAZA (SITES 17,24,25A)	8
STREET	UNITY PLAZA (SITES 4-27)	26
STREET	UNIVERSITY AVENUE REHAB	46
STREET	UPACA (SITE 5)	6
STREET	UPACA (SITE 6)	2
STREET	VAN DYKE I	32
STREET	VLADECK	50
STREET	VLADECK II	12
STREET	WAGNER	30
STREET	WALD	27
STREET	WASHINGTON HEIGHTS REHAB (GROUPS 1&2)	2
STREET	WEBSTER	5
STREET	WEEKSVILLE GARDENS	39
STREET	WEST BRIGHTON I	94
STREET	WEST BRIGHTON II	5
STREET	WEST FARMS ROAD REHAB	5
STREET	WEST TREMONT AVENUE-SEDGWICK AVENUE AREA	13
STREET	WEST TREMONT REHAB (GROUP 1)	20
STREET	WEST TREMONT REHAB (GROUP 2)	23
STREET	WEST TREMONT REHAB (GROUP 3)	11
STREET	WHITMAN	46
STREET	WILLIAMS PLAZA	17
STREET	WILLIAMSBURG	39
STREET	WOODSIDE	14
STREET	WOODSON	1
STREET	WSUR (SITE B) 74 WEST 92ND STREET	1
STREET	WSUR (SITE C) 589 AMSTERDAM AVENUE	14
STREET	WYCKOFF GARDENS	13
SYNAGOGUE	HOWARD	1
SYNAGOGUE	SEWARD PARK EXTENSION	1
SYNAGOGUE	TILDEN	1
TAXI (LIVERY LICENSED)	ARMSTRONG II	1
TAXI (LIVERY LICENSED)	AUDUBON	1
TAXI (LIVERY LICENSED)	BEACH 41ST STREET-BEACH CHANNEL DRIVE	1
TAXI (LIVERY LICENSED)	BOULEVARD	2
TAXI (LIVERY LICENSED)	BUSHWICK	1
TAXI (LIVERY LICENSED)	CYPRESS HILLS	1
TAXI (LIVERY LICENSED)	DAVIDSON	1
TAXI (LIVERY LICENSED)	DOUGLASS	1
TAXI (LIVERY LICENSED)	FARRAGUT	1
TAXI (LIVERY LICENSED)	GLENWOOD	1
TAXI (LIVERY LICENSED)	HIGHBRIDGE GARDENS	1
TAXI (LIVERY LICENSED)	LAFAYETTE	1
TAXI (LIVERY LICENSED)	LINDEN	1
TAXI (LIVERY LICENSED)	MARBLE HILL	1
TAXI (LIVERY LICENSED)	MARCY	1
TAXI (LIVERY LICENSED)	MOTT HAVEN	1
TAXI (LIVERY LICENSED)	POMONOK	1
TAXI (LIVERY LICENSED)	RICHMOND TERRACE	1
TAXI (LIVERY LICENSED)	ROOSEVELT II	2
TAXI (LIVERY LICENSED)	STAPLETON	1
TAXI (LIVERY LICENSED)	STUYVESANT GARDENS I	1
TAXI (LIVERY LICENSED)	THROGGS NECK	1
TAXI (LIVERY LICENSED)	TOMPKINS	1
TAXI (LIVERY LICENSED)	UPACA (SITE 5)	1
TAXI (YELLOW LICENSED)	ARMSTRONG II	1
TAXI (YELLOW LICENSED)	GRANT	1
TAXI (YELLOW LICENSED)	MARKHAM GARDENS	1
TAXI (YELLOW LICENSED)	RED HOOK EAST	1
TAXI (YELLOW LICENSED)	SUMNER	1
TAXI (YELLOW LICENSED)	THROGGS NECK	1
TAXI (YELLOW LICENSED)	WEST BRIGHTON II	1
TAXI (YELLOW LICENSED)	WSUR (SITE B) 74 WEST 92ND STREET	1
TAXI/LIVERY (UNLICENSED)	BERRY	1
TAXI/LIVERY (UNLICENSED)	JOHNSON	1
TAXI/LIVERY (UNLICENSED)	MARBLE HILL	1
TAXI/LIVERY (UNLICENSED)	MARCY	1
TAXI/LIVERY (UNLICENSED)	SOUNDVIEW	1
TAXI/LIVERY (UNLICENSED)	TOMPKINS	1
TELECOMM. STORE	ARMSTRONG II	1
TELECOMM. STORE	BLAND	1
TELECOMM. STORE	INGERSOLL	1
TELECOMM. STORE	MARKHAM GARDENS	1
TELECOMM. STORE	TAFT REHABS (REHAB PROGRAM)	1
TRANSIT - NYC SUBWAY	WEST TREMONT REHAB (GROUP 3)	1
TRANSIT FACILITY (OTHER)	BRONX RIVER	1
TRANSIT FACILITY (OTHER)	CARVER	1
TUNNEL	CLINTON	4
TUNNEL	EDENWALD	1
VARIETY STORE	CASTLE HILL	1
VARIETY STORE	MARKHAM GARDENS	1
VARIETY STORE	REDFERN	1
VARIETY STORE	UNITY PLAZA (SITES 4-27)	1
