101		1
101	BRONX	1188
101	BROOKLYN	1836
101	MANHATTAN	619
101	QUEENS	782
101	STATEN ISLAND	148
102	BRONX	14
102	BROOKLYN	27
102	MANHATTAN	16
102	QUEENS	26
102	STATEN ISLAND	10
103	BRONX	7
103	BROOKLYN	12
103	MANHATTAN	7
103	QUEENS	5
103	STATEN ISLAND	2
104		4
104	BRONX	3025
104	BROOKLYN	4098
104	MANHATTAN	2941
104	QUEENS	3181
104	STATEN ISLAND	542
105		19
105	BRONX	45299
105	BROOKLYN	69674
105	MANHATTAN	38511
105	QUEENS	40825
105	STATEN ISLAND	4446
106		27
106	BRONX	47825
106	BROOKLYN	62462
106	MANHATTAN	33031
106	QUEENS	35270
106	STATEN ISLAND	5509
107		32
107	BRONX	33637
107	BROOKLYN	65958
107	MANHATTAN	35125
107	QUEENS	49720
107	STATEN ISLAND	6935
109		57
109	BRONX	54567
109	BROOKLYN	114466
109	MANHATTAN	167093
109	QUEENS	81601
109	STATEN ISLAND	11421
110		126
110	BRONX	22108
110	BROOKLYN	33147
110	MANHATTAN	10545
110	QUEENS	32461
110	STATEN ISLAND	3674
111		1
111	BRONX	1503
111	BROOKLYN	2680
111	MANHATTAN	2953
111	QUEENS	1782
111	STATEN ISLAND	194
112		6
112	BRONX	9716
112	BROOKLYN	16084
112	MANHATTAN	16098
112	QUEENS	11384
112	STATEN ISLAND	3480
113	BRONX	8245
113	BROOKLYN	13227
113	MANHATTAN	15487
113	QUEENS	11120
113	STATEN ISLAND	1225
114	BRONX	3841
114	BROOKLYN	4878
114	MANHATTAN	2086
114	QUEENS	2370
114	STATEN ISLAND	809
115	BRONX	25
115	BROOKLYN	41
115	MANHATTAN	30
115	QUEENS	25
115	STATEN ISLAND	1
116		5
116	BRONX	2166
116	BROOKLYN	3543
116	MANHATTAN	2648
116	QUEENS	1986
116	STATEN ISLAND	507
117		1
117	BRONX	21542
117	BROOKLYN	15574
117	MANHATTAN	15407
117	QUEENS	7793
117	STATEN ISLAND	2366
118	BRONX	11517
118	BROOKLYN	17148
118	MANHATTAN	10312
118	QUEENS	9915
118	STATEN ISLAND	1671
119	BRONX	9
119	BROOKLYN	13
119	MANHATTAN	4
119	QUEENS	22
120	BRONX	121
120	BROOKLYN	115
120	MANHATTAN	70
120	QUEENS	75
120	STATEN ISLAND	8
121	BRONX	8537
121	BROOKLYN	24814
121	MANHATTAN	12692
121	QUEENS	21582
121	STATEN ISLAND	4796
122	BRONX	33
122	BROOKLYN	44
122	MANHATTAN	36
122	QUEENS	9
123	QUEENS	3
123	STATEN ISLAND	1
124		1
124	BRONX	570
124	BROOKLYN	825
124	MANHATTAN	410
124	QUEENS	428
124	STATEN ISLAND	71
125	BRONX	1046
125	BROOKLYN	1292
125	MANHATTAN	716
125	QUEENS	479
125	STATEN ISLAND	223
126		13
126	BRONX	18565
126	BROOKLYN	44109
126	MANHATTAN	19379
126	QUEENS	25943
126	STATEN ISLAND	4257
230	BRONX	21
230	BROOKLYN	48
230	MANHATTAN	200
230	QUEENS	31
231	BRONX	240
231	BROOKLYN	756
231	MANHATTAN	891
231	QUEENS	525
231	STATEN ISLAND	65
232		3
232	BRONX	3913
232	BROOKLYN	5869
232	MANHATTAN	5848
232	QUEENS	3830
232	STATEN ISLAND	914
233		7
233	BRONX	7969
233	BROOKLYN	14361
233	MANHATTAN	10382
233	QUEENS	9997
233	STATEN ISLAND	1414
234	BRONX	22
234	BROOKLYN	40
234	MANHATTAN	31
234	QUEENS	17
234	STATEN ISLAND	1
235		1
235	BRONX	111059
235	BROOKLYN	89473
235	MANHATTAN	62885
235	QUEENS	13396
235	STATEN ISLAND	8987
236	BRONX	25557
236	BROOKLYN	17602
236	MANHATTAN	13975
236	QUEENS	13771
236	STATEN ISLAND	2775
237	BRONX	52
237	BROOKLYN	46
237	MANHATTAN	39
237	QUEENS	25
237	STATEN ISLAND	6
238	BRONX	136
238	BROOKLYN	146
238	MANHATTAN	2221
238	QUEENS	132
238	STATEN ISLAND	10
340		2
340	BRONX	5520
340	BROOKLYN	8912
340	MANHATTAN	9298
340	QUEENS	5663
340	STATEN ISLAND	2662
341		45
341	BRONX	138512
341	BROOKLYN	227894
341	MANHATTAN	258259
341	QUEENS	160766
341	STATEN ISLAND	37032
342	BRONX	127
342	BROOKLYN	328
342	MANHATTAN	203
342	QUEENS	221
342	STATEN ISLAND	29
343	BRONX	2315
343	BROOKLYN	2792
343	MANHATTAN	4893
343	QUEENS	2106
343	STATEN ISLAND	405
344		25
344	BRONX	126360
344	BROOKLYN	167852
344	MANHATTAN	99087
344	QUEENS	105121
344	STATEN ISLAND	23166
345	BRONX	320
345	BROOKLYN	335
345	MANHATTAN	120
345	QUEENS	663
345	STATEN ISLAND	30
346	BRONX	347
346	BROOKLYN	121
346	MANHATTAN	157
346	QUEENS	100
346	STATEN ISLAND	25
347		5
347	BRONX	11685
347	BROOKLYN	22818
347	MANHATTAN	16576
347	QUEENS	16746
347	STATEN ISLAND	5903
348		3
348	BRONX	14492
348	BROOKLYN	15353
348	MANHATTAN	12647
348	QUEENS	15142
348	STATEN ISLAND	1505
349	BRONX	4
349	BROOKLYN	20
349	MANHATTAN	11
349	QUEENS	12
350	BRONX	587
350	BROOKLYN	485
350	MANHATTAN	722
350	QUEENS	98
350	STATEN ISLAND	10
351		16
351	BRONX	94750
351	BROOKLYN	132908
351	MANHATTAN	77670
351	QUEENS	97503
351	STATEN ISLAND	30521
352		2
352	BRONX	22761
352	BROOKLYN	10534
352	MANHATTAN	22653
352	QUEENS	9183
352	STATEN ISLAND	1416
353		7
353	BRONX	2233
353	BROOKLYN	4190
353	MANHATTAN	1730
353	QUEENS	4423
353	STATEN ISLAND	1243
354	BRONX	20
354	BROOKLYN	31
354	MANHATTAN	29
354	QUEENS	12
354	STATEN ISLAND	3
355	BRONX	3496
355	BROOKLYN	3259
355	MANHATTAN	3005
355	QUEENS	2079
355	STATEN ISLAND	502
356	BRONX	304
356	BROOKLYN	137
356	MANHATTAN	110
356	QUEENS	62
356	STATEN ISLAND	5
357	BRONX	1
357	MANHATTAN	8
357	QUEENS	2
358	BRONX	3358
358	BROOKLYN	2037
358	MANHATTAN	10781
358	QUEENS	1289
358	STATEN ISLAND	274
359		3
359	BRONX	29992
359	BROOKLYN	23664
359	MANHATTAN	24146
359	QUEENS	15392
359	STATEN ISLAND	6937
360		1
360	BRONX	3259
360	BROOKLYN	3505
360	MANHATTAN	5526
360	QUEENS	3316
360	STATEN ISLAND	457
361		22
361	BRONX	62048
361	BROOKLYN	84338
361	MANHATTAN	58261
361	QUEENS	59075
361	STATEN ISLAND	19358
362	BRONX	1
362	MANHATTAN	2
363		1
363	BRONX	234
363	BROOKLYN	164
363	MANHATTAN	205
363	QUEENS	113
363	STATEN ISLAND	93
364	BRONX	3034
364	BROOKLYN	892
364	MANHATTAN	1557
364	QUEENS	369
364	STATEN ISLAND	142
365	BRONX	1959
365	BROOKLYN	3714
365	MANHATTAN	1053
365	QUEENS	2739
365	STATEN ISLAND	474
366	BRONX	7
366	BROOKLYN	8
366	MANHATTAN	24
366	QUEENS	6
455	BRONX	16
455	BROOKLYN	13
455	MANHATTAN	14
455	QUEENS	15
455	STATEN ISLAND	1
460	BRONX	3
460	MANHATTAN	1
460	QUEENS	12
571	BRONX	12
571	BROOKLYN	101
571	MANHATTAN	76
571	QUEENS	16
571	STATEN ISLAND	2
572	BRONX	225
572	BROOKLYN	284
572	MANHATTAN	231
572	QUEENS	67
572	STATEN ISLAND	22
577	MANHATTAN	1
577	QUEENS	1
577	STATEN ISLAND	1
578		27
578	BRONX	129524
578	BROOKLYN	182126
578	MANHATTAN	121042
578	QUEENS	126641
578	STATEN ISLAND	44781
672	BRONX	2
672	BROOKLYN	5
672	MANHATTAN	6
672	QUEENS	7
675	BRONX	222
675	BROOKLYN	309
675	MANHATTAN	584
675	QUEENS	284
675	STATEN ISLAND	51
676	BRONX	1
676	BROOKLYN	7
676	MANHATTAN	17
676	QUEENS	5
676	STATEN ISLAND	1
677	BRONX	23
677	BROOKLYN	57
677	MANHATTAN	89
677	QUEENS	59
677	STATEN ISLAND	11
678	BRONX	1683
678	BROOKLYN	2603
678	MANHATTAN	2764
678	QUEENS	1166
678	STATEN ISLAND	260
685	BRONX	1
685	BROOKLYN	4
685	MANHATTAN	3
685	QUEENS	10
881	BRONX	1
881	BROOKLYN	5
881	QUEENS	7
