101	01	344
101	02	269
101	03	325
101	04	338
101	05	398
101	06	417
101	07	481
101	08	438
101	09	406
101	10	419
101	11	343
101	12	396
102	01	6
102	02	11
102	03	4
102	04	9
102	05	9
102	06	7
102	07	4
102	08	5
102	09	10
102	10	13
102	11	8
102	12	7
103	01	2
103	02	3
103	03	4
103	04	2
103	05	3
103	06	1
103	07	4
103	08	1
103	09	6
103	11	4
103	12	3
104		1
104	01	1416
104	02	922
104	03	1060
104	04	1032
104	05	1087
104	06	1268
104	07	1301
104	08	1268
104	09	1158
104	10	1169
104	11	1077
104	12	1032
105		21
105	01	17132
105	02	12642
105	03	14441
105	04	14090
105	05	16407
105	06	16200
105	07	17525
105	08	17843
105	09	17850
105	10	19185
105	11	17455
105	12	17983
106		5
106	01	13555
106	02	11775
106	03	14504
106	04	14776
106	05	17194
106	06	17343
106	07	18002
106	08	17321
106	09	16008
106	10	15478
106	11	14281
106	12	13882
107		31
107	01	15826
107	02	13037
107	03	13992
107	04	13808
107	05	15765
107	06	15625
107	07	17135
107	08	17800
107	09	16814
107	10	17757
107	11	16529
107	12	17288
109		95
109	01	33549
109	02	28272
109	03	32647
109	04	32715
109	05	35840
109	06	36614
109	07	38105
109	08	38856
109	09	37794
109	10	39066
109	11	36779
109	12	38873
110		20
110	01	8296
110	02	6619
110	03	7578
110	04	7851
110	05	8666
110	06	8486
110	07	9370
110	08	9712
110	09	9456
110	10	9268
110	11	8283
110	12	8456
111	01	777
111	02	670
111	03	693
111	04	781
111	05	790
111	06	732
111	07	838
111	08	863
111	09	852
111	10	812
111	11	698
111	12	607
112		22
112	01	5904
112	02	5087
112	03	5446
112	04	5016
112	05	4668
112	06	4378
112	07	4254
112	08	4311
112	09	4383
112	10	4475
112	11	4236
112	12	4588
113		3
113	01	4370
113	02	4261
113	03	4865
113	04	4417
113	05	4270
113	06	3865
113	07	3927
113	08	3949
113	09	3699
113	10	4226
113	11	3890
113	12	3562
114		3
114	01	1419
114	02	1155
114	03	1264
114	04	1097
114	05	1136
114	06	965
114	07	1089
114	08	1071
114	09	1148
114	10	1236
114	11	1213
114	12	1188
115	01	15
115	02	10
115	03	13
115	04	18
115	05	4
115	06	11
115	07	11
115	08	13
115	09	4
115	10	6
115	11	9
115	12	8
116		2
116	01	1344
116	02	740
116	03	804
116	04	800
116	05	868
116	06	1032
116	07	1068
116	08	967
116	09	948
116	10	776
116	11	747
116	12	759
117		1
117	01	5714
117	02	5553
117	03	5799
117	04	5395
117	05	5336
117	06	4808
117	07	4920
117	08	5291
117	09	5100
117	10	5637
117	11	4952
117	12	4177
118	01	4666
118	02	3845
118	03	4298
118	04	4270
118	05	4448
118	06	4116
118	07	4448
118	08	4575
118	09	4316
118	10	4362
118	11	3913
118	12	3306
119	01	3
119	02	7
119	03	3
119	04	7
119	05	8
119	06	6
119	07	2
119	08	2
119	09	3
119	11	7
120	01	22
120	02	26
120	03	30
120	04	33
120	05	30
120	06	55
120	07	41
120	08	31
120	09	33
120	10	30
120	11	27
120	12	31
121		8
121	01	5825
121	02	4931
121	03	5990
121	04	5996
121	05	6290
121	06	6284
121	07	6694
121	08	6557
121	09	6114
121	10	6292
121	11	5853
121	12	5587
122	01	7
122	02	14
122	03	13
122	04	12
122	05	12
122	06	8
122	07	5
122	08	9
122	09	12
122	10	8
122	11	14
122	12	8
123	01	1
123	02	1
123	08	1
123	09	1
124	01	185
124	02	170
124	03	191
124	04	208
124	05	209
124	06	211
124	07	218
124	08	237
124	09	166
124	10	204
124	11	145
124	12	161
125	01	349
125	02	340
125	03	365
125	04	332
125	05	331
125	06	306
125	07	288
125	08	321
125	09	297
125	10	306
125	11	283
125	12	238
126		9
126	01	8983
126	02	8043
126	03	9438
126	04	9535
126	05	9966
126	06	9809
126	07	10431
126	08	10013
126	09	9853
126	10	9543
126	11	8505
126	12	8138
230	01	25
230	02	22
230	03	25
230	04	20
230	05	34
230	06	31
230	07	24
230	08	17
230	09	31
230	10	34
230	11	22
230	12	15
231	01	187
231	02	167
231	03	198
231	04	187
231	05	192
231	06	206
231	07	224
231	08	249
231	09	240
231	10	236
231	11	220
231	12	171
232	01	1732
232	02	1511
232	03	1727
232	04	1723
232	05	1822
232	06	1777
232	07	1757
232	08	1753
232	09	1604
232	10	1695
232	11	1561
232	12	1715
233		9
233	01	3885
233	02	3109
233	03	3779
233	04	3482
233	05	3939
233	06	4024
233	07	4007
233	08	3838
233	09	3670
233	10	3827
233	11	3412
233	12	3149
234	01	11
234	02	6
234	03	10
234	04	12
234	05	10
234	06	8
234	07	13
234	08	9
234	09	10
234	10	9
234	11	7
234	12	6
235		2
235	01	24576
235	02	23378
235	03	25596
235	04	24928
235	05	25046
235	06	22991
235	07	23926
235	08	25811
235	09	24696
235	10	25205
235	11	21132
235	12	18514
236		3
236	01	6731
236	02	6110
236	03	6662
236	04	6345
236	05	6473
236	06	5951
236	07	6103
236	08	6262
236	09	6045
236	10	6550
236	11	5590
236	12	4855
237	01	6
237	02	12
237	03	10
237	04	19
237	05	10
237	06	20
237	07	12
237	08	24
237	09	16
237	10	16
237	11	17
237	12	6
238		1
238	01	230
238	02	196
238	03	250
238	04	214
238	05	201
238	06	180
238	07	223
238	08	230
238	09	226
238	10	233
238	11	238
238	12	223
340		7
340	01	3131
340	02	2684
340	03	3064
340	04	2781
340	05	2553
340	06	2641
340	07	2619
340	08	2620
340	09	2554
340	10	2661
340	11	2360
340	12	2382
341		116
341	01	63931
341	02	53993
341	03	63926
341	04	64697
341	05	71724
341	06	72043
341	07	76266
341	08	76471
341	09	72246
341	10	73095
341	11	66959
341	12	67041
342	01	67
342	02	37
342	03	68
342	04	82
342	05	80
342	06	93
342	07	103
342	08	109
342	09	77
342	10	81
342	11	65
342	12	46
343		2
343	01	1022
343	02	1045
343	03	1070
343	04	1062
343	05	1038
343	06	1050
343	07	969
343	08	1072
343	09	1065
343	10	1073
343	11	1041
343	12	1002
344		44
344	01	39939
344	02	36757
344	03	44041
344	04	43148
344	05	48885
344	06	47668
344	07	48450
344	08	46651
344	09	44202
344	10	43103
344	11	39826
344	12	38897
345	01	177
345	02	118
345	03	171
345	04	93
345	05	113
345	06	145
345	07	106
345	08	126
345	09	126
345	10	113
345	11	100
345	12	80
346	01	60
346	02	72
346	03	67
346	04	63
346	05	48
346	06	68
346	07	65
346	08	46
346	09	62
346	10	69
346	11	76
346	12	54
347		3
347	01	6190
347	02	6257
347	03	7110
347	04	6517
347	05	6500
347	06	5472
347	07	5738
347	08	6085
347	09	5670
347	10	6432
347	11	6210
347	12	5549
348		10
348	01	4584
348	02	4454
348	03	5064
348	04	4911
348	05	5306
348	06	5076
348	07	4943
348	08	5076
348	09	4937
348	10	5176
348	11	4793
348	12	4812
349	01	1
349	02	2
349	03	5
349	04	10
349	05	3
349	06	3
349	07	5
349	08	1
349	09	6
349	10	4
349	11	5
349	12	2
350	01	65
350	02	94
350	03	100
350	04	135
350	05	194
350	06	212
350	07	223
350	08	278
350	09	238
350	10	188
350	11	103
350	12	72
351		81
351	01	35977
351	02	30211
351	03	36740
351	04	36922
351	05	38079
351	06	38220
351	07	38954
351	08	38798
351	09	35552
351	10	37826
351	11	33552
351	12	32456
352		1
352	01	7458
352	02	7092
352	03	7086
352	04	6025
352	05	5468
352	06	4630
352	07	4310
352	08	4491
352	09	4369
352	10	5295
352	11	5208
352	12	5116
353		4
353	01	1064
353	02	1002
353	03	1088
353	04	1091
353	05	1205
353	06	1167
353	07	1371
353	08	1358
353	09	1215
353	10	1157
353	11	1055
353	12	1049
354	01	6
354	02	8
354	03	6
354	04	6
354	05	8
354	06	5
354	07	9
354	08	8
354	09	8
354	10	11
354	11	8
354	12	12
355		2
355	01	863
355	02	739
355	03	983
355	04	1050
355	05	1177
355	06	1202
355	07	1619
355	08	1223
355	09	999
355	10	972
355	11	803
355	12	709
356	01	38
356	02	43
356	03	64
356	04	41
356	05	73
356	06	43
356	07	51
356	08	57
356	09	55
356	10	91
356	11	40
356	12	22
357	01	2
357	04	1
357	05	2
357	06	1
357	07	1
357	08	3
357	09	1
358	01	1453
358	02	1415
358	03	1675
358	04	1616
358	05	1552
358	06	1436
358	07	1428
358	08	1468
358	09	1350
358	10	1543
358	11	1459
358	12	1344
359		1
359	01	7475
359	02	7138
359	03	8862
359	04	8715
359	05	9244
359	06	8784
359	07	9063
359	08	8822
359	09	8671
359	10	8664
359	11	7577
359	12	7118
360	01	1311
360	02	1132
360	03	1388
360	04	1485
360	05	1627
360	06	1447
360	07	1409
360	08	1464
360	09	1385
360	10	1445
360	11	1024
360	12	947
361		54
361	01	24667
361	02	22104
361	03	25306
361	04	24521
361	05	24516
361	06	23774
361	07	23889
361	08	24187
361	09	23729
361	10	23243
361	11	21672
361	12	21440
362	01	1
362	08	2
363	01	24
363	02	14
363	03	35
363	04	29
363	05	53
363	06	180
363	07	333
363	08	27
363	09	30
363	10	28
363	11	28
363	12	29
364	01	504
364	02	470
364	03	533
364	04	511
364	05	525
364	06	533
364	07	567
364	08	530
364	09	490
364	10	507
364	11	425
364	12	399
365		3
365	01	846
365	02	736
365	03	764
365	04	761
365	05	828
365	06	848
365	07	878
365	08	958
365	09	882
365	10	884
365	11	778
365	12	773
366	01	4
366	02	3
366	03	4
366	04	3
366	05	4
366	06	3
366	07	7
366	08	4
366	09	3
366	10	4
366	11	5
366	12	1
455	01	5
455	02	2
455	03	7
455	04	7
455	05	7
455	06	6
455	07	1
455	08	1
455	09	3
455	10	7
455	11	7
455	12	6
460	03	7
460	04	1
460	05	1
460	06	2
460	09	2
460	11	2
460	12	1
571	01	9
571	02	8
571	03	4
571	04	20
571	05	19
571	06	25
571	07	20
571	08	44
571	09	22
571	10	11
571	11	11
571	12	14
572		1
572	01	68
572	02	67
572	03	64
572	04	68
572	05	95
572	06	64
572	07	63
572	08	64
572	09	71
572	10	76
572	11	78
572	12	50
577	03	1
577	04	1
577	07	1
578		89
578	01	47167
578	02	41723
578	03	49479
578	04	49280
578	05	54669
578	06	54627
578	07	54949
578	08	52908
578	09	54067
578	10	52545
578	11	47211
578	12	45427
672	01	1
672	02	1
672	03	2
672	04	2
672	05	1
672	06	2
672	07	6
672	09	1
672	10	2
672	11	1
672	12	1
675		1
675	01	111
675	02	110
675	03	121
675	04	117
675	05	121
675	06	116
675	07	158
675	08	145
675	09	135
675	10	121
675	11	102
675	12	92
676	01	5
676	02	4
676	03	1
676	05	1
676	06	2
676	07	3
676	08	4
676	09	3
676	11	4
676	12	4
677	01	18
677	02	13
677	03	26
677	04	21
677	05	16
677	06	25
677	07	28
677	08	26
677	09	22
677	10	18
677	11	15
677	12	11
678	01	732
678	02	722
678	03	746
678	04	703
678	05	747
678	06	696
678	07	854
678	08	754
678	09	687
678	10	665
678	11	613
678	12	557
685	01	1
685	02	1
685	03	1
685	05	1
685	06	2
685	07	1
685	08	1
685	09	2
685	10	4
685	11	3
685	12	1
881	01	3
881	04	1
881	05	1
881	06	1
881	07	1
881	08	1
881	10	1
881	11	1
881	12	3
