	
101	ASSAULT 3
104	VEHICULAR ASSAULT (INTOX DRIVE
105	STRANGULATION 1ST
106	ASSAULT 2,1,PEACE OFFICER
107	END WELFARE VULNERABLE ELDERLY PERSON
109	ASSAULT 2,1,UNCLASSIFIED
110	MENACING 1ST DEGREE (VICT PEAC
111	MENACING,PEACE OFFICER
112	MENACING 1ST DEGREE (VICT NOT
113	MENACING,UNCLASSIFIED
114	OBSTR BREATH/CIRCUL
115	RECKLESS ENDANGERMENT 2
117	RECKLESS ENDANGERMENT 1
119	PROMOTING SUICIDE ATTEMPT
121	HOMICIDE,NEGLIGENT,VEHICLE
122	HOMICIDE, NEGLIGENT, VEHICLE,
125	HOMICIDE,NEGLIGENT,UNCLASSIFIE
143	ABORTION 1
146	ABORTION 2, 1, SELF
148	ABORTIONAL ARTICLES,ISSUING
153	RAPE 3
155	RAPE 2
157	RAPE 1
159	RAPE 1,ATTEMPT
162	SODOMY,CONSENSUAL
164	SODOMY 3
166	SODOMY 2
168	SODOMY 1
170	SEXUAL MISCONDUCT,INTERCOURSE
174	SEXUAL MISCONDUCT,DEVIATE
175	SEXUAL ABUSE 3,2
176	SEX CRIMES
177	SEXUAL ABUSE
178	FAC. SEXUAL OFFENSE W/CONTROLL
179	AGGRAVATED SEXUAL ASBUSE
180	COURSE OF SEXUAL CONDUCT AGAIN
181	IMPRISONMENT 2,UNLAWFUL
183	IMPRISONMENT 1,UNLAWFUL
184	LABOR TRAFFICKING
185	KIDNAPPING 2
186	LURING A CHILD
187	KIDNAPPING 1
191	CUSTODIAL INTERFERENCE 2
193	CUSTODIAL INTERFERENCE 1
195	COERCION 2
197	COERCION 1
198	CRIMINAL CONTEMPT 1
199	AGGRAVATED CRIMINAL CONTEMPT
201	TRESPASS 4,CRIMINAL SUB 2
203	TRESPASS 3, CRIMINAL
204	TRESPASS 1,CRIMINAL
205	TRESPASS 2, CRIMINAL
209	BURGLARS TOOLS,UNCLASSIFIED
211	BURGLARY,COMMERCIAL,DAY
213	BURGLARY,COMMERCIAL,NIGHT
214	BURGLARY,COMMERCIAL,UNKNOWN TI
221	BURGLARY,RESIDENCE,DAY
223	BURGLARY,RESIDENCE,NIGHT
224	BURGLARY,RESIDENCE,UNKNOWN TIM
231	BURGLARY,TRUCK DAY
233	BURGLARY,TRUCK NIGHT
234	BURGLARY,UNKNOWN TIME
241	BURGLARY,UNCLASSIFIED,DAY
243	BURGLARY,UNCLASSIFIED,NIGHT
244	BURGLARY,UNCLASSIFIED,UNKNOWN
248	RADIO DEVICES,UNLAWFUL POSSESS
254	MISCHIEF, CRIMINAL 4, OF MOTOR
256	MISCHIEF, CRIMINAL 4, BY FIRE
258	CRIMINAL MISCHIEF 4TH, GRAFFIT
259	CRIMINAL MISCHIEF,UNCLASSIFIED 4
261	ARSON 1
263	ARSON 2,3,4
264	ARSON, MOTOR VEHICLE 1 2 3 & 4
265	MISCHIEF 1,CRIMINAL,EXPLOSIVE
266	MISCHIEF, CRIMINAL 3&2, BY FIR
267	MISCHIEF, CRIMINAL 3 & 2, OF M
268	CRIMINAL MIS 2 & 3
269	MISCHIEF,CRIMINAL,    UNCL 2ND
271	TAMPERING 3,2, CRIMINAL
273	TAMPERING 1,CRIMINAL
275	POSTING ADVERTISEMENTS
277	RECKLESS ENDANGERMENT OF PROPE
281	SOLICITATION 5,CRIMINAL
283	SOLICITATION 4, CRIMINAL
285	SOLICITATION 3,2,1, CRIMINAL
289	CONSPIRACY 6, 5
291	CONSPIRACY 4, 3
293	CONSPIRACY 2, 1
297	FACILITATION 4, CRIMINAL
299	FACILITATION 3,2,1, CRIMINAL
301	LARCENY,PETIT BY ACQUIRING LOS
303	LARCENY,PETIT BY CHECK USE
305	LARCENY,PETIT BY CREDIT CARD U
307	LARCENY,PETIT BY DISHONEST EMP
313	LARCENY,PETIT BY FALSE PROMISE
321	LARCENY,PETIT FROM AUTO
323	LARCENY,PETIT FROM BOAT
327	LARCENY,PETIT FROM PARKING MET
329	LARCENY,PETIT FROM COIN MACHIN
331	LARCENY,PETIT FROM PIER
333	LARCENY,PETIT FROM STORE-SHOPL
335	LARCENY,PETIT FROM TRUCK
338	LARCENY,PETIT FROM BUILDING,UN
339	LARCENY,PETIT FROM OPEN AREAS,
341	LARCENY,PETIT OF AUTO
342	LARCENY, PETIT OF AUTO - ATTEM
343	LARCENY,PETIT OF BICYCLE
344	PETIT LARCENY OF ANIMAL
345	LARCENY,PETIT OF BOAT
347	PETIT LARCENY-CHECK FROM MAILB
349	LARCENY,PETIT OF LICENSE PLATE
350	LARCENY, PETIT OF MOPED
351	LARCENY,PETIT OF MOTORCYCLE
355	LARCENY,PETIT OF TRUCK
357	LARCENY,PETIT OF VEHICLE ACCES
360	ROBBERY,ATM LOCATION
361	ROBBERY,BANK
363	ROBBERY,BAR/RESTAURANT
365	ROBBERY,LIQUOR STORE
366	ROBBERY,BICYCLE
367	ROBBERY, CHAIN STORE
371	ROBBERY,CHECK CASHING BUSINESS
373	ROBBERY,DOCTOR/DENTIST OFFICE
375	ROBBERY,PHARMACY
377	ROBBERY,BODEGA/CONVENIENCE STORE
379	ROBBERY,GAS STATION
380	ROBBERY,CAR JACKING
381	ROBBERY,HIJACKING
382	ROBBERY,NECKCHAIN/JEWELRY
384	ROBBERY,POCKETBOOK/CARRIED BAG
385	ROBBERY, PAYROLL
386	ROBBERY,PERSONAL ELECTRONIC DEVICE
387	ROBBERY,CLOTHING
388	ROBBERY,RESIDENTIAL COMMON AREA
389	ROBBERY,DWELLING
390	ROBBERY,HOME INVASION
391	ROBBERY,LICENSED MEDALLION CAB
392	ROBBERY,UNLICENSED FOR HIRE VEHICLE
393	ROBBERY,OF TRUCK DRIVER
394	ROBBERY,LICENSED FOR HIRE VEHICLE
395	ROBBERY,ON BUS/ OR BUS DRIVER
396	ROBBERY,BEGIN AS SHOPLIFTING
397	ROBBERY,OPEN AREA UNCLASSIFIED
398	ROBBERY,PUBLIC PLACE INSIDE
399	ROBBERY,COMMERCIAL UNCLASSIFIED
401	LARCENY,GRAND BY ACQUIRING LOS
402	LARCENY,GRAND BY FALSE PROMISE-NOT IN PERSON CONTACT
403	LARCENY,GRAND BY BANK ACCT COMPROMISE-REPRODUCED CHECK
404	LARCENY,GRAND FROM PERSON,PERSONAL ELECTRONIC DEVICE(SNATCH)
405	LARCENY,GRAND BY THEFT OF CREDIT CARD
406	LARCENY,GRAND FROM PERSON, BAG OPEN/DIP
407	LARCENY,GRAND BY DISHONEST EMP
408	LARCENY,GRAND FROM PERSON,LUSH WORKER(SLEEPING/UNCON VICTIM)
409	LARCENY,GRAND BY EXTORTION
410	LARCENY,GRAND FROM RETAIL STORE, UNATTENDED
411	LARCENY,GRAND FROM EATERY, UNATTENDED
412	LARCENY,GRAND FROM RESIDENCE, UNATTENDED
413	LARCENY,GRAND BY FALSE PROMISE
414	LARCENY,GRAND PERSON,NECK CHAI
415	LARCENY,GRAND FROM PERSON,PICK
416	LARCENY,GRAND FROM NIGHT CLUB, UNATTENDED
417	LARCENY,GRAND FROM PERSON,PURS
418	LARCENY,GRAND BY ACQUIRING LOST CREDIT CARD
419	LARCENY,GRAND FROM PERSON,UNCL
420	LARCENY,GRAND BY OPEN/COMPROMISE CELL PHONE ACCT
421	LARCENY,GRAND FROM VEHICLE/MOTORCYCLE
422	LARCENY,GRAND BY OPEN CREDIT CARD (NEW ACCT)
423	LARCENY,GRAND FROM BOAT, UNATTENDED
424	LARCENY,GRAND BY CREDIT CARD ACCT COMPROMISE-EXISTING ACCT
425	LARCENY,GRAND BY BANK ACCT COMPROMISE-ATM TRANSACTION
426	LARCENY,GRAND BY BANK ACCT COMPROMISE-TELLER
427	LARCENY,GRAND FROM PARKING MET
428	LARCENY,GRAND BY BANK ACCT COMPROMISE-UNAUTHORIZED PURCHASE
429	LARCENY,GRAND FROM COIN MACHIN
430	LARCENY,GRAND BY BANK ACCT COMPROMISE-UNCLASSIFIED
431	LARCENY,GRAND FROM PIER, UNATTENDED
432	LARCENY,GRAND BY IDENTITY THEFT-UNCLASSIFIED
433	LARCENY,GRAND FROM STORE-SHOPL
434	LARCENY,GRAND BY OPEN BANK ACCT
435	LARCENY,GRAND FROM TRUCK, UNATTENDED
436	LARCENY,GRAND BY CREDIT CARD COMPROMISE-UNAUTHORIZE PURCHASE
437	LARCENY,GRAND BY FALSE PROMISE-IN PERSON CONTACT
438	LARCENY,GRAND FROM BUILDING (NON-RESIDENCE) UNATTENDED
439	LARCENY,GRAND FROM OPEN AREAS, UNATTENDED
441	LARCENY,GRAND OF AUTO
442	LARCENY, GRAND OF AUTO - ATTEM
443	LARCENY,GRAND OF BICYCLE
445	LARCENY,GRAND OF BOAT
447	GRAND LARCENY-CHECK FROM MAILB
450	LARCENY, GRAND OF MOPED
451	LARCENY,GRAND OF MOTORCYCLE
455	LARCENY,GRAND OF TRUCK
457	LARCENY,GRAND OF VEHICULAR/MOTORCYCLE ACCESSORIES
461	UNAUTHORIZED USE VEHICLE 2
462	UNAUTHORIZED USE VEHICLE 3
464	JOSTLING
466	ACCOSTING,FRAUDULENT
468	FORTUNE TELLING
475	UNAUTH. SALE OF TRANS. SERVICE
476	CREDIT CARD,UNLAWFUL USE OF
477	THEFT OF SERVICES- CABLE TV SE
478	THEFT OF SERVICES, UNCLASSIFIE
479	THEFT,RELATED OFFENSES,UNCLASS
489	THEFT,RELATED OFFENSES,UNCLASS
490	STOLEN PROPERTY 3,POSSESSION
491	STOLEN PROP-MOTOR VEHICLE 3RD,
493	STOLEN PROPERTY-MOTOR VEH 2ND,
494	STOLEN PROPERTY 2,1,POSSESSION
498	STOLEN PROPERTY 2,POSSESSION B
500	CONTROLLED SUBSTANCE,POSSESS.
501	CONTROLLED SUBSTANCE,POSSESS.
502	CONTROLLED SUBSTANCE,POSSESS.
503	CONTROLLED SUBSTANCE,INTENT TO
505	CONTROLLED SUBSTANCE, POSSESSI
507	CONTROLLED SUBSTANCE, POSSESSI
508	DRUG PARAPHERNALIA,   POSSESSE
509	POSSESSION HYPODERMIC INSTRUME
510	CONTROLLED SUBSTANCE, INTENT T
511	CONTROLLED SUBSTANCE, POSSESSI
512	CONTROLLED SUBSTANCE,SALE 1
513	POSS METH MANUFACT MATERIAL
514	CONTROLLED SUBSTANCE,SALE 2
515	CONTROLLED SUBSTANCE,SALE 3
519	SALE SCHOOL GROUNDS 4
520	CONTROLLED SUBSTANCE, SALE 4
521	CONTROLLED SUBSTANCE, SALE 5
522	USE CHILD TO COMMIT CONT SUB OFF
523	SALE SCHOOL GROUNDS
524	CONTROLLED SUBSTANCE,POSSESS.-
529	SALES OF PRESCRIPTION
530	DRUG, INJECTION OF
531	DRUG PARAPHERNALIA,   POSSESSE
532	CONTROLLED SUBSTANCE,POSSESS.
533	GAMBLING 2, PROMOTING, BOOKMAK
537	GAMBLING 2, PROMOTING, POLICY-
544	GAMBLING 2,PROMOTING,UNCLASSIF
548	GAMBLING, DEVICE, POSSESSION
553	GAMBLING 1,PROMOTING,BOOKMAKIN
557	GAMBLING 1,PROMOTING,POLICY
561	PROSTITUTION, PATRONIZING 2, 1
563	PROSTITUTION
565	PROSTITUTION, PATRONIZING 4, 3
566	MARIJUANA, POSSESSION
567	MARIJUANA, POSSESSION 4 & 5
568	MARIJUANA, POSSESSION 1, 2 & 3
569	MARIJUANA, SALE 4 & 5
570	MARIJUANA, SALE 1, 2 & 3
574	PROSTITUTION,PERMITTING
576	PROSTITUTION 4,PROMOTING&SECUR
584	PROSTITUTION 3, PROMOTING UNDE
585	PROSTITUTION 3,PROMOTING BUSIN
586	SEX TRAFFICKING
587	PROSTITUTION 2, COMPULSORY
588	PROSTITUTION 2, UNDER 16
589	PROSTITUTION 1, UNDER 11
591	OBSCENITY, PERFORMANCE 3
593	OBSCENITY, MATERIAL 3
594	OBSCENITY 1
595	UNLAWFUL POSS. WEAPON UPON SCH
596	OBSCENE MATERIAL - UNDER 17 YE
602	LOITERING,DEVIATE SEX
604	LOITERING 1ST DEGREE FOR DRUG
605	LOITERING TO PROMOTE PROSTITUT
610	LOITERING,GAMBLING,OTHER
614	LOITERING,SCHOOL
618	LOITERING FOR PROSTITUTION OR
619	LOITERING,UNCLASSIFIED
622	UNDER THE INFLUENCE OF DRUGS
625	DISORDERLY CONDUCT
627	DIS. CON.,AGGRAVATED
633	EXPOSURE OF A PERSON
637	HARASSMENT,SUBD 1,CIVILIAN
638	HARASSMENT,SUBD 3,4,5
639	AGGRAVATED HARASSMENT 2
640	AGGRAVATED HARASSMENT 1
641	HEALTHCARE/RENT.REG.
643	ASSEMBLY,UNLAWFUL
644	FALSE REPORT 1,FIRE
645	FALSE ALARM FIRE
646	DISSEMINATING A FALSE SEX OFFEND
647	FALSE REPORT BOMB
648	PLACE FALSE BOMB
649	FALSE REPORT UNCLASSIFIED
652	RIOT 2/INCITING
659	NUISANCE,CRIMINAL,UNCLASSIFIED
661	LEWDNESS,PUBLIC
662	MATERIAL              OFFENSIV
663	SUPP. ACT TERR 2ND
664	TERRORISM PROVIDE SUPPORT
665	MAKING TERRORISTIC THREAT
669	PRIVACY,OFFENSES AGAINST,UNCLA
672	RIOT 1
674	EAVESDROPPING
678	ANARCHY,CRIMINAL
681	CHILD, ENDANGERING WELFARE
683	CHILD,ALCOHOL SALE TO
685	CHILD,LICENSED PREMISES
687	CHILD,OFFENSES AGAINST,UNCLASS
688	INCOMPETENT PERSON,RECKLESSY ENDANGERING
689	MARRIAGE,OFFENSES AGAINST,UNCL
691	BIGAMY
693	INCEST
694	INCEST
695	CHILD ABANDONMENT
696	PROMOTING A SEXUAL PERFORMANCE
697	USE OF A CHILD IN A SEXUAL PER
698	INCOMPETENT PERSON,KNOWINGLY ENDANGERING
701	BRIBERY,COMMERCIAL
703	CHECK,BAD
705	FORGERY,ETC.-MISD.
706	RECORDS,FALSIFY-TAMPER
707	IMPERSONATION 2, PUBLIC SERVAN
708	IMPERSONATION 1, POLICE OFFICE
711	TAMPERING WITH A WITNESS
715	POSSESSION ANTI-SECURITY ITEM
718	FRAUD,UNCLASSIFIED-MISDEMEANOR
719	FRAUD,UNCLASSIFIED-MISDEMEANOR
721	BRIBERY,FRAUD
723	FORGERY,DRIVERS LICENSE
724	FORGERY-ILLEGAL POSSESSION,VEH
725	FORGERY,M.V. REGISTRATION
727	FORGERY,PRESCRIPTION
729	FORGERY,ETC.,UNCLASSIFIED-FELO
730	MANUFACTURE UNAUTHORIZED RECOR
731	SALE OF UNAUTHORIZED RECORDING
733	ENTERPRISE CORRUPTION
737	USURY,CRIMINAL
739	FRAUD,UNCLASSIFIED-FELONY
742	ESCAPE 3
744	BAIL JUMPING 3
746	PERJURY 3,ETC.
748	CONTEMPT,CRIMINAL
749	VIOLATION OF ORDER OF PROTECTI
750	RESISTING ARREST
754	APPEARANCE TICKET FAIL TO RESP
756	ABSCONDING FROM WORK RELEASE 2
759	PUBLIC ADMINISTATION,UNCLASS M
760	BRIBERY,PUBLIC ADMINISTRATION
761	BRIBERY, POLICE OFFICER
762	ESCAPE 2,1
764	BAIL JUMPING 1 & 2
766	PERJURY 2,1,ETC
770	COMPUTER UNAUTH. USE/TAMPER
772	COMPUTER TAMPER/TRESSPASS
775	MONEY LAUNDERING 1 & 2
779	PUBLIC ADMINISTRATION,UNCLASSI
780	NUISANCE, CRIMINAL
781	CRIMINAL DISPOSAL FIREARM 1 &
782	WEAPONS, POSSESSION, ETC
784	WEAPONS,MFR,TRANSPORT,ETC.
786	WEAPONS,PROHIBITED USE
787	WEAPONS,PROHIBITED USE IMITATI
788	FIREWORKS, SALE
789	FIREWORKS, POSSESS/USE
792	WEAPONS POSSESSION 1 & 2
793	WEAPONS POSSESSION 3
796	WEAPONS,PROHIBITED USE
797	WOUNDS,REPORTING OF
799	PUBLIC SAFETY,UNCLASSIFIED MIS
802	ALCOHOLIC BEVERAGE CONTROL LAW
803	A.B.C.,FALSE PROOF OF AGE
808	TAX LAW
809	TAX LAW
811	DOG STEALING
812	AGRICULTURE & MARKETS LAW,UNCL
814	ATTEND/SPECTATOR ANIMAL FIGHTING
815	NEGLECT/POISON ANIMAL
817	TORTURE/INJURE ANIMAL CRUELTY
818	ABANDON ANIMAL
819	EDUCATION LAW,STREET TRADE
820	EDUCATION LAW, TRUANCY
821	EDUCATION LAW,UNCLASSIFIED
822	EDUCATION LAW
826	GENERAL BUSINESS LAW,TICKET SP
827	GENERAL BUSINESS LAW / UNCLASSIFIED
829	LABOR LAW,EMPLOYING CHILDREN
836	NAVIGATION LAW
839	PUBLIC HEALTH LAW,GLUE,INHALAT
840	PUBLIC HEALTH LAW,GLUE,UNLAWFU
841	PUBLIC HEALTH LAW,UNCLASSIFIED
843	INAPPROPIATE SHELTER DOG LEFT
844	CAUSE SPI/KILL ANIMAL
845	BREED/TRAIN/HOST ANIMAL FIGHTING
846	CONFINING ANIMAL IN VEHICLE/SHELTER
847	NY STATE LAWS,UNCLASSIFIED FEL
848	NY STATE LAWS,UNCLASSIFIED MIS
849	NY STATE LAWS,UNCLASSIFIED VIO
853	CIGARETTE,NO TAX STAMP,POSSESS
858	IMITATION PISTOL/AIR RIFLE
860	AIR POLLUTION-MOTOR VEH (ADM C
861	AIRPOLLUTION
862	ALCOHOLIC BEVERAGES,PUBLIC CON
864	BUILDING MATERIAL
866	FIREWORKS
868	GYPSY CAB
872	NOISE,UNECESSARY
874	PEDDLING,UNLAWFUL
878	ADM.CODE,UNCLASSIFIED MISDEMEA
879	ADM.CODE,UNCLASSIFIED VIOLATIO
880	POSSES OR CARRY A KNIFE
885	SMOKING TRANSPORTATION FACILIT
887	GRAFFITI (ADMINISTRATIVE CODE-
888	HEALTH CODE,UNCLASSIFIED MISDE
889	HEALTH CODE,VIOLATION
890	N.Y.C. TRANSIT AUTH. R&R
892	PARK R&R,GAMBLING
899	PARKR&R,UNCLASSIFIED VIOLATION
904	INTOXICATED DRIVING,ALCOHOL
905	INTOXICATED DRIVING,ALCOHOL
907	IMPAIRED DRIVING,DRUG
916	LEAVING SCENE-ACCIDENT-PERSONA
918	RECKLESS DRIVING
922	TRAFFIC,UNCLASSIFIED MISDEMEAN
969	TRAFFIC,UNCLASSIFIED INFRACTIO
975	ENVIRONMENTAL CONTROL BOARD
