PARK/PLAYGROUND		54572
PARK/PLAYGROUND	"UNCLE" VITO E. MARANZANO GLENDALE PLAYGROUND	1
PARK/PLAYGROUND	100% PLAYGROUND	5
PARK/PLAYGROUND	ABE LEBEWOHL PARK	2
PARK/PLAYGROUND	ABIGAIL PLAYGROUND	1
PARK/PLAYGROUND	ABINGDON SQUARE	1
PARK/PLAYGROUND	ADAM CLAYTON POWELL JR. MALLS	1
PARK/PLAYGROUND	ADAM YAUCH PARK	1
PARK/PLAYGROUND	ADMIRAL FARRAGUT PLAYGROUND	3
PARK/PLAYGROUND	AGNES HAYWOOD PLAYGROUND	3
PARK/PLAYGROUND	AHEARN PARK	1
PARK/PLAYGROUND	ALBEMARLE PLAYGROUND	1
PARK/PLAYGROUND	ALBEN TRIANGLE	1
PARK/PLAYGROUND	ALBERT J. PARHAM PLAYGROUND	1
PARK/PLAYGROUND	ALEXANDER HAMILTON PLAYGROUND	1
PARK/PLAYGROUND	ALICE AUSTEN PARK	1
PARK/PLAYGROUND	ALICE KORNEGAY TRIANGLE	5
PARK/PLAYGROUND	ALLEN MALL ONE	4
PARK/PLAYGROUND	ALLERTON PLAYGROUND	4
PARK/PLAYGROUND	ALLEY PARK	2
PARK/PLAYGROUND	ALLEY POND PARK	10
PARK/PLAYGROUND	ALMEDA PLAYGROUND	4
PARK/PLAYGROUND	AMERICAN PLAYGROUND	2
PARK/PLAYGROUND	AMERICAN TRIANGLE	1
PARK/PLAYGROUND	AMERSFORT PARK	14
PARK/PLAYGROUND	ANDREWS GROVE	1
PARK/PLAYGROUND	ANIBAL AVILES PLAYGROUND	1
PARK/PLAYGROUND	ANNADALE PLAYGROUND	1
PARK/PLAYGROUND	ANNUNCIATION PARK	1
PARK/PLAYGROUND	AQUEDUCT WALK	29
PARK/PLAYGROUND	ARCILLA PLAYGROUND	9
PARK/PLAYGROUND	ARROCHAR PLAYGROUND	1
PARK/PLAYGROUND	ASPHALT GREEN	3
PARK/PLAYGROUND	ASSER LEVY PARK	8
PARK/PLAYGROUND	ASSER LEVY PLAYGROUND	6
PARK/PLAYGROUND	ASTORIA HEIGHTS PLAYGROUND	9
PARK/PLAYGROUND	ASTORIA PARK	22
PARK/PLAYGROUND	ATHENS SQUARE	1
PARK/PLAYGROUND	AUDUBON PLAYGROUND	1
PARK/PLAYGROUND	BAILEY PLAYGROUND	1
PARK/PLAYGROUND	BAISLEY POND PARK	32
PARK/PLAYGROUND	BARRETTO PARK	1
PARK/PLAYGROUND	BARTEL-PRITCHARD SQUARE	1
PARK/PLAYGROUND	BARTLETT PLAYGROUND	5
PARK/PLAYGROUND	BATH BEACH PARK	9
PARK/PLAYGROUND	BATHGATE PLAYGROUND	4
PARK/PLAYGROUND	BATTERY PARK	36
PARK/PLAYGROUND	BATTERY PARK CITY	24
PARK/PLAYGROUND	BAY TERRACE PLAYGROUND	1
PARK/PLAYGROUND	BAYSWATER PARK	2
PARK/PLAYGROUND	BAYVIEW PLAYGROUND	2
PARK/PLAYGROUND	BEACH 30TH STREET PLAYGROUND	1
PARK/PLAYGROUND	BEACH 9 PLAYGROUND	4
PARK/PLAYGROUND	BEACH CHANNEL PLAYGROUND	1
PARK/PLAYGROUND	BEANSTALK PLAYGROUND	2
PARK/PLAYGROUND	BEDFORD PLAYGROUND	2
PARK/PLAYGROUND	BEHAGEN PLAYGROUND	5
PARK/PLAYGROUND	BELLAIRE PLAYGROUND	1
PARK/PLAYGROUND	BELLEVUE SOUTH PARK	3
PARK/PLAYGROUND	BELMONT PLAYGROUND BRONX	9
PARK/PLAYGROUND	BELMONT PLAYGROUND BROOKLYN	3
PARK/PLAYGROUND	BELT PARKWAY/SHORE PARKWAY	7
PARK/PLAYGROUND	BENNETT PARK	3
PARK/PLAYGROUND	BENNINGER PLAYGROUND	1
PARK/PLAYGROUND	BENSON PLAYGROUND	1
PARK/PLAYGROUND	BENSONHURST PARK	5
PARK/PLAYGROUND	BERGEN BEACH PLAYGROUND	1
PARK/PLAYGROUND	BETSY HEAD PARK	20
PARK/PLAYGROUND	BICENTENNIAL VETERANS MEMORIAL PARK	1
PARK/PLAYGROUND	BIG BUSH PARK	1
PARK/PLAYGROUND	BILDERSEE PLAYGROUND	2
PARK/PLAYGROUND	BILL BOJANGLES ROBINSON PLAYGROUND	2
PARK/PLAYGROUND	BILL BROWN PLAYGROUND	4
PARK/PLAYGROUND	BLAKE HOBBS PLAYGROUND	1
PARK/PLAYGROUND	BLAND PLAYGROUND	1
PARK/PLAYGROUND	BLOOMINGDALE PARK	3
PARK/PLAYGROUND	BOERUM PARK	1
PARK/PLAYGROUND	BOOKER T. WASHINGTON PLAYGROUND	7
PARK/PLAYGROUND	BOWLING GREEN	1
PARK/PLAYGROUND	BOWNE PARK	15
PARK/PLAYGROUND	BOWNE PLAYGROUND	7
PARK/PLAYGROUND	BRADHURST URBAN RENEWAL PARK	2
PARK/PLAYGROUND	BREININGER PARK	3
PARK/PLAYGROUND	BRIDGE PARK 3	1
PARK/PLAYGROUND	BRIDGE PARK BROOKLYN	10
PARK/PLAYGROUND	BRIDGE PLAYGROUND	1
PARK/PLAYGROUND	BRIGHTON PLAYGROUND	1
PARK/PLAYGROUND	BRIZZI PLAYGROUND	1
PARK/PLAYGROUND	BRONX PARK	43
PARK/PLAYGROUND	BRONX RIVER PARKWAY	12
PARK/PLAYGROUND	BROOKLYN BOTANIC GARDEN	3
PARK/PLAYGROUND	BROOKLYN BRIDGE PARK	37
PARK/PLAYGROUND	BROOKVILLE PARK	8
PARK/PLAYGROUND	BROWER PARK	13
PARK/PLAYGROUND	BROWNSVILLE PLAYGROUND	2
PARK/PLAYGROUND	BRUST PARK	1
PARK/PLAYGROUND	BRYAN PARK	1
PARK/PLAYGROUND	BRYANT PARK	63
PARK/PLAYGROUND	BRYANT TRIANGLE	1
PARK/PLAYGROUND	BUFANO PARK	5
PARK/PLAYGROUND	BULOVA PARK	1
PARK/PLAYGROUND	BUSHWICK INLET PARK	7
PARK/PLAYGROUND	BUSHWICK PLAYGROUND ON FLUSHING AVENUE	1
PARK/PLAYGROUND	BUSHWICK PLAYGROUND ON KNICKERBOCKER AVENUE	8
PARK/PLAYGROUND	CADMAN PLAZA PARK	5
PARK/PLAYGROUND	CALLAHAN-KELLY PLAYGROUND	7
PARK/PLAYGROUND	CALVERT VAUX PARK	22
PARK/PLAYGROUND	CAMBRIA PLAYGROUND	2
PARK/PLAYGROUND	CANARSIE PARK	11
PARK/PLAYGROUND	CAPTAIN DERMODY TRIANGLE	1
PARK/PLAYGROUND	CAPTAIN JACOB JOSEPH PLAYGROUND	1
PARK/PLAYGROUND	CAPTAIN RIVERA PLAYGROUND	12
PARK/PLAYGROUND	CAPTAIN TILLY PARK	12
PARK/PLAYGROUND	CARL SCHURZ PARK	15
PARK/PLAYGROUND	CARMANSVILLE PLAYGROUND	3
PARK/PLAYGROUND	CARROLL PARK	9
PARK/PLAYGROUND	CARVER PLAYGROUND	3
PARK/PLAYGROUND	CASERTA PLAYGROUND	3
PARK/PLAYGROUND	CASTLE HILL PARK	2
PARK/PLAYGROUND	CASTLE HILL PLAYGROUND	1
PARK/PLAYGROUND	CATHERINE SLIP MALLS	2
PARK/PLAYGROUND	CEDAR PLAYGROUND	1
PARK/PLAYGROUND	CENTRAL PARK	492
PARK/PLAYGROUND	CENTREVILLE PLAYGROUND	2
PARK/PLAYGROUND	CENTURY PLAYGROUND	1
PARK/PLAYGROUND	CHALLENGE PLAYGROUND	1
PARK/PLAYGROUND	CHELSEA PARK	25
PARK/PLAYGROUND	CHELSEA RECREATION CENTER	2
PARK/PLAYGROUND	CHERRY CLINTON PLAYGROUND	1
PARK/PLAYGROUND	CHERRY TREE PARK	2
PARK/PLAYGROUND	CHESTER PLAYGROUND	7
PARK/PLAYGROUND	CHIARANTANO PLAYGROUND	1
PARK/PLAYGROUND	CHIEF DENNIS L. DEVLIN PARK	8
PARK/PLAYGROUND	CHRISTOPHER PARK	2
PARK/PLAYGROUND	CICCARONE PARK	1
PARK/PLAYGROUND	CITY HALL PARK	3
PARK/PLAYGROUND	CITY ISLAND WETLANDS	1
PARK/PLAYGROUND	CITY LINE PARK	5
PARK/PLAYGROUND	CLAREMONT NEIGHBORHOOD GARDEN	1
PARK/PLAYGROUND	CLAREMONT PARK	126
PARK/PLAYGROUND	CLARK PLAYGROUND	1
PARK/PLAYGROUND	CLASSON PLAYGROUND AT CLASSON AVENUE & LAFAYETTE AVENUE	3
PARK/PLAYGROUND	CLINTON COMMUNITY GARDEN	1
PARK/PLAYGROUND	CLINTONVILLE PLAYGROUND	2
PARK/PLAYGROUND	CLOVE LAKES PARK	8
PARK/PLAYGROUND	COBBLE HILL PARK	1
PARK/PLAYGROUND	COFFEY PARK	2
PARK/PLAYGROUND	COL. YOUNG PLAYGROUND	11
PARK/PLAYGROUND	COLDEN PLAYGROUND	2
PARK/PLAYGROUND	COLEMAN PLAYGROUND	16
PARK/PLAYGROUND	COLGATE CLOSE	1
PARK/PLAYGROUND	COLLECT POND PARK	1
PARK/PLAYGROUND	COLLEGE POINT FIELDS	1
PARK/PLAYGROUND	COLLEGE POINT PARK	3
PARK/PLAYGROUND	COLONEL CHARLES YOUNG TRIANGLE	3
PARK/PLAYGROUND	COLONEL DAVID MARCUS PLAYGROUND	2
PARK/PLAYGROUND	COLUCCI PLAYGROUND	3
PARK/PLAYGROUND	COLUMBUS PARK AT MANHATTAN	14
PARK/PLAYGROUND	COMMODORE BARRY PARK	12
PARK/PLAYGROUND	CONCRETE PLANT PARK	17
PARK/PLAYGROUND	CONEY ISLAND BEACH & BOARDWALK	38
PARK/PLAYGROUND	CONEY ISLAND BOAT BASIN	1
PARK/PLAYGROUND	CONEY ISLAND CREEK PARK	3
PARK/PLAYGROUND	CONFERENCE HOUSE PARK	4
PARK/PLAYGROUND	COOPER PARK	5
PARK/PLAYGROUND	CORLEARS HOOK PARK	1
PARK/PLAYGROUND	CORONA GOLF PLAYGROUND	6
PARK/PLAYGROUND	CORONA MAC PARK	2
PARK/PLAYGROUND	CORPORAL JOHN A. SERAVALLI PLAYGROUND	2
PARK/PLAYGROUND	CORPORAL WILTSHIRE SQUARE	1
PARK/PLAYGROUND	COURTNEY CALLENDER PLAYGROUND	2
PARK/PLAYGROUND	CPL. THOMPSON PARK	7
PARK/PLAYGROUND	CRACK IS WACK PLAYGROUND	4
PARK/PLAYGROUND	CRISPUS ATTUCKS PLAYGROUND	3
PARK/PLAYGROUND	CROCHERON PARK	3
PARK/PLAYGROUND	CROTONA PARK	86
PARK/PLAYGROUND	CROTONA PARKWAY MALLS	3
PARK/PLAYGROUND	CROWLEY PLAYGROUND	5
PARK/PLAYGROUND	CUNNINGHAM PARK	3
PARK/PLAYGROUND	CURTIS PLAYGROUND	1
PARK/PLAYGROUND	CYPRESS HILLS PLAYGROUND	3
PARK/PLAYGROUND	D'AURIA-MURPHY TRIANGLE	1
PARK/PLAYGROUND	D'EMIC PLAYGROUND	1
PARK/PLAYGROUND	DANIEL M. O'CONNELL PLAYGROUND	6
PARK/PLAYGROUND	DANTE PARK	1
PARK/PLAYGROUND	DAVIDSON PLAYGROUND	1
PARK/PLAYGROUND	DAWSON PLAYGROUND	4
PARK/PLAYGROUND	DE COLORES COMMUNITY YARD AND CULTURAL CENTER	1
PARK/PLAYGROUND	DE HOSTOS PLAYGROUND	6
PARK/PLAYGROUND	DE MATTI PLAYGROUND	2
PARK/PLAYGROUND	DE WITT CLINTON PARK	7
PARK/PLAYGROUND	DEAN PLAYGROUND	5
PARK/PLAYGROUND	DECATUR PLAYGROUND	2
PARK/PLAYGROUND	DETECTIVE JOSEPH MAYROSE PARK	2
PARK/PLAYGROUND	DETECTIVE KEITH L WILLIAMS PARK	7
PARK/PLAYGROUND	DETECTIVE WILLIAM T. GUNN PARK	1
PARK/PLAYGROUND	DEVANNEY TRIANGLE	3
PARK/PLAYGROUND	DEVOE PARK	17
PARK/PLAYGROUND	DI GILIO PLAYGROUND	2
PARK/PLAYGROUND	DITMARS PARK	6
PARK/PLAYGROUND	DODGER PLAYGROUND	2
PARK/PLAYGROUND	DOME PLAYGROUND	2
PARK/PLAYGROUND	DONGAN PLAYGROUND	2
PARK/PLAYGROUND	DOUGHBOY PLAZA	4
PARK/PLAYGROUND	DOWNING STREET PLAYGROUND	2
PARK/PLAYGROUND	DR. CHARLES R. DREW PARK	1
PARK/PLAYGROUND	DR. GERTRUDE B. KELLY PLAYGROUND	2
PARK/PLAYGROUND	DR. RONALD E. MCNAIR PLAYGROUND	8
PARK/PLAYGROUND	DR. RONALD MCNAIR PARK	1
PARK/PLAYGROUND	DREW PLAYGROUND	4
PARK/PLAYGROUND	DRUMM TRIANGLE	1
PARK/PLAYGROUND	DUANE PARK	1
PARK/PLAYGROUND	DUGAN PLAYGROUND	2
PARK/PLAYGROUND	DUKE PARK	1
PARK/PLAYGROUND	DUNBAR PLAYGROUND	2
PARK/PLAYGROUND	DUTCH KILLS PLAYGROUND	11
PARK/PLAYGROUND	DWYER SQUARE	1
PARK/PLAYGROUND	DYCKMAN HOUSE MUSEUM	1
PARK/PLAYGROUND	DYKER BEACH PARK	24
PARK/PLAYGROUND	EACH ONE TEACH ONE	1
PARK/PLAYGROUND	EAGLE SLOPE	1
PARK/PLAYGROUND	EAST ELMHURST PLAYGROUND	4
PARK/PLAYGROUND	EAST RIVER ESPLANADE AT E 36TH ST AND FDR	1
PARK/PLAYGROUND	EAST RIVER ESPLANADE E 90TH ST TO E 125TH ST	2
PARK/PLAYGROUND	EAST RIVER PARK	59
PARK/PLAYGROUND	EAST RIVER PLAYGROUND	4
PARK/PLAYGROUND	EAST RIVER WALK	1
PARK/PLAYGROUND	EAST RIVER WATERFRONT ESPLANADE	5
PARK/PLAYGROUND	EASTERN PARKWAY	4
PARK/PLAYGROUND	ECHO TRIANGLE	16
PARK/PLAYGROUND	EDMONDS PLAYGROUND	2
PARK/PLAYGROUND	EHRENREICH-AUSTIN PLAYGROUND	1
PARK/PLAYGROUND	ELEANOR ROOSEVELT PLAYGROUND	1
PARK/PLAYGROUND	ELMHURST PARK	9
PARK/PLAYGROUND	ELTON PLAYGROUND	17
PARK/PLAYGROUND	EMERALD PLAYGROUND	1
PARK/PLAYGROUND	ENNIS PLAYGROUND	3
PARK/PLAYGROUND	EPIPHANY PLAYGROUND	4
PARK/PLAYGROUND	EQUITY PARK	7
PARK/PLAYGROUND	ESTELLA DIGGS PARK	5
PARK/PLAYGROUND	ETHAN ALLEN PLAYGROUND	1
PARK/PLAYGROUND	EVERGREEN PARK	3
PARK/PLAYGROUND	EVERGREEN PLAYGROUND	1
PARK/PLAYGROUND	EWEN PARK	20
PARK/PLAYGROUND	FABER POOL AND PARK	2
PARK/PLAYGROUND	FAIRMOUNT PLAYGROUND	9
PARK/PLAYGROUND	FATHER DUFFY SQUARE	2
PARK/PLAYGROUND	FERMI PLAYGROUND	1
PARK/PLAYGROUND	FERRY POINT PARK	14
PARK/PLAYGROUND	FIRST PARK	2
PARK/PLAYGROUND	FISH PLAYGROUND	5
PARK/PLAYGROUND	FLOYD PATTERSON BALLFIELDS	2
PARK/PLAYGROUND	FLUSHING FIELDS	2
PARK/PLAYGROUND	FLUSHING MEADOWS CORONA PARK	166
PARK/PLAYGROUND	FLYNN PLAYGROUND	4
PARK/PLAYGROUND	FOREST PARK	24
PARK/PLAYGROUND	FORT GREENE PARK	43
PARK/PLAYGROUND	FORT HAMILTON ATHLETIC FIELD	4
PARK/PLAYGROUND	FORT INDEPENDENCE PLAYGROUND	1
PARK/PLAYGROUND	FORT TOTTEN PARK	1
PARK/PLAYGROUND	FORT TRYON PARK	35
PARK/PLAYGROUND	FORT WASHINGTON PARK	19
PARK/PLAYGROUND	FOUNTAIN OF YOUTH PLAYGROUND	2
PARK/PLAYGROUND	FOX PLAYGROUND BRONX	6
PARK/PLAYGROUND	FOX PLAYGROUND BROOKLYN	7
PARK/PLAYGROUND	FRANCIS LEWIS PARK	2
PARK/PLAYGROUND	FRANK D. O'CONNOR PLAYGROUND	6
PARK/PLAYGROUND	FRANK GOLDEN PARK	1
PARK/PLAYGROUND	FRANK PRINCIPE PARK	2
PARK/PLAYGROUND	FRANKLIN D. ROOSEVELT BOARDWALK AND BEACH	5
PARK/PLAYGROUND	FRANZ SIGEL PARK	54
PARK/PLAYGROUND	FRED SAMUEL PLAYGROUND	7
PARK/PLAYGROUND	FREDERICK B. JUDGE PLAYGROUND	1
PARK/PLAYGROUND	FREDERICK DOUGLASS PLAYGROUND	17
PARK/PLAYGROUND	FREDERICK JOHNSON PLAYGROUND	1
PARK/PLAYGROUND	FRESH MEADOWS PLAYGROUND	1
PARK/PLAYGROUND	FRIENDS FIELD	10
PARK/PLAYGROUND	FRONTERA PARK	3
PARK/PLAYGROUND	FULTON PARK	14
PARK/PLAYGROUND	GALAPO PLAYGROUND	2
PARK/PLAYGROUND	GALILEO PLAYGROUND	2
PARK/PLAYGROUND	GARDEN PLAYGROUND	2
PARK/PLAYGROUND	GARIBALDI PLAYGROUND	1
PARK/PLAYGROUND	GEORGE WALKER JR. PARK	1
PARK/PLAYGROUND	GIVANS CREEK WOODS	1
PARK/PLAYGROUND	GOBLE PLAYGROUND	5
PARK/PLAYGROUND	GORMAN PARK	5
PARK/PLAYGROUND	GORMAN PLAYGROUND	5
PARK/PLAYGROUND	GOUVERNEUR PLAYGROUND	3
PARK/PLAYGROUND	GRACE PLAYGROUND	5
PARK/PLAYGROUND	GRADY PLAYGROUND	3
PARK/PLAYGROUND	GRAND ARMY PLAZA BROOKLYN	2
PARK/PLAYGROUND	GRAND CENTRAL PARKWAY	2
PARK/PLAYGROUND	GRAND FERRY PARK	1
PARK/PLAYGROUND	GRAND PLAYGROUND	1
PARK/PLAYGROUND	GRANT PARK	14
PARK/PLAYGROUND	GRAVESEND PARK	8
PARK/PLAYGROUND	GREAT KILLS PARK	5
PARK/PLAYGROUND	GREELEY SQUARE PARK	5
PARK/PLAYGROUND	GREENPOINT PLAYGROUND	1
PARK/PLAYGROUND	GROVE HILL PLAYGROUND	2
PARK/PLAYGROUND	GROVER CLEVELAND PLAYGROUND	3
PARK/PLAYGROUND	GUN HILL PLAYGROUND	2
PARK/PLAYGROUND	HAFFEN PARK	6
PARK/PLAYGROUND	HAGGERTY PARK	3
PARK/PLAYGROUND	HALF-NELSON PLAYGROUND	4
PARK/PLAYGROUND	HAMILTON FISH PARK	7
PARK/PLAYGROUND	HAMILTON METZ FIELD	9
PARK/PLAYGROUND	HANCOCK T AND T	1
PARK/PLAYGROUND	HANSBOROUGH RECREATION CENTER	1
PARK/PLAYGROUND	HAPPY WARRIOR PLAYGROUND	5
PARK/PLAYGROUND	HARDING PARK	3
PARK/PLAYGROUND	HARLEM ART PARK	9
PARK/PLAYGROUND	HARLEM RIVER PARK	67
PARK/PLAYGROUND	HAROLD SCHNEIDERMAN PLAYGROUND	1
PARK/PLAYGROUND	HARRIS PARK	6
PARK/PLAYGROUND	HART PLAYGROUND ON 147 ST	1
PARK/PLAYGROUND	HART PLAYGROUND ON BROADWAY	3
PARK/PLAYGROUND	HARVARD PLAYGROUND	2
PARK/PLAYGROUND	HARVEY PARK	1
PARK/PLAYGROUND	HATTIE CARTHAN PLAYGROUND	1
PARK/PLAYGROUND	HAVEMEYER PLAYGROUND	1
PARK/PLAYGROUND	HAVEN AVENUE	3
PARK/PLAYGROUND	HELL'S KITCHEN PARK	5
PARK/PLAYGROUND	HENRY HUDSON PARK	2
PARK/PLAYGROUND	HERALD SQUARE	7
PARK/PLAYGROUND	HERBERT VON KING PARK	22
PARK/PLAYGROUND	HIGH ROCK PARK	1
PARK/PLAYGROUND	HIGHBRIDGE PARK BRONX SIDE	4
PARK/PLAYGROUND	HIGHBRIDGE PARK MANHATTAN SIDE	55
PARK/PLAYGROUND	HIGHLAND PARK	31
PARK/PLAYGROUND	HINES PARK	3
PARK/PLAYGROUND	HINTON PARK	3
PARK/PLAYGROUND	HOFFMAN PARK	15
PARK/PLAYGROUND	HOLCOMBE RUCKER PARK	4
PARK/PLAYGROUND	HOLLIS PLAYGROUND	2
PARK/PLAYGROUND	HOMECREST PLAYGROUND	7
PARK/PLAYGROUND	HOOVER - MANTON PLAYGROUNDS	1
PARK/PLAYGROUND	HOPE BALLFIELD	1
PARK/PLAYGROUND	HORSESHOE PLAYGROUND	3
PARK/PLAYGROUND	HOUSTON PLAYGROUND	3
PARK/PLAYGROUND	HOWARD BENNETT PLAYGROUND	2
PARK/PLAYGROUND	HOWARD VON DOHLEN PLAYGROUND	2
PARK/PLAYGROUND	HOYT PLAYGROUND	6
PARK/PLAYGROUND	HUNTER'S POINT SOUTH PARK	4
PARK/PLAYGROUND	HUNTS POINT PLAYGROUND	8
PARK/PLAYGROUND	HUNTS POINT RIVERSIDE PARK	1
PARK/PLAYGROUND	IDLEWILD PARK	4
PARK/PLAYGROUND	IMAGINATION PLAYGROUND	2
PARK/PLAYGROUND	INWOOD HILL PARK	15
PARK/PLAYGROUND	INWOOD PARK	7
PARK/PLAYGROUND	IRVING SQUARE PARK	2
PARK/PLAYGROUND	ISHAM PARK	1
PARK/PLAYGROUND	J. HOOD WRIGHT PARK	9
PARK/PLAYGROUND	J.J. BYRNE PLAYGROUND	4
PARK/PLAYGROUND	JACKIE ROBINSON PARK BROOKLYN	1
PARK/PLAYGROUND	JACKIE ROBINSON PARK MANHATTAN	36
PARK/PLAYGROUND	JACKIE ROBINSON PARKWAY	1
PARK/PLAYGROUND	JACKIE ROBINSON PLAYGROUND	9
PARK/PLAYGROUND	JACKSON SQUARE	1
PARK/PLAYGROUND	JACOB H. SCHIFF PLAYGROUND	12
PARK/PLAYGROUND	JACOB JOFFE FIELDS	9
PARK/PLAYGROUND	JAIME CAMPIZ PLAYGROUND	1
PARK/PLAYGROUND	JAMAICA PLAYGROUND	8
PARK/PLAYGROUND	JAMES J WALKER PARK	4
PARK/PLAYGROUND	JAMES WELDON JOHNSON PLAYGROUND	1
PARK/PLAYGROUND	JEROME PARK	2
PARK/PLAYGROUND	JEROME PLAYGROUND	1
PARK/PLAYGROUND	JEROME PLAYGROUND SOUTH	1
PARK/PLAYGROUND	JESSE OWENS PLAYGROUND	1
PARK/PLAYGROUND	JOHN HANCOCK PLAYGROUND	2
PARK/PLAYGROUND	JOHN J CARTY PARK	4
PARK/PLAYGROUND	JOHN JAY PARK	5
PARK/PLAYGROUND	JOHN VINCENT DANIELS JR. SQUARE	1
PARK/PLAYGROUND	JOSEPH AUSTIN PLAYGROUND	2
PARK/PLAYGROUND	JOSEPH RODMAN DRAKE PARK	1
PARK/PLAYGROUND	JOYCE KILMER PARK	26
PARK/PLAYGROUND	JUDGE MOSES WEINSTEIN PLAYGROUND	1
PARK/PLAYGROUND	JULIO CARBALLO FIELDS	1
PARK/PLAYGROUND	JUNCTION PLAYGROUND	5
PARK/PLAYGROUND	JUNIPER VALLEY PARK	13
PARK/PLAYGROUND	KAISER PARK	7
PARK/PLAYGROUND	KELLY PARK	13
PARK/PLAYGROUND	KELTCH PARK	1
PARK/PLAYGROUND	KISSENA CORRIDOR PARK	5
PARK/PLAYGROUND	KISSENA PARK	13
PARK/PLAYGROUND	KOLBERT PLAYGROUND	5
PARK/PLAYGROUND	KOREAN WAR VETERANS PLAZA	1
PARK/PLAYGROUND	KOSCIUSZKO POOL	2
PARK/PLAYGROUND	L/CPL THOMAS P. NOONAN JR. PLAYGROUND	1
PARK/PLAYGROUND	LA GUARDIA PLAYGROUND	1
PARK/PLAYGROUND	LAFAYETTE PLAYGROUND ON LAFAYETTE AVENUE	1
PARK/PLAYGROUND	LAGUARDIA LANDING LIGHTS	1
PARK/PLAYGROUND	LAURELTON PLAYGROUND	2
PARK/PLAYGROUND	LAWRENCE VIRGILIO PLAYGROUND	3
PARK/PLAYGROUND	LEFFERTS PLAYGROUND	1
PARK/PLAYGROUND	LEIF ERICSON FIELDS	1
PARK/PLAYGROUND	LEIF ERICSON PARK	7
PARK/PLAYGROUND	LEWIS H LATIMER HOUSE	1
PARK/PLAYGROUND	LIEUTENANT JOHN H. MARTINSON PLAYGROUND	1
PARK/PLAYGROUND	LINCOLN RD BLOCK ASSOCIATION	4
PARK/PLAYGROUND	LINCOLN TERRACE / ARTHUR S. SOMERS PARK	38
PARK/PLAYGROUND	LINDEN PARK	13
PARK/PLAYGROUND	LINDOWER PARK	1
PARK/PLAYGROUND	LINDSAY TRIANGLE	9
PARK/PLAYGROUND	LINWOOD PLAYGROUND	1
PARK/PLAYGROUND	LITTLE BAY PARK	2
PARK/PLAYGROUND	LIVONIA PARK	1
PARK/PLAYGROUND	LONDON PLANETREE PLAYGROUND	10
PARK/PLAYGROUND	LONG POND PARK	1
PARK/PLAYGROUND	LOPEZ PLAYGROUND	1
PARK/PLAYGROUND	LORETO PLAYGROUND	4
PARK/PLAYGROUND	LOUIS ARMSTRONG PLAYGROUND	3
PARK/PLAYGROUND	LOUIS PASTEUR PARK	1
PARK/PLAYGROUND	LOZADA PLAYGROUND	2
PARK/PLAYGROUND	LT. JOSEPH PETROSINO PARK	10
PARK/PLAYGROUND	LT. LIA PLAYGROUND	5
PARK/PLAYGROUND	LUNA PARK	12
PARK/PLAYGROUND	LUTHER GULICK PLAYGROUND	2
PARK/PLAYGROUND	LYONS POOL	1
PARK/PLAYGROUND	LYONS SQUARE PLAYGROUND	7
PARK/PLAYGROUND	MACDONALD PARK	1
PARK/PLAYGROUND	MACLAUGHLIN PLAYGROUND	1
PARK/PLAYGROUND	MACNEIL PARK	2
PARK/PLAYGROUND	MACOMBS DAM PARK	114
PARK/PLAYGROUND	MADISON COMMUNITY GREENTHUMB	3
PARK/PLAYGROUND	MADISON SQUARE PARK	11
PARK/PLAYGROUND	MAFERA PARK	6
PARK/PLAYGROUND	MAGENTA PLAYGROUND	2
PARK/PLAYGROUND	MAJOR MARK PARK	3
PARK/PLAYGROUND	MANHATTAN BEACH PARK	5
PARK/PLAYGROUND	MAPLE PLAYGROUND	8
PARK/PLAYGROUND	MARBLE HILL PLAYGROUND	1
PARK/PLAYGROUND	MARC AND JASON'S PLAYGROUND	7
PARK/PLAYGROUND	MARCONI PARK	1
PARK/PLAYGROUND	MARCUS GARVEY PARK	111
PARK/PLAYGROUND	MARCY GREEN SOUTH	1
PARK/PLAYGROUND	MARCY PARK SOUTH	1
PARK/PLAYGROUND	MARCY PLAYGROUND	1
PARK/PLAYGROUND	MARIA HERNANDEZ PARK	39
PARK/PLAYGROUND	MARIE CURIE PARK	1
PARK/PLAYGROUND	MARINE PARK	17
PARK/PLAYGROUND	MARION HOPKINSON PLAYGROUND	2
PARK/PLAYGROUND	MARKHAM PLAYGROUND	1
PARK/PLAYGROUND	MARTIN LUTHER KING JR. PLAYGROUND	6
PARK/PLAYGROUND	MARTIN LUTHER KING PLAYGROUND	1
PARK/PLAYGROUND	MARTIN LUTHER PLAYGROUND	2
PARK/PLAYGROUND	MATTHEWS - PALMER PLAYGROUND	18
PARK/PLAYGROUND	MATTHEWS MULINER PLAYGROUND	4
PARK/PLAYGROUND	MAURICE A FITZGERALD PLAYGROUND	6
PARK/PLAYGROUND	MCCAFFREY PLAYGROUND	8
PARK/PLAYGROUND	MCCARREN PARK	49
PARK/PLAYGROUND	MCDONALD PLAYGROUND BROOKLYN	4
PARK/PLAYGROUND	MCGUIRE FIELDS	2
PARK/PLAYGROUND	MCKINLEY PARK	12
PARK/PLAYGROUND	MCKINLEY PLAYGROUND	1
PARK/PLAYGROUND	MCKINLEY SQUARE	1
PARK/PLAYGROUND	MCLAUGHLIN PARK	5
PARK/PLAYGROUND	MELLETT PLAYGROUND	2
PARK/PLAYGROUND	MERCER PLAYGROUND	5
PARK/PLAYGROUND	MERRIAM PLAYGROUND	28
PARK/PLAYGROUND	MIDDLETON PLAYGROUND	2
PARK/PLAYGROUND	MIDLAND FIELD	1
PARK/PLAYGROUND	MIDLAND PLAYGROUND	2
PARK/PLAYGROUND	MILESTONE PARK	3
PARK/PLAYGROUND	MILL POND PARK	2
PARK/PLAYGROUND	MONSIGNOR KETT PLAYGROUND	4
PARK/PLAYGROUND	MONTBELLIER PARK	2
PARK/PLAYGROUND	MOORE HOMESTEAD PLAYGROUND	22
PARK/PLAYGROUND	MOORE PLAYGROUND	6
PARK/PLAYGROUND	MORNINGSIDE PARK	52
PARK/PLAYGROUND	MORRIS GARDEN	2
PARK/PLAYGROUND	MORRIS MESA	1
PARK/PLAYGROUND	MOSHOLU PARKWAY	15
PARK/PLAYGROUND	MOSHOLU PLAYGROUND	4
PARK/PLAYGROUND	MOTT PLAYGROUND	12
PARK/PLAYGROUND	MOUNT HOPE GARDEN	1
PARK/PLAYGROUND	MOUNT HOPE PLAYGROUND	6
PARK/PLAYGROUND	MOUNT PROSPECT PARK	3
PARK/PLAYGROUND	MSGR. MCGOLRICK PARK	9
PARK/PLAYGROUND	MULLALY PARK	80
PARK/PLAYGROUND	MURPHY'S BROTHER'S PLAYGROUND	1
PARK/PLAYGROUND	MURRAY HILL PLAYGROUND	1
PARK/PLAYGROUND	MURRAY PLAYGROUND	7
PARK/PLAYGROUND	NATHAN STRAUS PLAYGROUND	3
PARK/PLAYGROUND	NEHEMIAH PARK	2
PARK/PLAYGROUND	NELSON PLAYGROUND	6
PARK/PLAYGROUND	NEPTUNE PLAYGROUND	3
PARK/PLAYGROUND	NEW DORP PARK	1
PARK/PLAYGROUND	NEWPORT PLAYGROUND	2
PARK/PLAYGROUND	NEWTOWN PLAYGROUND	1
PARK/PLAYGROUND	NICHOLAS NAQUAN HEYWARD JR. PARK	2
PARK/PLAYGROUND	NOBLE PLAYGROUND	4
PARK/PLAYGROUND	NORTH 5TH STREET PIER AND PARK	2
PARK/PLAYGROUND	NORTH ROCHDALE PLAYGROUND	1
PARK/PLAYGROUND	NORTHERLEIGH PARK	2
PARK/PLAYGROUND	NORTHERN PLAYGROUND	19
PARK/PLAYGROUND	NOSTRAND PLAYGROUND	4
PARK/PLAYGROUND	OAKLAND GARDENS	2
PARK/PLAYGROUND	OCEAN BREEZE PARK	3
PARK/PLAYGROUND	OCEAN HILL PLAYGROUND	2
PARK/PLAYGROUND	OGDEN PLIMPTON PLAYGROUND	3
PARK/PLAYGROUND	OLD TOWN PLAYGROUND	1
PARK/PLAYGROUND	OPEN ROAD PARK	1
PARK/PLAYGROUND	ORACLE PLAYGROUND	3
PARK/PLAYGROUND	OSBORN PLAYGROUND	3
PARK/PLAYGROUND	OWL'S HEAD PARK	15
PARK/PLAYGROUND	P.O. REINALDO SALGADO PLAYGROUND	5
PARK/PLAYGROUND	P.O. SERRANO PLAYGROUND	3
PARK/PLAYGROUND	P.S. 125 PLAYGROUND	1
PARK/PLAYGROUND	P.S. 149 ARTSY BLOOM COMMUNITY GARDEN	1
PARK/PLAYGROUND	P.S. 155 PLAYGROUND	2
PARK/PLAYGROUND	P.S. 279 PLAYGROUND	1
PARK/PLAYGROUND	PAERDEGAT BASIN PARK	1
PARK/PLAYGROUND	PAERDEGAT PARK	6
PARK/PLAYGROUND	PARADE GROUND	34
PARK/PLAYGROUND	PARK OF THE AMERICAS	17
PARK/PLAYGROUND	PARK SLOPE PLAYGROUND	2
PARK/PLAYGROUND	PARKSIDE PLAYGROUND BRONX	1
PARK/PLAYGROUND	PARKSIDE PLAYGROUND BROOKLYN	11
PARK/PLAYGROUND	PATTERSON PLAYGROUND	5
PARK/PLAYGROUND	PAUL RAIMONDA PLAYGROUND	1
PARK/PLAYGROUND	PECK SLIP	1
PARK/PLAYGROUND	PELHAM BAY PARK	28
PARK/PLAYGROUND	PELHAM PARKWAY	4
PARK/PLAYGROUND	PENA HERRERA PARK	1
PARK/PLAYGROUND	PENN SOUTH PLAYGROUND	7
PARK/PLAYGROUND	PEOPLE'S PARK	6
PARK/PLAYGROUND	PERETZ SQUARE	2
PARK/PLAYGROUND	PETER MINUIT PLAYGROUND	1
PARK/PLAYGROUND	PETERS FIELD	1
PARK/PLAYGROUND	PETROSINO SQUARE	1
PARK/PLAYGROUND	PHIL "SCOOTER" RIZZUTO PARK	3
PARK/PLAYGROUND	PINK PLAYGROUND	1
PARK/PLAYGROUND	PLANEVIEW PARK	1
PARK/PLAYGROUND	PLAUT TRIANGLE	1
PARK/PLAYGROUND	PLAYGROUND 103 CIII	1
PARK/PLAYGROUND	PLAYGROUND 174	1
PARK/PLAYGROUND	PLAYGROUND 52 LII	8
PARK/PLAYGROUND	PLAYGROUND NINETY	5
PARK/PLAYGROUND	PLAYGROUND ONE FORTY	1
PARK/PLAYGROUND	PLAYGROUND ONE THIRTY FOUR CXXXIV	2
PARK/PLAYGROUND	PLAYGROUND SEVENTY FIVE	1
PARK/PLAYGROUND	PLAYGROUND TWENTY ONE	1
PARK/PLAYGROUND	PLIMPTON PLAYGROUND	10
PARK/PLAYGROUND	POE PARK	4
PARK/PLAYGROUND	POLICE OFFICER NICHOLAS DEMUTIIS PARK	3
PARK/PLAYGROUND	PONTIAC PLAYGROUND	4
PARK/PLAYGROUND	POOR RICHARD'S PLAYGROUND	5
PARK/PLAYGROUND	POPPENHUSEN PARK	1
PARK/PLAYGROUND	POSEIDON PLAYGROUND	2
PARK/PLAYGROUND	POTOMAC PLAYGROUND	6
PARK/PLAYGROUND	POWELL PLAYGROUND	3
PARK/PLAYGROUND	POWER PLAYGROUND	3
PARK/PLAYGROUND	PRATT PLAYGROUND	1
PARK/PLAYGROUND	PRINTER'S PARK	3
PARK/PLAYGROUND	PROSPECT PARK	74
PARK/PLAYGROUND	PROSPECT PLAYGROUND	1
PARK/PLAYGROUND	PUBLIC PLACE	2
PARK/PLAYGROUND	PUGSLEY CREEK PARK	8
PARK/PLAYGROUND	PULASKI PARK	4
PARK/PLAYGROUND	PULASKI PLAYGROUND	4
PARK/PLAYGROUND	QUARRY BALLFIELDS	11
PARK/PLAYGROUND	QUEENS VILLAGE VETERANS PLAZA	1
PARK/PLAYGROUND	QUEENSBRIDGE PARK	6
PARK/PLAYGROUND	RAINBOW PLAYGROUND	6
PARK/PLAYGROUND	RAINEY PARK BRONX	35
PARK/PLAYGROUND	RAINEY PARK QUEENS	7
PARK/PLAYGROUND	RALPH DEMARCO PARK	1
PARK/PLAYGROUND	RAMON APONTE PARK	7
PARK/PLAYGROUND	RANAQUA PARK	1
PARK/PLAYGROUND	RANDALL'S ISLAND PARK	67
PARK/PLAYGROUND	RAOUL WALLENBERG FOREST	1
PARK/PLAYGROUND	RAVENSWOOD PLAYGROUND	1
PARK/PLAYGROUND	RAYMOND BUSH PLAYGROUND	6
PARK/PLAYGROUND	REAL GOOD PARK	1
PARK/PLAYGROUND	RECREATIONAL AREA	3
PARK/PLAYGROUND	RED HOOK RECREATION AREA	7
PARK/PLAYGROUND	REDFERN PLAYGROUND	2
PARK/PLAYGROUND	REIFF PLAYGROUND	1
PARK/PLAYGROUND	REMSEN PLAYGROUND	2
PARK/PLAYGROUND	RENAISSANCE PLAYGROUND	1
PARK/PLAYGROUND	RICHMAN (ECHO) PARK	19
PARK/PLAYGROUND	RIENZI PLAYGROUND	1
PARK/PLAYGROUND	RIVER AVENUE PARKS	17
PARK/PLAYGROUND	RIVERDALE PLAYGROUND	1
PARK/PLAYGROUND	RIVERSIDE PARK	171
PARK/PLAYGROUND	ROBERT E. VENABLE PARK	8
PARK/PLAYGROUND	ROBERTO CLEMENTE BALLFIELD	1
PARK/PLAYGROUND	ROCHDALE PARK	3
PARK/PLAYGROUND	ROCK GARDEN PARK	2
PARK/PLAYGROUND	ROCKAWAY BEACH AND BOARDWALK	40
PARK/PLAYGROUND	ROCKAWAY COMMUNITY PARK	1
PARK/PLAYGROUND	ROCKAWAY FREEWAY	1
PARK/PLAYGROUND	RODNEY PARK CENTER	1
PARK/PLAYGROUND	RODNEY PARK NORTH	2
PARK/PLAYGROUND	RODNEY PARK SOUTH	1
PARK/PLAYGROUND	RODNEY PLAYGROUND NORTH	2
PARK/PLAYGROUND	RODNEY PLAYGROUND SOUTH	1
PARK/PLAYGROUND	ROEBLING PLAYGROUND	4
PARK/PLAYGROUND	RORY STAUNTON FIELD	1
PARK/PLAYGROUND	ROSE HILL PARK	1
PARK/PLAYGROUND	ROSEMARY'S PLAYGROUND	7
PARK/PLAYGROUND	ROY WILKINS RECREATION CENTER	19
PARK/PLAYGROUND	RUFUS KING PARK	37
PARK/PLAYGROUND	RUSSELL PEDERSEN PLAYGROUND	4
PARK/PLAYGROUND	SAMUEL SEABURY PLAYGROUND	3
PARK/PLAYGROUND	SARA D. ROOSEVELT PARK	82
PARK/PLAYGROUND	SARATOGA PARK	7
PARK/PLAYGROUND	SARATOGA SQUARE URBAN RENEWAL AREA, SITE 164	1
PARK/PLAYGROUND	SAW MILL PLAYGROUND	5
PARK/PLAYGROUND	SCHENCK PLAYGROUND	5
PARK/PLAYGROUND	SCHIFF MALL	1
PARK/PLAYGROUND	SEAN'S PLACE	1
PARK/PLAYGROUND	SEASIDE WILDLIFE NATURE PARK	1
PARK/PLAYGROUND	SEDGWICK PLAYGROUND	1
PARK/PLAYGROUND	SETH LOW PLAYGROUND/ BEALIN SQUARE	8
PARK/PLAYGROUND	SETON FALLS PARK	16
PARK/PLAYGROUND	SETON PARK	11
PARK/PLAYGROUND	SEWARD PARK	9
PARK/PLAYGROUND	SHEEPSHEAD PLAYGROUND	2
PARK/PLAYGROUND	SHELTERING ARMS PLAYGROUND	3
PARK/PLAYGROUND	SHERIDAN SQUARE VIEWING GARDEN	1
PARK/PLAYGROUND	SHERMAN CREEK	5
PARK/PLAYGROUND	SHORE PARK AND PARKWAY	17
PARK/PLAYGROUND	SILVER LAKE PARK	1
PARK/PLAYGROUND	SIMEONE PARK	5
PARK/PLAYGROUND	SIREN SLOPE	1
PARK/PLAYGROUND	SIXTEEN SYCAMORES PLAYGROUND	2
PARK/PLAYGROUND	SLATTERY PLAYGROUND	12
PARK/PLAYGROUND	SLOPE PARK	1
PARK/PLAYGROUND	SOCRATES SCULPTURE PARK	2
PARK/PLAYGROUND	SOL BLOOM PLAYGROUND	3
PARK/PLAYGROUND	SOUNDVIEW PARK	23
PARK/PLAYGROUND	SOUTH BEACH WETLANDS	1
PARK/PLAYGROUND	SOUTH PACIFIC PLAYGROUND	3
PARK/PLAYGROUND	SOUTH ROCHDALE PLAYGROUND	2
PARK/PLAYGROUND	SPACE TIME PLAYGROUND	5
PARK/PLAYGROUND	SPERANDEO BROTHERS PLAYGROUND	3
PARK/PLAYGROUND	SPIRIT PLAYGROUND	1
PARK/PLAYGROUND	SPRINGFIELD PARK	10
PARK/PLAYGROUND	SPUYTEN DUYVIL PLAYGROUND	1
PARK/PLAYGROUND	ST. ALBANS PARK	3
PARK/PLAYGROUND	ST. ANDREW'S PLAYGROUND	8
PARK/PLAYGROUND	ST. CATHERINE'S PARK	2
PARK/PLAYGROUND	ST. GREGORY'S PLAYGROUND	1
PARK/PLAYGROUND	ST. JAMES PARK	55
PARK/PLAYGROUND	ST. JOHN'S RECREATION CENTER	21
PARK/PLAYGROUND	ST. LAWRENCE TRIANGLE	2
PARK/PLAYGROUND	ST. MARY'S PARK BRONX	136
PARK/PLAYGROUND	ST. MICHAEL'S PARK	13
PARK/PLAYGROUND	ST. MICHAEL'S PLAYGROUND	7
PARK/PLAYGROUND	ST. NICHOLAS MIRACLE GARDEN	1
PARK/PLAYGROUND	ST. NICHOLAS PARK	81
PARK/PLAYGROUND	ST. NICHOLAS PLAYGROUND NORTH	4
PARK/PLAYGROUND	ST. NICHOLAS PLAYGROUND SOUTH	2
PARK/PLAYGROUND	ST. VARTAN PARK	1
PARK/PLAYGROUND	STANLEY ISAACS PLAYGROUND	2
PARK/PLAYGROUND	STAPLETON PLAYGROUND	3
PARK/PLAYGROUND	STAR SPANGLED PLAYGROUND	1
PARK/PLAYGROUND	STARLIGHT PARK	10
PARK/PLAYGROUND	STARR PLAYGROUND	1
PARK/PLAYGROUND	STARS & STRIPES PLAYGROUND	1
PARK/PLAYGROUND	STEBBINS PLAYGROUND	1
PARK/PLAYGROUND	STEEPLECHASE PARK	1
PARK/PLAYGROUND	STEINWAY PLAYGROUND	2
PARK/PLAYGROUND	STERNBERG PARK	7
PARK/PLAYGROUND	STOCKTON PLAYGROUND	1
PARK/PLAYGROUND	STORY PLAYGROUND	1
PARK/PLAYGROUND	STRAUS PARK	1
PARK/PLAYGROUND	STRIPPOLI SQUARE	1
PARK/PLAYGROUND	STROUD PLAYGROUND	3
PARK/PLAYGROUND	STUYVESANT SQUARE	14
PARK/PLAYGROUND	SUNRISE PLAYGROUND	1
PARK/PLAYGROUND	SUNSET PARK	50
PARK/PLAYGROUND	SUNSHINE PLAYGROUND	1
PARK/PLAYGROUND	SURF PLAYGROUND	1
PARK/PLAYGROUND	TAAFFE PLAYGROUND	1
PARK/PLAYGROUND	TANAHEY PLAYGROUND	2
PARK/PLAYGROUND	TAPPEN PARK	5
PARK/PLAYGROUND	TAYLOR PLAYGROUND	1
PARK/PLAYGROUND	TEN EYCK PLAYGROUND	4
PARK/PLAYGROUND	TEN EYCK PLAZA	2
PARK/PLAYGROUND	THE HIGH LINE	6
PARK/PLAYGROUND	THE OLDE TOWNE OF FLUSHING BURIAL GROUND	1
PARK/PLAYGROUND	THE PAINTER'S PLAYGROUND	1
PARK/PLAYGROUND	THE PEARLY GATES	4
PARK/PLAYGROUND	THOMAS GREENE PLAYGROUND	3
PARK/PLAYGROUND	THOMAS JEFFERSON PARK	39
PARK/PLAYGROUND	THOMAS PAINE PARK	1
PARK/PLAYGROUND	TIFFANY PLAYGROUND	3
PARK/PLAYGROUND	TILDEN PLAYGROUND	4
PARK/PLAYGROUND	TOMPKINS SQUARE PARK	66
PARK/PLAYGROUND	TOMPKINSVILLE PARK	2
PARK/PLAYGROUND	TONY DAPOLITO RECREATION CENTER	1
PARK/PLAYGROUND	TORSNEY PLAYGROUND	4
PARK/PLAYGROUND	TOTTENVILLE POOL	1
PARK/PLAYGROUND	TRAVERS PARK	21
PARK/PLAYGROUND	TREMONT PARK	48
PARK/PLAYGROUND	TRIANGLE AT E175TH STREET	1
PARK/PLAYGROUND	TRIBECA PARK	1
PARK/PLAYGROUND	TRINITY PARK	1
PARK/PLAYGROUND	TUDOR PARK	2
PARK/PLAYGROUND	TWO COVES COMMUNITY GARDEN	1
PARK/PLAYGROUND	UNDERHILL PLAYGROUND	3
PARK/PLAYGROUND	UNION SQUARE PARK	80
PARK/PLAYGROUND	UNIVERSITY MALLS	1
PARK/PLAYGROUND	UNIVERSITY WOODS	4
PARK/PLAYGROUND	UNNAMED PARK ON 3RD AVENUE	1
PARK/PLAYGROUND	UNNAMED PARK ON 43RD AVENUE	1
PARK/PLAYGROUND	UNNAMED PARK ON 4TH AVENUE	1
PARK/PLAYGROUND	UNNAMED PARK ON 51ST ROAD	1
PARK/PLAYGROUND	UNNAMED PARK ON BEACH CHANNEL DRIVE & BEACH 89TH TO OLD BEACH 88TH STREET	2
PARK/PLAYGROUND	UNNAMED PARK ON BELT PARKWAY	2
PARK/PLAYGROUND	UNNAMED PARK ON BERRIMAN STREET	1
PARK/PLAYGROUND	UNNAMED PARK ON BRUCKNER EXPRESSWAY & ZEREGA AVENUE	1
PARK/PLAYGROUND	UNNAMED PARK ON BRUCKNER EXPRESSWAY WEST OF MORRISON AVENUE	3
PARK/PLAYGROUND	UNNAMED PARK ON CROSS BRONX EXPRESSWAY & ANTHONY AVENUE	1
PARK/PLAYGROUND	UNNAMED PARK ON CROSS BRONX EXPRESSWAY & ARTHUR AVENUE TO BELMONT AVENUE	2
PARK/PLAYGROUND	UNNAMED PARK ON CROSS BRONX EXPRESSWAY & FEATHERBED LANE	1
PARK/PLAYGROUND	UNNAMED PARK ON CROSS BRONX EXPRESSWAY SERVICE RD & ROSEDALE AVENUE	1
PARK/PLAYGROUND	UNNAMED PARK ON E 102ND STREET	3
PARK/PLAYGROUND	UNNAMED PARK ON E 120TH STREET	1
PARK/PLAYGROUND	UNNAMED PARK ON E 122ND STREET	1
PARK/PLAYGROUND	UNNAMED PARK ON E 170TH STREET	1
PARK/PLAYGROUND	UNNAMED PARK ON E 175TH STREET	1
PARK/PLAYGROUND	UNNAMED PARK ON E 177TH STREET	2
PARK/PLAYGROUND	UNNAMED PARK ON FETHERBED LANE	1
PARK/PLAYGROUND	UNNAMED PARK ON GOWANUS EXPRESSWAY 63RD STREET TO 86TH STREET	1
PARK/PLAYGROUND	UNNAMED PARK ON GRAND AVENUE	2
PARK/PLAYGROUND	UNNAMED PARK ON HICKS STREET	1
PARK/PLAYGROUND	UNNAMED PARK ON JAY STREET	1
PARK/PLAYGROUND	UNNAMED PARK ON NELSON AVENUE	1
PARK/PLAYGROUND	UNNAMED PARK ON PROSPECT EXPRESSWAY BETWEEN 3RD AVENUE & 7TH AVENUE	1
PARK/PLAYGROUND	UNNAMED PARK ON RIVERSIDE DRIVE	14
PARK/PLAYGROUND	UNNAMED PARK ON SOUNDVIEW AVENUE	1
PARK/PLAYGROUND	UNNAMED PARK ON SUMMIT AVENUE	3
PARK/PLAYGROUND	UNNAMED PARK ON THE SOUTHSIDE OF E 175TH STREET	1
PARK/PLAYGROUND	UNNAMED PARK ON VAN WYCK EXPRESSWAY	1
PARK/PLAYGROUND	UNNAMED PARK ON WEST MOUNT EDEN AVENUE	1
PARK/PLAYGROUND	VAN ALST PLAYGROUND	3
PARK/PLAYGROUND	VAN CORTLANDT PARK	95
PARK/PLAYGROUND	VAN CORTLANDT'S TAIL	1
PARK/PLAYGROUND	VAN DYKE PLAYGROUND	1
PARK/PLAYGROUND	VERDI SQUARE	3
PARK/PLAYGROUND	VESUVIO PLAYGROUND	2
PARK/PLAYGROUND	VETERANS PARK QUEENS	1
PARK/PLAYGROUND	VETERANS PARK STATEN ISLAND	2
PARK/PLAYGROUND	VIDALIA PARK	4
PARK/PLAYGROUND	VINMONT VETERAN PARK	1
PARK/PLAYGROUND	VLADECK PARK	1
PARK/PLAYGROUND	VLEIGH PLAYGROUND	2
PARK/PLAYGROUND	VON BRIESEN PARK	1
PARK/PLAYGROUND	WAGNER HOUSES POOL	1
PARK/PLAYGROUND	WAGNER PLAYGROUND	1
PARK/PLAYGROUND	WAKEFIELD PLAYGROUND	1
PARK/PLAYGROUND	WALTER WARD PLAYGROUND	1
PARK/PLAYGROUND	WALTON PARK	2
PARK/PLAYGROUND	WARDS ISLAND PARK	3
PARK/PLAYGROUND	WASHINGTON HALL PARK	3
PARK/PLAYGROUND	WASHINGTON MARKET PARK	1
PARK/PLAYGROUND	WASHINGTON PARK BRONX	1
PARK/PLAYGROUND	WASHINGTON PARK BROOKLYN	2
PARK/PLAYGROUND	WASHINGTON SQUARE PARK	90
PARK/PLAYGROUND	WASHINGTON'S WALK	11
PARK/PLAYGROUND	WATSON GLEASON PLAYGROUND	18
PARK/PLAYGROUND	WEBSTER PLAYGROUND	2
PARK/PLAYGROUND	WEST 4TH STREET COURTS	1
PARK/PLAYGROUND	WEST PLAYGROUND	5
PARK/PLAYGROUND	WESTERLEIGH PARK	1
PARK/PLAYGROUND	WHALEN PARK	3
PARK/PLAYGROUND	WHITE PLAYGROUND MANHATTAN	2
PARK/PLAYGROUND	WILLIAMSBRIDGE OVAL	57
PARK/PLAYGROUND	WILLIS PLAYGROUND	12
PARK/PLAYGROUND	WILLOWBROOK PARK	2
PARK/PLAYGROUND	WILSON PLAYGROUND	1
PARK/PLAYGROUND	WINGATE PARK	17
PARK/PLAYGROUND	WNYC TRANSMITTER PARK	3
PARK/PLAYGROUND	WOOD PARK	1
PARK/PLAYGROUND	YAK PLAYGROUND	1
PARK/PLAYGROUND	YELLOWSTONE PARK	1
PARK/PLAYGROUND	ZIMMERMAN PLAYGROUND	7
PARK/PLAYGROUND	ZION TRIANGLE	2
